

【日志时间】：2020-08-08 18:41:43,696  【线程ID】：11    
【日志级别】：WARN   
【日志对象】：Microsoft.AspNetCore.HttpsPolicy.HttpsRedirectionMiddleware  
【日志内容】：Failed to determine the https port for redirect. 


【日志时间】：2020-08-08 18:44:25,221  【线程ID】：13    
【日志级别】：ERROR  
【日志对象】：Microsoft.AspNetCore.Diagnostics.DeveloperExceptionPageMiddleware  
【日志内容】：An unhandled exception has occurred while executing the request. 
Microsoft.AspNetCore.Routing.Matching.AmbiguousMatchException: The request matched multiple endpoints. Matches: 

LinXi_ERPApi.Controllers.ProductionManagementController.GetPPS (LinXi_ERPApi)
LinXi_ERPApi.Controllers.ProductionManagementController.GetPPs (LinXi_ERPApi)
   at Microsoft.AspNetCore.Routing.Matching.DefaultEndpointSelector.ReportAmbiguity(CandidateState[] candidateState)
   at Microsoft.AspNetCore.Routing.Matching.DefaultEndpointSelector.ProcessFinalCandidates(HttpContext httpContext, CandidateState[] candidateState)
   at Microsoft.AspNetCore.Routing.Matching.DefaultEndpointSelector.Select(HttpContext httpContext, CandidateState[] candidateState)
   at Microsoft.AspNetCore.Routing.Matching.DfaMatcher.MatchAsync(HttpContext httpContext)
   at Microsoft.AspNetCore.Routing.Matching.DataSourceDependentMatcher.MatchAsync(HttpContext httpContext)
   at Microsoft.AspNetCore.Routing.EndpointRoutingMiddleware.Invoke(HttpContext httpContext)
   at Microsoft.AspNetCore.Session.SessionMiddleware.Invoke(HttpContext context)
   at Microsoft.AspNetCore.Session.SessionMiddleware.Invoke(HttpContext context)
   at Swashbuckle.AspNetCore.SwaggerUI.SwaggerUIMiddleware.Invoke(HttpContext httpContext)
   at Swashbuckle.AspNetCore.Swagger.SwaggerMiddleware.Invoke(HttpContext httpContext, ISwaggerProvider swaggerProvider)
   at Microsoft.AspNetCore.Diagnostics.DeveloperExceptionPageMiddleware.Invoke(HttpContext context)


【日志时间】：2020-08-08 18:46:36,697  【线程ID】：18    
【日志级别】：ERROR  
【日志对象】：Microsoft.AspNetCore.Diagnostics.DeveloperExceptionPageMiddleware  
【日志内容】：An unhandled exception has occurred while executing the request. 
Microsoft.AspNetCore.Routing.Matching.AmbiguousMatchException: The request matched multiple endpoints. Matches: 

LinXi_ERPApi.Controllers.ProductionManagementController.GetPPS (LinXi_ERPApi)
LinXi_ERPApi.Controllers.ProductionManagementController.GetPPs (LinXi_ERPApi)
   at Microsoft.AspNetCore.Routing.Matching.DefaultEndpointSelector.ReportAmbiguity(CandidateState[] candidateState)
   at Microsoft.AspNetCore.Routing.Matching.DefaultEndpointSelector.ProcessFinalCandidates(HttpContext httpContext, CandidateState[] candidateState)
   at Microsoft.AspNetCore.Routing.Matching.DefaultEndpointSelector.Select(HttpContext httpContext, CandidateState[] candidateState)
   at Microsoft.AspNetCore.Routing.Matching.DfaMatcher.MatchAsync(HttpContext httpContext)
   at Microsoft.AspNetCore.Routing.Matching.DataSourceDependentMatcher.MatchAsync(HttpContext httpContext)
   at Microsoft.AspNetCore.Routing.EndpointRoutingMiddleware.Invoke(HttpContext httpContext)
   at Microsoft.AspNetCore.Session.SessionMiddleware.Invoke(HttpContext context)
   at Microsoft.AspNetCore.Session.SessionMiddleware.Invoke(HttpContext context)
   at Swashbuckle.AspNetCore.SwaggerUI.SwaggerUIMiddleware.Invoke(HttpContext httpContext)
   at Swashbuckle.AspNetCore.Swagger.SwaggerMiddleware.Invoke(HttpContext httpContext, ISwaggerProvider swaggerProvider)
   at Microsoft.AspNetCore.Diagnostics.DeveloperExceptionPageMiddleware.Invoke(HttpContext context)


【日志时间】：2020-08-08 18:47:46,098  【线程ID】：10    
【日志级别】：INFO   
【日志对象】：IdentityServer4.AccessTokenValidation.IdentityServerAuthenticationHandler  
【日志内容】：AuthenticationScheme: Bearer was challenged. 


【日志时间】：2020-08-08 18:47:48,896  【线程ID】：10    
【日志级别】：INFO   
【日志对象】：IdentityServer4.AccessTokenValidation.IdentityServerAuthenticationHandler  
【日志内容】：AuthenticationScheme: Bearer was challenged. 


【日志时间】：2020-08-08 18:53:12,598  【线程ID】：8    
【日志级别】：WARN   
【日志对象】：Microsoft.AspNetCore.HttpsPolicy.HttpsRedirectionMiddleware  
【日志内容】：Failed to determine the https port for redirect. 


【日志时间】：2020-08-08 19:04:54,389  【线程ID】：10    
【日志级别】：WARN   
【日志对象】：Microsoft.AspNetCore.HttpsPolicy.HttpsRedirectionMiddleware  
【日志内容】：Failed to determine the https port for redirect. 


【日志时间】：2020-08-08 19:05:48,868  【线程ID】：5    
【日志级别】：ERROR  
【日志对象】：IdentityServer4.AccessTokenValidation.IdentityServerAuthenticationHandler  
【日志内容】：You must either set Authority or IntrospectionEndpoint 
System.InvalidOperationException: You must either set Authority or IntrospectionEndpoint
   at IdentityModel.AspNetCore.OAuth2Introspection.OAuth2IntrospectionOptions.Validate()
   at IdentityModel.AspNetCore.OAuth2Introspection.PostConfigureOAuth2IntrospectionOptions.PostConfigure(String name, OAuth2IntrospectionOptions options)
   at Microsoft.Extensions.Options.OptionsFactory`1.Create(String name)
   at Microsoft.Extensions.Options.OptionsMonitor`1.<>c__DisplayClass11_0.<Get>b__0()
   at System.Lazy`1.ViaFactory(LazyThreadSafetyMode mode)
   at System.Lazy`1.ExecutionAndPublication(LazyHelper executionAndPublication, Boolean useDefaultConstructor)
   at System.Lazy`1.CreateValue()
   at System.Lazy`1.get_Value()
   at Microsoft.Extensions.Options.OptionsCache`1.GetOrAdd(String name, Func`1 createOptions)
   at Microsoft.Extensions.Options.OptionsMonitor`1.Get(String name)
   at Microsoft.AspNetCore.Authentication.AuthenticationHandler`1.InitializeAsync(AuthenticationScheme scheme, HttpContext context)
   at Microsoft.AspNetCore.Authentication.AuthenticationHandlerProvider.GetHandlerAsync(HttpContext context, String authenticationScheme)
   at Microsoft.AspNetCore.Authentication.AuthenticationService.AuthenticateAsync(HttpContext context, String scheme)
   at IdentityServer4.AccessTokenValidation.IdentityServerAuthenticationHandler.HandleAuthenticateAsync()


【日志时间】：2020-08-08 19:05:48,876  【线程ID】：5    
【日志级别】：INFO   
【日志对象】：IdentityServer4.AccessTokenValidation.IdentityServerAuthenticationHandler  
【日志内容】：Bearer was not authenticated. Failure message: You must either set Authority or IntrospectionEndpoint 


【日志时间】：2020-08-08 19:05:49,556  【线程ID】：5    
【日志级别】：INFO   
【日志对象】：System.Net.Http.HttpClient.Default.LogicalHandler  
【日志内容】：Start processing HTTP request POST http://localhost:56568/connect/token 


【日志时间】：2020-08-08 19:05:49,559  【线程ID】：5    
【日志级别】：INFO   
【日志对象】：System.Net.Http.HttpClient.Default.ClientHandler  
【日志内容】：Sending HTTP request POST http://localhost:56568/connect/token 


【日志时间】：2020-08-08 19:05:52,426  【线程ID】：18    
【日志级别】：INFO   
【日志对象】：System.Net.Http.HttpClient.Default.ClientHandler  
【日志内容】：Received HTTP response after 2864.1766ms - OK 


【日志时间】：2020-08-08 19:05:52,429  【线程ID】：18    
【日志级别】：INFO   
【日志对象】：System.Net.Http.HttpClient.Default.LogicalHandler  
【日志内容】：End processing HTTP request after 2875.8227ms - OK 


【日志时间】：2020-08-08 19:55:42,003  【线程ID】：7    
【日志级别】：WARN   
【日志对象】：Microsoft.AspNetCore.HttpsPolicy.HttpsRedirectionMiddleware  
【日志内容】：Failed to determine the https port for redirect. 


【日志时间】：2020-08-08 19:56:11,952  【线程ID】：18    
【日志级别】：ERROR  
【日志对象】：IdentityServer4.AccessTokenValidation.IdentityServerAuthenticationHandler  
【日志内容】：You must either set Authority or IntrospectionEndpoint 
System.InvalidOperationException: You must either set Authority or IntrospectionEndpoint
   at IdentityModel.AspNetCore.OAuth2Introspection.OAuth2IntrospectionOptions.Validate()
   at IdentityModel.AspNetCore.OAuth2Introspection.PostConfigureOAuth2IntrospectionOptions.PostConfigure(String name, OAuth2IntrospectionOptions options)
   at Microsoft.Extensions.Options.OptionsFactory`1.Create(String name)
   at Microsoft.Extensions.Options.OptionsMonitor`1.<>c__DisplayClass11_0.<Get>b__0()
   at System.Lazy`1.ViaFactory(LazyThreadSafetyMode mode)
   at System.Lazy`1.ExecutionAndPublication(LazyHelper executionAndPublication, Boolean useDefaultConstructor)
   at System.Lazy`1.CreateValue()
   at System.Lazy`1.get_Value()
   at Microsoft.Extensions.Options.OptionsCache`1.GetOrAdd(String name, Func`1 createOptions)
   at Microsoft.Extensions.Options.OptionsMonitor`1.Get(String name)
   at Microsoft.AspNetCore.Authentication.AuthenticationHandler`1.InitializeAsync(AuthenticationScheme scheme, HttpContext context)
   at Microsoft.AspNetCore.Authentication.AuthenticationHandlerProvider.GetHandlerAsync(HttpContext context, String authenticationScheme)
   at Microsoft.AspNetCore.Authentication.AuthenticationService.AuthenticateAsync(HttpContext context, String scheme)
   at IdentityServer4.AccessTokenValidation.IdentityServerAuthenticationHandler.HandleAuthenticateAsync()


【日志时间】：2020-08-08 19:56:11,959  【线程ID】：18    
【日志级别】：INFO   
【日志对象】：IdentityServer4.AccessTokenValidation.IdentityServerAuthenticationHandler  
【日志内容】：Bearer was not authenticated. Failure message: You must either set Authority or IntrospectionEndpoint 


【日志时间】：2020-08-08 19:56:12,328  【线程ID】：18    
【日志级别】：INFO   
【日志对象】：System.Net.Http.HttpClient.Default.LogicalHandler  
【日志内容】：Start processing HTTP request POST http://localhost:56568/connect/token 


【日志时间】：2020-08-08 19:56:12,331  【线程ID】：18    
【日志级别】：INFO   
【日志对象】：System.Net.Http.HttpClient.Default.ClientHandler  
【日志内容】：Sending HTTP request POST http://localhost:56568/connect/token 


【日志时间】：2020-08-08 19:56:14,527  【线程ID】：5    
【日志级别】：INFO   
【日志对象】：System.Net.Http.HttpClient.Default.ClientHandler  
【日志内容】：Received HTTP response after 2193.6629ms - OK 


【日志时间】：2020-08-08 19:56:14,530  【线程ID】：5    
【日志级别】：INFO   
【日志对象】：System.Net.Http.HttpClient.Default.LogicalHandler  
【日志内容】：End processing HTTP request after 2205.1065ms - OK 


【日志时间】：2020-08-08 20:29:56,195  【线程ID】：13    
【日志级别】：WARN   
【日志对象】：Microsoft.AspNetCore.HttpsPolicy.HttpsRedirectionMiddleware  
【日志内容】：Failed to determine the https port for redirect. 


【日志时间】：2020-08-08 20:30:06,957  【线程ID】：13    
【日志级别】：ERROR  
【日志对象】：IdentityServer4.AccessTokenValidation.IdentityServerAuthenticationHandler  
【日志内容】：You must either set Authority or IntrospectionEndpoint 
System.InvalidOperationException: You must either set Authority or IntrospectionEndpoint
   at IdentityModel.AspNetCore.OAuth2Introspection.OAuth2IntrospectionOptions.Validate()
   at IdentityModel.AspNetCore.OAuth2Introspection.PostConfigureOAuth2IntrospectionOptions.PostConfigure(String name, OAuth2IntrospectionOptions options)
   at Microsoft.Extensions.Options.OptionsFactory`1.Create(String name)
   at Microsoft.Extensions.Options.OptionsMonitor`1.<>c__DisplayClass11_0.<Get>b__0()
   at System.Lazy`1.ViaFactory(LazyThreadSafetyMode mode)
   at System.Lazy`1.ExecutionAndPublication(LazyHelper executionAndPublication, Boolean useDefaultConstructor)
   at System.Lazy`1.CreateValue()
   at System.Lazy`1.get_Value()
   at Microsoft.Extensions.Options.OptionsCache`1.GetOrAdd(String name, Func`1 createOptions)
   at Microsoft.Extensions.Options.OptionsMonitor`1.Get(String name)
   at Microsoft.AspNetCore.Authentication.AuthenticationHandler`1.InitializeAsync(AuthenticationScheme scheme, HttpContext context)
   at Microsoft.AspNetCore.Authentication.AuthenticationHandlerProvider.GetHandlerAsync(HttpContext context, String authenticationScheme)
   at Microsoft.AspNetCore.Authentication.AuthenticationService.AuthenticateAsync(HttpContext context, String scheme)
   at IdentityServer4.AccessTokenValidation.IdentityServerAuthenticationHandler.HandleAuthenticateAsync()


【日志时间】：2020-08-08 20:30:06,973  【线程ID】：13    
【日志级别】：INFO   
【日志对象】：IdentityServer4.AccessTokenValidation.IdentityServerAuthenticationHandler  
【日志内容】：Bearer was not authenticated. Failure message: You must either set Authority or IntrospectionEndpoint 


【日志时间】：2020-08-08 20:30:07,360  【线程ID】：13    
【日志级别】：INFO   
【日志对象】：System.Net.Http.HttpClient.Default.LogicalHandler  
【日志内容】：Start processing HTTP request POST http://localhost:56568/connect/token 


【日志时间】：2020-08-08 20:30:07,363  【线程ID】：13    
【日志级别】：INFO   
【日志对象】：System.Net.Http.HttpClient.Default.ClientHandler  
【日志内容】：Sending HTTP request POST http://localhost:56568/connect/token 


【日志时间】：2020-08-08 20:30:10,305  【线程ID】：5    
【日志级别】：INFO   
【日志对象】：System.Net.Http.HttpClient.Default.ClientHandler  
【日志内容】：Received HTTP response after 2938.8672ms - OK 


【日志时间】：2020-08-08 20:30:10,308  【线程ID】：5    
【日志级别】：INFO   
【日志对象】：System.Net.Http.HttpClient.Default.LogicalHandler  
【日志内容】：End processing HTTP request after 2950.0154ms - OK 


【日志时间】：2020-08-08 21:00:54,000  【线程ID】：4    
【日志级别】：WARN   
【日志对象】：Microsoft.AspNetCore.HttpsPolicy.HttpsRedirectionMiddleware  
【日志内容】：Failed to determine the https port for redirect. 


【日志时间】：2020-08-08 21:02:40,701  【线程ID】：12    
【日志级别】：WARN   
【日志对象】：Microsoft.AspNetCore.HttpsPolicy.HttpsRedirectionMiddleware  
【日志内容】：Failed to determine the https port for redirect. 


【日志时间】：2020-08-08 21:03:26,845  【线程ID】：4    
【日志级别】：ERROR  
【日志对象】：Microsoft.AspNetCore.Diagnostics.DeveloperExceptionPageMiddleware  
【日志内容】：An unhandled exception has occurred while executing the request. 
System.ArgumentNullException: Value cannot be null. (Parameter 'value')
   at System.String.Contains(String value)
   at LinXi_ERPApi.Controllers.BasicInformationManagementController.<>c__DisplayClass7_0.<GetPPT>b__0(PuSupplier d) in E:\ERP\LinXi_dotnetERP\LinXI_ERPApi\Controllers\BasicInformationManagementController.cs:line 71
   at System.Linq.Enumerable.WhereListIterator`1.ToList()
   at System.Linq.Enumerable.ToList[TSource](IEnumerable`1 source)
   at LinXi_ERPApi.Controllers.BasicInformationManagementController.GetPPT(String name, String linkman) in E:\ERP\LinXi_dotnetERP\LinXI_ERPApi\Controllers\BasicInformationManagementController.cs:line 71
   at lambda_method(Closure , Object )
   at Microsoft.Extensions.Internal.ObjectMethodExecutorAwaitable.Awaiter.GetResult()
   at Microsoft.AspNetCore.Mvc.Infrastructure.ActionMethodExecutor.AwaitableObjectResultExecutor.Execute(IActionResultTypeMapper mapper, ObjectMethodExecutor executor, Object controller, Object[] arguments)
   at Microsoft.AspNetCore.Mvc.Infrastructure.ControllerActionInvoker.<InvokeActionMethodAsync>g__Awaited|12_0(ControllerActionInvoker invoker, ValueTask`1 actionResultValueTask)
   at Microsoft.AspNetCore.Mvc.Infrastructure.ControllerActionInvoker.<InvokeNextActionFilterAsync>g__Awaited|10_0(ControllerActionInvoker invoker, Task lastTask, State next, Scope scope, Object state, Boolean isCompleted)
   at Microsoft.AspNetCore.Mvc.Infrastructure.ControllerActionInvoker.Rethrow(ActionExecutedContextSealed context)
   at Microsoft.AspNetCore.Mvc.Infrastructure.ControllerActionInvoker.Next(State& next, Scope& scope, Object& state, Boolean& isCompleted)
   at Microsoft.AspNetCore.Mvc.Infrastructure.ControllerActionInvoker.<InvokeInnerFilterAsync>g__Awaited|13_0(ControllerActionInvoker invoker, Task lastTask, State next, Scope scope, Object state, Boolean isCompleted)
   at Microsoft.AspNetCore.Mvc.Infrastructure.ResourceInvoker.<InvokeNextResourceFilter>g__Awaited|24_0(ResourceInvoker invoker, Task lastTask, State next, Scope scope, Object state, Boolean isCompleted)
   at Microsoft.AspNetCore.Mvc.Infrastructure.ResourceInvoker.Rethrow(ResourceExecutedContextSealed context)
   at Microsoft.AspNetCore.Mvc.Infrastructure.ResourceInvoker.Next(State& next, Scope& scope, Object& state, Boolean& isCompleted)
   at Microsoft.AspNetCore.Mvc.Infrastructure.ResourceInvoker.<InvokeFilterPipelineAsync>g__Awaited|19_0(ResourceInvoker invoker, Task lastTask, State next, Scope scope, Object state, Boolean isCompleted)
   at Microsoft.AspNetCore.Mvc.Infrastructure.ResourceInvoker.<InvokeAsync>g__Awaited|17_0(ResourceInvoker invoker, Task task, IDisposable scope)
   at Microsoft.AspNetCore.Routing.EndpointMiddleware.<Invoke>g__AwaitRequestTask|6_0(Endpoint endpoint, Task requestTask, ILogger logger)
   at Microsoft.AspNetCore.Authorization.AuthorizationMiddleware.Invoke(HttpContext context)
   at Microsoft.AspNetCore.Authentication.AuthenticationMiddleware.Invoke(HttpContext context)
   at Microsoft.AspNetCore.Session.SessionMiddleware.Invoke(HttpContext context)
   at Microsoft.AspNetCore.Session.SessionMiddleware.Invoke(HttpContext context)
   at Swashbuckle.AspNetCore.SwaggerUI.SwaggerUIMiddleware.Invoke(HttpContext httpContext)
   at Swashbuckle.AspNetCore.Swagger.SwaggerMiddleware.Invoke(HttpContext httpContext, ISwaggerProvider swaggerProvider)
   at Microsoft.AspNetCore.Diagnostics.DeveloperExceptionPageMiddleware.Invoke(HttpContext context)


【日志时间】：2020-08-08 21:04:13,363  【线程ID】：9    
【日志级别】：WARN   
【日志对象】：Microsoft.AspNetCore.HttpsPolicy.HttpsRedirectionMiddleware  
【日志内容】：Failed to determine the https port for redirect. 


【日志时间】：2020-08-08 21:04:24,608  【线程ID】：15    
【日志级别】：INFO   
【日志对象】：IdentityServer4.AccessTokenValidation.IdentityServerAuthenticationHandler  
【日志内容】：AuthenticationScheme: Bearer was challenged. 


【日志时间】：2020-08-08 21:04:58,987  【线程ID】：13    
【日志级别】：ERROR  
【日志对象】：Microsoft.AspNetCore.Diagnostics.DeveloperExceptionPageMiddleware  
【日志内容】：An unhandled exception has occurred while executing the request. 
System.ArgumentNullException: Value cannot be null. (Parameter 'value')
   at System.String.Contains(String value)
   at LinXi_ERPApi.Controllers.BasicInformationManagementController.<>c__DisplayClass7_0.<GetPS>b__0(PuSupplier d) in E:\ERP\LinXi_dotnetERP\LinXI_ERPApi\Controllers\BasicInformationManagementController.cs:line 71
   at System.Linq.Enumerable.WhereListIterator`1.ToList()
   at System.Linq.Enumerable.ToList[TSource](IEnumerable`1 source)
   at LinXi_ERPApi.Controllers.BasicInformationManagementController.GetPS(String name, String linkman) in E:\ERP\LinXi_dotnetERP\LinXI_ERPApi\Controllers\BasicInformationManagementController.cs:line 71
   at lambda_method(Closure , Object )
   at Microsoft.Extensions.Internal.ObjectMethodExecutorAwaitable.Awaiter.GetResult()
   at Microsoft.AspNetCore.Mvc.Infrastructure.ActionMethodExecutor.AwaitableObjectResultExecutor.Execute(IActionResultTypeMapper mapper, ObjectMethodExecutor executor, Object controller, Object[] arguments)
   at Microsoft.AspNetCore.Mvc.Infrastructure.ControllerActionInvoker.<InvokeActionMethodAsync>g__Awaited|12_0(ControllerActionInvoker invoker, ValueTask`1 actionResultValueTask)
   at Microsoft.AspNetCore.Mvc.Infrastructure.ControllerActionInvoker.<InvokeNextActionFilterAsync>g__Awaited|10_0(ControllerActionInvoker invoker, Task lastTask, State next, Scope scope, Object state, Boolean isCompleted)
   at Microsoft.AspNetCore.Mvc.Infrastructure.ControllerActionInvoker.Rethrow(ActionExecutedContextSealed context)
   at Microsoft.AspNetCore.Mvc.Infrastructure.ControllerActionInvoker.Next(State& next, Scope& scope, Object& state, Boolean& isCompleted)
   at Microsoft.AspNetCore.Mvc.Infrastructure.ControllerActionInvoker.<InvokeInnerFilterAsync>g__Awaited|13_0(ControllerActionInvoker invoker, Task lastTask, State next, Scope scope, Object state, Boolean isCompleted)
   at Microsoft.AspNetCore.Mvc.Infrastructure.ResourceInvoker.<InvokeNextResourceFilter>g__Awaited|24_0(ResourceInvoker invoker, Task lastTask, State next, Scope scope, Object state, Boolean isCompleted)
   at Microsoft.AspNetCore.Mvc.Infrastructure.ResourceInvoker.Rethrow(ResourceExecutedContextSealed context)
   at Microsoft.AspNetCore.Mvc.Infrastructure.ResourceInvoker.Next(State& next, Scope& scope, Object& state, Boolean& isCompleted)
   at Microsoft.AspNetCore.Mvc.Infrastructure.ResourceInvoker.<InvokeFilterPipelineAsync>g__Awaited|19_0(ResourceInvoker invoker, Task lastTask, State next, Scope scope, Object state, Boolean isCompleted)
   at Microsoft.AspNetCore.Mvc.Infrastructure.ResourceInvoker.<InvokeAsync>g__Awaited|17_0(ResourceInvoker invoker, Task task, IDisposable scope)
   at Microsoft.AspNetCore.Routing.EndpointMiddleware.<Invoke>g__AwaitRequestTask|6_0(Endpoint endpoint, Task requestTask, ILogger logger)
   at Microsoft.AspNetCore.Authorization.AuthorizationMiddleware.Invoke(HttpContext context)
   at Microsoft.AspNetCore.Authentication.AuthenticationMiddleware.Invoke(HttpContext context)
   at Microsoft.AspNetCore.Session.SessionMiddleware.Invoke(HttpContext context)
   at Microsoft.AspNetCore.Session.SessionMiddleware.Invoke(HttpContext context)
   at Swashbuckle.AspNetCore.SwaggerUI.SwaggerUIMiddleware.Invoke(HttpContext httpContext)
   at Swashbuckle.AspNetCore.Swagger.SwaggerMiddleware.Invoke(HttpContext httpContext, ISwaggerProvider swaggerProvider)
   at Microsoft.AspNetCore.Diagnostics.DeveloperExceptionPageMiddleware.Invoke(HttpContext context)


【日志时间】：2020-08-08 21:07:06,327  【线程ID】：19    
【日志级别】：ERROR  
【日志对象】：Microsoft.AspNetCore.Diagnostics.DeveloperExceptionPageMiddleware  
【日志内容】：An unhandled exception has occurred while executing the request. 
System.ArgumentException: Delegate to an instance method cannot have null 'this'.
   at System.MulticastDelegate.ThrowNullThisInDelegateToInstance()
   at System.MulticastDelegate.CtorClosed(Object target, IntPtr methodPtr)
   at LinXi_ERPApi.Controllers.BasicInformationManagementController.GetPS(String name, String linkman)
   at lambda_method(Closure , Object )
   at Microsoft.Extensions.Internal.ObjectMethodExecutorAwaitable.Awaiter.GetResult()
   at Microsoft.AspNetCore.Mvc.Infrastructure.ActionMethodExecutor.AwaitableObjectResultExecutor.Execute(IActionResultTypeMapper mapper, ObjectMethodExecutor executor, Object controller, Object[] arguments)
   at Microsoft.AspNetCore.Mvc.Infrastructure.ControllerActionInvoker.<InvokeActionMethodAsync>g__Awaited|12_0(ControllerActionInvoker invoker, ValueTask`1 actionResultValueTask)
   at Microsoft.AspNetCore.Mvc.Infrastructure.ControllerActionInvoker.<InvokeNextActionFilterAsync>g__Awaited|10_0(ControllerActionInvoker invoker, Task lastTask, State next, Scope scope, Object state, Boolean isCompleted)
   at Microsoft.AspNetCore.Mvc.Infrastructure.ControllerActionInvoker.Rethrow(ActionExecutedContextSealed context)
   at Microsoft.AspNetCore.Mvc.Infrastructure.ControllerActionInvoker.Next(State& next, Scope& scope, Object& state, Boolean& isCompleted)
   at Microsoft.AspNetCore.Mvc.Infrastructure.ControllerActionInvoker.<InvokeInnerFilterAsync>g__Awaited|13_0(ControllerActionInvoker invoker, Task lastTask, State next, Scope scope, Object state, Boolean isCompleted)
   at Microsoft.AspNetCore.Mvc.Infrastructure.ResourceInvoker.<InvokeNextResourceFilter>g__Awaited|24_0(ResourceInvoker invoker, Task lastTask, State next, Scope scope, Object state, Boolean isCompleted)
   at Microsoft.AspNetCore.Mvc.Infrastructure.ResourceInvoker.Rethrow(ResourceExecutedContextSealed context)
   at Microsoft.AspNetCore.Mvc.Infrastructure.ResourceInvoker.Next(State& next, Scope& scope, Object& state, Boolean& isCompleted)
   at Microsoft.AspNetCore.Mvc.Infrastructure.ResourceInvoker.<InvokeFilterPipelineAsync>g__Awaited|19_0(ResourceInvoker invoker, Task lastTask, State next, Scope scope, Object state, Boolean isCompleted)
   at Microsoft.AspNetCore.Mvc.Infrastructure.ResourceInvoker.<InvokeAsync>g__Awaited|17_0(ResourceInvoker invoker, Task task, IDisposable scope)
   at Microsoft.AspNetCore.Routing.EndpointMiddleware.<Invoke>g__AwaitRequestTask|6_0(Endpoint endpoint, Task requestTask, ILogger logger)
   at Microsoft.AspNetCore.Authorization.AuthorizationMiddleware.Invoke(HttpContext context)
   at Microsoft.AspNetCore.Authentication.AuthenticationMiddleware.Invoke(HttpContext context)
   at Microsoft.AspNetCore.Session.SessionMiddleware.Invoke(HttpContext context)
   at Microsoft.AspNetCore.Session.SessionMiddleware.Invoke(HttpContext context)
   at Swashbuckle.AspNetCore.SwaggerUI.SwaggerUIMiddleware.Invoke(HttpContext httpContext)
   at Swashbuckle.AspNetCore.Swagger.SwaggerMiddleware.Invoke(HttpContext httpContext, ISwaggerProvider swaggerProvider)
   at Microsoft.AspNetCore.Diagnostics.DeveloperExceptionPageMiddleware.Invoke(HttpContext context)


【日志时间】：2020-08-08 21:07:48,970  【线程ID】：25    
【日志级别】：INFO   
【日志对象】：IdentityServer4.AccessTokenValidation.IdentityServerAuthenticationHandler  
【日志内容】：AuthenticationScheme: Bearer was challenged. 


【日志时间】：2020-08-08 21:34:51,168  【线程ID】：17    
【日志级别】：WARN   
【日志对象】：Microsoft.AspNetCore.HttpsPolicy.HttpsRedirectionMiddleware  
【日志内容】：Failed to determine the https port for redirect. 
