

【日志时间】：2020-08-13 13:47:29,446  【线程ID】：10    
【日志级别】：WARN   
【日志对象】：Microsoft.AspNetCore.HttpsPolicy.HttpsRedirectionMiddleware  
【日志内容】：Failed to determine the https port for redirect. 


【日志时间】：2020-08-13 13:48:45,626  【线程ID】：4    
【日志级别】：ERROR  
【日志对象】：IdentityServer4.AccessTokenValidation.IdentityServerAuthenticationHandler  
【日志内容】：You must either set Authority or IntrospectionEndpoint 
System.InvalidOperationException: You must either set Authority or IntrospectionEndpoint
   at IdentityModel.AspNetCore.OAuth2Introspection.OAuth2IntrospectionOptions.Validate()
   at IdentityModel.AspNetCore.OAuth2Introspection.PostConfigureOAuth2IntrospectionOptions.PostConfigure(String name, OAuth2IntrospectionOptions options)
   at Microsoft.Extensions.Options.OptionsFactory`1.Create(String name)
   at Microsoft.Extensions.Options.OptionsMonitor`1.<>c__DisplayClass11_0.<Get>b__0()
   at System.Lazy`1.ViaFactory(LazyThreadSafetyMode mode)
   at System.Lazy`1.ExecutionAndPublication(LazyHelper executionAndPublication, Boolean useDefaultConstructor)
   at System.Lazy`1.CreateValue()
   at System.Lazy`1.get_Value()
   at Microsoft.Extensions.Options.OptionsCache`1.GetOrAdd(String name, Func`1 createOptions)
   at Microsoft.Extensions.Options.OptionsMonitor`1.Get(String name)
   at Microsoft.AspNetCore.Authentication.AuthenticationHandler`1.InitializeAsync(AuthenticationScheme scheme, HttpContext context)
   at Microsoft.AspNetCore.Authentication.AuthenticationHandlerProvider.GetHandlerAsync(HttpContext context, String authenticationScheme)
   at Microsoft.AspNetCore.Authentication.AuthenticationService.AuthenticateAsync(HttpContext context, String scheme)
   at IdentityServer4.AccessTokenValidation.IdentityServerAuthenticationHandler.HandleAuthenticateAsync()


【日志时间】：2020-08-13 13:48:45,649  【线程ID】：4    
【日志级别】：INFO   
【日志对象】：IdentityServer4.AccessTokenValidation.IdentityServerAuthenticationHandler  
【日志内容】：Bearer was not authenticated. Failure message: You must either set Authority or IntrospectionEndpoint 


【日志时间】：2020-08-13 13:48:47,648  【线程ID】：4    
【日志级别】：INFO   
【日志对象】：System.Net.Http.HttpClient.Default.LogicalHandler  
【日志内容】：Start processing HTTP request POST http://localhost:56568/connect/token 


【日志时间】：2020-08-13 13:48:47,654  【线程ID】：4    
【日志级别】：INFO   
【日志对象】：System.Net.Http.HttpClient.Default.ClientHandler  
【日志内容】：Sending HTTP request POST http://localhost:56568/connect/token 


【日志时间】：2020-08-13 13:48:54,610  【线程ID】：5    
【日志级别】：INFO   
【日志对象】：System.Net.Http.HttpClient.Default.ClientHandler  
【日志内容】：Received HTTP response after 6947.3238ms - OK 


【日志时间】：2020-08-13 13:48:54,616  【线程ID】：5    
【日志级别】：INFO   
【日志对象】：System.Net.Http.HttpClient.Default.LogicalHandler  
【日志内容】：End processing HTTP request after 6973.9442ms - OK 


【日志时间】：2020-08-13 14:24:34,749  【线程ID】：34    
【日志级别】：INFO   
【日志对象】：IdentityServer4.AccessTokenValidation.IdentityServerAuthenticationHandler  
【日志内容】：Bearer was not authenticated. Failure message: IDX10223: Lifetime validation failed. The token is expired. ValidTo: '[PII is hidden. For more details, see https://aka.ms/IdentityModel/PII.]', Current time: '[PII is hidden. For more details, see https://aka.ms/IdentityModel/PII.]'. 


【日志时间】：2020-08-13 14:24:34,749  【线程ID】：32    
【日志级别】：INFO   
【日志对象】：IdentityServer4.AccessTokenValidation.IdentityServerAuthenticationHandler  
【日志内容】：Bearer was not authenticated. Failure message: IDX10223: Lifetime validation failed. The token is expired. ValidTo: '[PII is hidden. For more details, see https://aka.ms/IdentityModel/PII.]', Current time: '[PII is hidden. For more details, see https://aka.ms/IdentityModel/PII.]'. 


【日志时间】：2020-08-13 14:24:34,809  【线程ID】：34    
【日志级别】：INFO   
【日志对象】：IdentityServer4.AccessTokenValidation.IdentityServerAuthenticationHandler  
【日志内容】：AuthenticationScheme: Bearer was challenged. 


【日志时间】：2020-08-13 14:24:34,809  【线程ID】：32    
【日志级别】：INFO   
【日志对象】：IdentityServer4.AccessTokenValidation.IdentityServerAuthenticationHandler  
【日志内容】：AuthenticationScheme: Bearer was challenged. 


【日志时间】：2020-08-13 14:24:36,463  【线程ID】：42    
【日志级别】：ERROR  
【日志对象】：IdentityServer4.AccessTokenValidation.IdentityServerAuthenticationHandler  
【日志内容】：You must either set Authority or IntrospectionEndpoint 
System.InvalidOperationException: You must either set Authority or IntrospectionEndpoint
   at IdentityModel.AspNetCore.OAuth2Introspection.OAuth2IntrospectionOptions.Validate()
   at IdentityModel.AspNetCore.OAuth2Introspection.PostConfigureOAuth2IntrospectionOptions.PostConfigure(String name, OAuth2IntrospectionOptions options)
   at Microsoft.Extensions.Options.OptionsFactory`1.Create(String name)
   at Microsoft.Extensions.Options.OptionsMonitor`1.<>c__DisplayClass11_0.<Get>b__0()
   at System.Lazy`1.ViaFactory(LazyThreadSafetyMode mode)
--- End of stack trace from previous location where exception was thrown ---
   at System.Lazy`1.CreateValue()
   at Microsoft.AspNetCore.Authentication.AuthenticationHandler`1.InitializeAsync(AuthenticationScheme scheme, HttpContext context)
   at Microsoft.AspNetCore.Authentication.AuthenticationHandlerProvider.GetHandlerAsync(HttpContext context, String authenticationScheme)
   at Microsoft.AspNetCore.Authentication.AuthenticationService.AuthenticateAsync(HttpContext context, String scheme)
   at IdentityServer4.AccessTokenValidation.IdentityServerAuthenticationHandler.HandleAuthenticateAsync()


【日志时间】：2020-08-13 14:24:36,471  【线程ID】：42    
【日志级别】：INFO   
【日志对象】：IdentityServer4.AccessTokenValidation.IdentityServerAuthenticationHandler  
【日志内容】：Bearer was not authenticated. Failure message: You must either set Authority or IntrospectionEndpoint 


【日志时间】：2020-08-13 14:24:36,509  【线程ID】：42    
【日志级别】：INFO   
【日志对象】：System.Net.Http.HttpClient.Default.LogicalHandler  
【日志内容】：Start processing HTTP request POST http://localhost:56568/connect/token 


【日志时间】：2020-08-13 14:24:36,513  【线程ID】：42    
【日志级别】：INFO   
【日志对象】：System.Net.Http.HttpClient.Default.ClientHandler  
【日志内容】：Sending HTTP request POST http://localhost:56568/connect/token 


【日志时间】：2020-08-13 14:24:36,863  【线程ID】：33    
【日志级别】：INFO   
【日志对象】：System.Net.Http.HttpClient.Default.ClientHandler  
【日志内容】：Received HTTP response after 349.3397ms - OK 


【日志时间】：2020-08-13 14:24:36,867  【线程ID】：33    
【日志级别】：INFO   
【日志对象】：System.Net.Http.HttpClient.Default.LogicalHandler  
【日志内容】：End processing HTTP request after 357.5935ms - OK 


【日志时间】：2020-08-13 14:55:19,360  【线程ID】：73    
【日志级别】：INFO   
【日志对象】：IdentityServer4.AccessTokenValidation.IdentityServerAuthenticationHandler  
【日志内容】：Bearer was not authenticated. Failure message: IDX10223: Lifetime validation failed. The token is expired. ValidTo: '[PII is hidden. For more details, see https://aka.ms/IdentityModel/PII.]', Current time: '[PII is hidden. For more details, see https://aka.ms/IdentityModel/PII.]'. 


【日志时间】：2020-08-13 14:55:19,361  【线程ID】：72    
【日志级别】：INFO   
【日志对象】：IdentityServer4.AccessTokenValidation.IdentityServerAuthenticationHandler  
【日志内容】：Bearer was not authenticated. Failure message: IDX10223: Lifetime validation failed. The token is expired. ValidTo: '[PII is hidden. For more details, see https://aka.ms/IdentityModel/PII.]', Current time: '[PII is hidden. For more details, see https://aka.ms/IdentityModel/PII.]'. 


【日志时间】：2020-08-13 14:55:19,369  【线程ID】：73    
【日志级别】：INFO   
【日志对象】：IdentityServer4.AccessTokenValidation.IdentityServerAuthenticationHandler  
【日志内容】：AuthenticationScheme: Bearer was challenged. 


【日志时间】：2020-08-13 14:55:19,373  【线程ID】：72    
【日志级别】：INFO   
【日志对象】：IdentityServer4.AccessTokenValidation.IdentityServerAuthenticationHandler  
【日志内容】：AuthenticationScheme: Bearer was challenged. 


【日志时间】：2020-08-13 15:15:13,520  【线程ID】：52    
【日志级别】：ERROR  
【日志对象】：IdentityServer4.AccessTokenValidation.IdentityServerAuthenticationHandler  
【日志内容】：You must either set Authority or IntrospectionEndpoint 
System.InvalidOperationException: You must either set Authority or IntrospectionEndpoint
   at IdentityModel.AspNetCore.OAuth2Introspection.OAuth2IntrospectionOptions.Validate()
   at IdentityModel.AspNetCore.OAuth2Introspection.PostConfigureOAuth2IntrospectionOptions.PostConfigure(String name, OAuth2IntrospectionOptions options)
   at Microsoft.Extensions.Options.OptionsFactory`1.Create(String name)
   at Microsoft.Extensions.Options.OptionsMonitor`1.<>c__DisplayClass11_0.<Get>b__0()
   at System.Lazy`1.ViaFactory(LazyThreadSafetyMode mode)
--- End of stack trace from previous location where exception was thrown ---
   at System.Lazy`1.CreateValue()
   at Microsoft.AspNetCore.Authentication.AuthenticationHandler`1.InitializeAsync(AuthenticationScheme scheme, HttpContext context)
   at Microsoft.AspNetCore.Authentication.AuthenticationHandlerProvider.GetHandlerAsync(HttpContext context, String authenticationScheme)
   at Microsoft.AspNetCore.Authentication.AuthenticationService.AuthenticateAsync(HttpContext context, String scheme)
   at IdentityServer4.AccessTokenValidation.IdentityServerAuthenticationHandler.HandleAuthenticateAsync()


【日志时间】：2020-08-13 15:15:13,535  【线程ID】：52    
【日志级别】：INFO   
【日志对象】：IdentityServer4.AccessTokenValidation.IdentityServerAuthenticationHandler  
【日志内容】：Bearer was not authenticated. Failure message: You must either set Authority or IntrospectionEndpoint 


【日志时间】：2020-08-13 15:15:13,554  【线程ID】：52    
【日志级别】：INFO   
【日志对象】：System.Net.Http.HttpClient.Default.LogicalHandler  
【日志内容】：Start processing HTTP request POST http://localhost:56568/connect/token 


【日志时间】：2020-08-13 15:15:13,558  【线程ID】：52    
【日志级别】：INFO   
【日志对象】：System.Net.Http.HttpClient.Default.ClientHandler  
【日志内容】：Sending HTTP request POST http://localhost:56568/connect/token 


【日志时间】：2020-08-13 15:15:13,798  【线程ID】：79    
【日志级别】：INFO   
【日志对象】：System.Net.Http.HttpClient.Default.ClientHandler  
【日志内容】：Received HTTP response after 233.1288ms - OK 


【日志时间】：2020-08-13 15:15:13,803  【线程ID】：79    
【日志级别】：INFO   
【日志对象】：System.Net.Http.HttpClient.Default.LogicalHandler  
【日志内容】：End processing HTTP request after 251.7415ms - OK 


【日志时间】：2020-08-13 15:37:57,655  【线程ID】：96    
【日志级别】：INFO   
【日志对象】：IdentityServer4.AccessTokenValidation.IdentityServerAuthenticationHandler  
【日志内容】：Bearer was not authenticated. Failure message: IDX10223: Lifetime validation failed. The token is expired. ValidTo: '[PII is hidden. For more details, see https://aka.ms/IdentityModel/PII.]', Current time: '[PII is hidden. For more details, see https://aka.ms/IdentityModel/PII.]'. 


【日志时间】：2020-08-13 15:37:57,658  【线程ID】：106    
【日志级别】：INFO   
【日志对象】：IdentityServer4.AccessTokenValidation.IdentityServerAuthenticationHandler  
【日志内容】：Bearer was not authenticated. Failure message: IDX10223: Lifetime validation failed. The token is expired. ValidTo: '[PII is hidden. For more details, see https://aka.ms/IdentityModel/PII.]', Current time: '[PII is hidden. For more details, see https://aka.ms/IdentityModel/PII.]'. 


【日志时间】：2020-08-13 15:37:57,660  【线程ID】：96    
【日志级别】：INFO   
【日志对象】：IdentityServer4.AccessTokenValidation.IdentityServerAuthenticationHandler  
【日志内容】：AuthenticationScheme: Bearer was challenged. 


【日志时间】：2020-08-13 15:37:57,664  【线程ID】：106    
【日志级别】：INFO   
【日志对象】：IdentityServer4.AccessTokenValidation.IdentityServerAuthenticationHandler  
【日志内容】：AuthenticationScheme: Bearer was challenged. 


【日志时间】：2020-08-13 15:38:02,296  【线程ID】：104    
【日志级别】：ERROR  
【日志对象】：IdentityServer4.AccessTokenValidation.IdentityServerAuthenticationHandler  
【日志内容】：You must either set Authority or IntrospectionEndpoint 
System.InvalidOperationException: You must either set Authority or IntrospectionEndpoint
   at IdentityModel.AspNetCore.OAuth2Introspection.OAuth2IntrospectionOptions.Validate()
   at IdentityModel.AspNetCore.OAuth2Introspection.PostConfigureOAuth2IntrospectionOptions.PostConfigure(String name, OAuth2IntrospectionOptions options)
   at Microsoft.Extensions.Options.OptionsFactory`1.Create(String name)
   at Microsoft.Extensions.Options.OptionsMonitor`1.<>c__DisplayClass11_0.<Get>b__0()
   at System.Lazy`1.ViaFactory(LazyThreadSafetyMode mode)
--- End of stack trace from previous location where exception was thrown ---
   at System.Lazy`1.CreateValue()
   at Microsoft.AspNetCore.Authentication.AuthenticationHandler`1.InitializeAsync(AuthenticationScheme scheme, HttpContext context)
   at Microsoft.AspNetCore.Authentication.AuthenticationHandlerProvider.GetHandlerAsync(HttpContext context, String authenticationScheme)
   at Microsoft.AspNetCore.Authentication.AuthenticationService.AuthenticateAsync(HttpContext context, String scheme)
   at IdentityServer4.AccessTokenValidation.IdentityServerAuthenticationHandler.HandleAuthenticateAsync()


【日志时间】：2020-08-13 15:38:02,302  【线程ID】：104    
【日志级别】：INFO   
【日志对象】：IdentityServer4.AccessTokenValidation.IdentityServerAuthenticationHandler  
【日志内容】：Bearer was not authenticated. Failure message: You must either set Authority or IntrospectionEndpoint 


【日志时间】：2020-08-13 15:38:02,311  【线程ID】：104    
【日志级别】：INFO   
【日志对象】：System.Net.Http.HttpClient.Default.LogicalHandler  
【日志内容】：Start processing HTTP request POST http://localhost:56568/connect/token 


【日志时间】：2020-08-13 15:38:02,316  【线程ID】：104    
【日志级别】：INFO   
【日志对象】：System.Net.Http.HttpClient.Default.ClientHandler  
【日志内容】：Sending HTTP request POST http://localhost:56568/connect/token 


【日志时间】：2020-08-13 15:38:02,386  【线程ID】：109    
【日志级别】：INFO   
【日志对象】：System.Net.Http.HttpClient.Default.ClientHandler  
【日志内容】：Received HTTP response after 70.7822ms - OK 


【日志时间】：2020-08-13 15:38:02,392  【线程ID】：109    
【日志级别】：INFO   
【日志对象】：System.Net.Http.HttpClient.Default.LogicalHandler  
【日志内容】：End processing HTTP request after 82.7516ms - OK 


【日志时间】：2020-08-13 16:01:35,624  【线程ID】：34    
【日志级别】：INFO   
【日志对象】：IdentityServer4.AccessTokenValidation.IdentityServerAuthenticationHandler  
【日志内容】：Bearer was not authenticated. Failure message: IDX10223: Lifetime validation failed. The token is expired. ValidTo: '[PII is hidden. For more details, see https://aka.ms/IdentityModel/PII.]', Current time: '[PII is hidden. For more details, see https://aka.ms/IdentityModel/PII.]'. 


【日志时间】：2020-08-13 16:01:35,644  【线程ID】：106    
【日志级别】：INFO   
【日志对象】：IdentityServer4.AccessTokenValidation.IdentityServerAuthenticationHandler  
【日志内容】：Bearer was not authenticated. Failure message: IDX10223: Lifetime validation failed. The token is expired. ValidTo: '[PII is hidden. For more details, see https://aka.ms/IdentityModel/PII.]', Current time: '[PII is hidden. For more details, see https://aka.ms/IdentityModel/PII.]'. 


【日志时间】：2020-08-13 16:01:35,651  【线程ID】：34    
【日志级别】：INFO   
【日志对象】：IdentityServer4.AccessTokenValidation.IdentityServerAuthenticationHandler  
【日志内容】：AuthenticationScheme: Bearer was challenged. 


【日志时间】：2020-08-13 16:01:35,653  【线程ID】：106    
【日志级别】：INFO   
【日志对象】：IdentityServer4.AccessTokenValidation.IdentityServerAuthenticationHandler  
【日志内容】：AuthenticationScheme: Bearer was challenged. 


【日志时间】：2020-08-13 16:05:04,910  【线程ID】：41    
【日志级别】：ERROR  
【日志对象】：IdentityServer4.AccessTokenValidation.IdentityServerAuthenticationHandler  
【日志内容】：You must either set Authority or IntrospectionEndpoint 
System.InvalidOperationException: You must either set Authority or IntrospectionEndpoint
   at IdentityModel.AspNetCore.OAuth2Introspection.OAuth2IntrospectionOptions.Validate()
   at IdentityModel.AspNetCore.OAuth2Introspection.PostConfigureOAuth2IntrospectionOptions.PostConfigure(String name, OAuth2IntrospectionOptions options)
   at Microsoft.Extensions.Options.OptionsFactory`1.Create(String name)
   at Microsoft.Extensions.Options.OptionsMonitor`1.<>c__DisplayClass11_0.<Get>b__0()
   at System.Lazy`1.ViaFactory(LazyThreadSafetyMode mode)
--- End of stack trace from previous location where exception was thrown ---
   at System.Lazy`1.CreateValue()
   at Microsoft.AspNetCore.Authentication.AuthenticationHandler`1.InitializeAsync(AuthenticationScheme scheme, HttpContext context)
   at Microsoft.AspNetCore.Authentication.AuthenticationHandlerProvider.GetHandlerAsync(HttpContext context, String authenticationScheme)
   at Microsoft.AspNetCore.Authentication.AuthenticationService.AuthenticateAsync(HttpContext context, String scheme)
   at IdentityServer4.AccessTokenValidation.IdentityServerAuthenticationHandler.HandleAuthenticateAsync()


【日志时间】：2020-08-13 16:05:04,913  【线程ID】：41    
【日志级别】：INFO   
【日志对象】：IdentityServer4.AccessTokenValidation.IdentityServerAuthenticationHandler  
【日志内容】：Bearer was not authenticated. Failure message: You must either set Authority or IntrospectionEndpoint 


【日志时间】：2020-08-13 16:05:04,916  【线程ID】：41    
【日志级别】：INFO   
【日志对象】：System.Net.Http.HttpClient.Default.LogicalHandler  
【日志内容】：Start processing HTTP request POST http://localhost:56568/connect/token 


【日志时间】：2020-08-13 16:05:04,918  【线程ID】：41    
【日志级别】：INFO   
【日志对象】：System.Net.Http.HttpClient.Default.ClientHandler  
【日志内容】：Sending HTTP request POST http://localhost:56568/connect/token 


【日志时间】：2020-08-13 16:05:04,983  【线程ID】：51    
【日志级别】：INFO   
【日志对象】：System.Net.Http.HttpClient.Default.ClientHandler  
【日志内容】：Received HTTP response after 63.6804ms - OK 


【日志时间】：2020-08-13 16:05:04,985  【线程ID】：51    
【日志级别】：INFO   
【日志对象】：System.Net.Http.HttpClient.Default.LogicalHandler  
【日志内容】：End processing HTTP request after 68.756ms - OK 


【日志时间】：2020-08-13 16:22:34,161  【线程ID】：13    
【日志级别】：WARN   
【日志对象】：Microsoft.AspNetCore.HttpsPolicy.HttpsRedirectionMiddleware  
【日志内容】：Failed to determine the https port for redirect. 


【日志时间】：2020-08-13 16:23:04,014  【线程ID】：15    
【日志级别】：ERROR  
【日志对象】：IdentityServer4.AccessTokenValidation.IdentityServerAuthenticationHandler  
【日志内容】：You must either set Authority or IntrospectionEndpoint 
System.InvalidOperationException: You must either set Authority or IntrospectionEndpoint
   at IdentityModel.AspNetCore.OAuth2Introspection.OAuth2IntrospectionOptions.Validate()
   at IdentityModel.AspNetCore.OAuth2Introspection.PostConfigureOAuth2IntrospectionOptions.PostConfigure(String name, OAuth2IntrospectionOptions options)
   at Microsoft.Extensions.Options.OptionsFactory`1.Create(String name)
   at Microsoft.Extensions.Options.OptionsMonitor`1.<>c__DisplayClass11_0.<Get>b__0()
   at System.Lazy`1.ViaFactory(LazyThreadSafetyMode mode)
   at System.Lazy`1.ExecutionAndPublication(LazyHelper executionAndPublication, Boolean useDefaultConstructor)
   at System.Lazy`1.CreateValue()
   at System.Lazy`1.get_Value()
   at Microsoft.Extensions.Options.OptionsCache`1.GetOrAdd(String name, Func`1 createOptions)
   at Microsoft.Extensions.Options.OptionsMonitor`1.Get(String name)
   at Microsoft.AspNetCore.Authentication.AuthenticationHandler`1.InitializeAsync(AuthenticationScheme scheme, HttpContext context)
   at Microsoft.AspNetCore.Authentication.AuthenticationHandlerProvider.GetHandlerAsync(HttpContext context, String authenticationScheme)
   at Microsoft.AspNetCore.Authentication.AuthenticationService.AuthenticateAsync(HttpContext context, String scheme)
   at IdentityServer4.AccessTokenValidation.IdentityServerAuthenticationHandler.HandleAuthenticateAsync()


【日志时间】：2020-08-13 16:23:04,022  【线程ID】：15    
【日志级别】：INFO   
【日志对象】：IdentityServer4.AccessTokenValidation.IdentityServerAuthenticationHandler  
【日志内容】：Bearer was not authenticated. Failure message: You must either set Authority or IntrospectionEndpoint 


【日志时间】：2020-08-13 16:23:04,609  【线程ID】：15    
【日志级别】：INFO   
【日志对象】：System.Net.Http.HttpClient.Default.LogicalHandler  
【日志内容】：Start processing HTTP request POST http://localhost:56568/connect/token 


【日志时间】：2020-08-13 16:23:04,611  【线程ID】：15    
【日志级别】：INFO   
【日志对象】：System.Net.Http.HttpClient.Default.ClientHandler  
【日志内容】：Sending HTTP request POST http://localhost:56568/connect/token 


【日志时间】：2020-08-13 16:23:08,046  【线程ID】：10    
【日志级别】：INFO   
【日志对象】：System.Net.Http.HttpClient.Default.ClientHandler  
【日志内容】：Received HTTP response after 3431.6011ms - OK 


【日志时间】：2020-08-13 16:23:08,054  【线程ID】：10    
【日志级别】：INFO   
【日志对象】：System.Net.Http.HttpClient.Default.LogicalHandler  
【日志内容】：End processing HTTP request after 3442.0988ms - OK 
