

【日志时间】：2020-07-22 15:48:09,296  【线程ID】：7    
【日志级别】：WARN   
【日志对象】：Microsoft.AspNetCore.HttpsPolicy.HttpsRedirectionMiddleware  
【日志内容】：Failed to determine the https port for redirect. 


【日志时间】：2020-07-22 15:48:40,456  【线程ID】：7    
【日志级别】：INFO   
【日志对象】：IdentityServer4.AccessTokenValidation.IdentityServerAuthenticationHandler  
【日志内容】：AuthenticationScheme: Bearer was challenged. 


【日志时间】：2020-07-22 15:49:21,621  【线程ID】：15    
【日志级别】：INFO   
【日志对象】：IdentityServer4.AccessTokenValidation.IdentityServerAuthenticationHandler  
【日志内容】：AuthenticationScheme: Bearer was challenged. 


【日志时间】：2020-07-22 16:07:33,213  【线程ID】：8    
【日志级别】：WARN   
【日志对象】：Microsoft.AspNetCore.HttpsPolicy.HttpsRedirectionMiddleware  
【日志内容】：Failed to determine the https port for redirect. 


【日志时间】：2020-07-22 16:29:11,311  【线程ID】：8    
【日志级别】：WARN   
【日志对象】：Microsoft.AspNetCore.HttpsPolicy.HttpsRedirectionMiddleware  
【日志内容】：Failed to determine the https port for redirect. 
