

<<<<<<< HEAD
【日志时间】：2020-07-19 13:52:03,935  【线程ID】：15    
=======
【日志时间】：2020-07-19 09:46:42,326  【线程ID】：7    
>>>>>>> 22893d36478950b9d4cf3c1078d5e8f70b97cde8
【日志级别】：WARN   
【日志对象】：Microsoft.AspNetCore.HttpsPolicy.HttpsRedirectionMiddleware  
【日志内容】：Failed to determine the https port for redirect. 


<<<<<<< HEAD
【日志时间】：2020-07-19 14:19:01,104  【线程ID】：15    
=======
【日志时间】：2020-07-19 10:57:44,314  【线程ID】：5    
>>>>>>> 22893d36478950b9d4cf3c1078d5e8f70b97cde8
【日志级别】：WARN   
【日志对象】：Microsoft.AspNetCore.HttpsPolicy.HttpsRedirectionMiddleware  
【日志内容】：Failed to determine the https port for redirect. 


<<<<<<< HEAD
【日志时间】：2020-07-19 11:23:31,415  【线程ID】：12    
【日志级别】：WARN   
【日志对象】：Microsoft.AspNetCore.HttpsPolicy.HttpsRedirectionMiddleware  
【日志内容】：Failed to determine the https port for redirect. 
=======
<<<<<<< HEAD
【日志时间】：2020-07-19 14:19:16,783  【线程ID】：7    
【日志级别】：INFO   
【日志对象】：IdentityServer4.AccessTokenValidation.IdentityServerAuthenticationHandler  
【日志内容】：AuthenticationScheme: Bearer was challenged. 
=======
【日志时间】：2020-07-19 12:34:53,776  【线程ID】：9    
【日志级别】：WARN   
【日志对象】：Microsoft.AspNetCore.HttpsPolicy.HttpsRedirectionMiddleware  
【日志内容】：Failed to determine the https port for redirect. 
>>>>>>> 22893d36478950b9d4cf3c1078d5e8f70b97cde8
>>>>>>> 1a0dd2e4fc3519048b3b5930a9ffb5a5401c305d
