

【日志时间】：2020-07-20 00:17:35,795  【线程ID】：11    
【日志级别】：WARN   
【日志对象】：Microsoft.AspNetCore.HttpsPolicy.HttpsRedirectionMiddleware  
【日志内容】：Failed to determine the https port for redirect. 


【日志时间】：2020-07-20 00:18:03,819  【线程ID】：14    
【日志级别】：ERROR  
【日志对象】：IdentityServer4.AccessTokenValidation.IdentityServerAuthenticationHandler  
【日志内容】：You must either set Authority or IntrospectionEndpoint 
System.InvalidOperationException: You must either set Authority or IntrospectionEndpoint
   at IdentityModel.AspNetCore.OAuth2Introspection.OAuth2IntrospectionOptions.Validate()
   at IdentityModel.AspNetCore.OAuth2Introspection.PostConfigureOAuth2IntrospectionOptions.PostConfigure(String name, OAuth2IntrospectionOptions options)
   at Microsoft.Extensions.Options.OptionsFactory`1.Create(String name)
   at Microsoft.Extensions.Options.OptionsMonitor`1.<>c__DisplayClass11_0.<Get>b__0()
   at System.Lazy`1.ViaFactory(LazyThreadSafetyMode mode)
   at System.Lazy`1.ExecutionAndPublication(LazyHelper executionAndPublication, Boolean useDefaultConstructor)
   at System.Lazy`1.CreateValue()
   at System.Lazy`1.get_Value()
   at Microsoft.Extensions.Options.OptionsCache`1.GetOrAdd(String name, Func`1 createOptions)
   at Microsoft.Extensions.Options.OptionsMonitor`1.Get(String name)
   at Microsoft.AspNetCore.Authentication.AuthenticationHandler`1.InitializeAsync(AuthenticationScheme scheme, HttpContext context)
   at Microsoft.AspNetCore.Authentication.AuthenticationHandlerProvider.GetHandlerAsync(HttpContext context, String authenticationScheme)
   at Microsoft.AspNetCore.Authentication.AuthenticationService.AuthenticateAsync(HttpContext context, String scheme)
   at IdentityServer4.AccessTokenValidation.IdentityServerAuthenticationHandler.HandleAuthenticateAsync()


【日志时间】：2020-07-20 00:18:03,834  【线程ID】：14    
【日志级别】：INFO   
【日志对象】：IdentityServer4.AccessTokenValidation.IdentityServerAuthenticationHandler  
【日志内容】：Bearer was not authenticated. Failure message: You must either set Authority or IntrospectionEndpoint 


【日志时间】：2020-07-20 00:18:04,327  【线程ID】：14    
【日志级别】：INFO   
【日志对象】：System.Net.Http.HttpClient.Default.LogicalHandler  
【日志内容】：Start processing HTTP request POST http://localhost:56568/connect/token 


【日志时间】：2020-07-20 00:18:04,330  【线程ID】：14    
【日志级别】：INFO   
【日志对象】：System.Net.Http.HttpClient.Default.ClientHandler  
【日志内容】：Sending HTTP request POST http://localhost:56568/connect/token 


【日志时间】：2020-07-20 00:18:05,767  【线程ID】：15    
【日志级别】：ERROR  
【日志对象】：IdentityServer4.AccessTokenValidation.IdentityServerAuthenticationHandler  
【日志内容】：You must either set Authority or IntrospectionEndpoint 
System.InvalidOperationException: You must either set Authority or IntrospectionEndpoint
   at IdentityModel.AspNetCore.OAuth2Introspection.OAuth2IntrospectionOptions.Validate()
   at IdentityModel.AspNetCore.OAuth2Introspection.PostConfigureOAuth2IntrospectionOptions.PostConfigure(String name, OAuth2IntrospectionOptions options)
   at Microsoft.Extensions.Options.OptionsFactory`1.Create(String name)
   at Microsoft.Extensions.Options.OptionsMonitor`1.<>c__DisplayClass11_0.<Get>b__0()
   at System.Lazy`1.ViaFactory(LazyThreadSafetyMode mode)
--- End of stack trace from previous location where exception was thrown ---
   at System.Lazy`1.CreateValue()
   at System.Lazy`1.get_Value()
   at Microsoft.Extensions.Options.OptionsCache`1.GetOrAdd(String name, Func`1 createOptions)
   at Microsoft.Extensions.Options.OptionsMonitor`1.Get(String name)
   at Microsoft.AspNetCore.Authentication.AuthenticationHandler`1.InitializeAsync(AuthenticationScheme scheme, HttpContext context)
   at Microsoft.AspNetCore.Authentication.AuthenticationHandlerProvider.GetHandlerAsync(HttpContext context, String authenticationScheme)
   at Microsoft.AspNetCore.Authentication.AuthenticationService.AuthenticateAsync(HttpContext context, String scheme)
   at IdentityServer4.AccessTokenValidation.IdentityServerAuthenticationHandler.HandleAuthenticateAsync()


【日志时间】：2020-07-20 00:18:05,775  【线程ID】：15    
【日志级别】：INFO   
【日志对象】：IdentityServer4.AccessTokenValidation.IdentityServerAuthenticationHandler  
【日志内容】：Bearer was not authenticated. Failure message: You must either set Authority or IntrospectionEndpoint 


【日志时间】：2020-07-20 00:18:05,786  【线程ID】：15    
【日志级别】：INFO   
【日志对象】：System.Net.Http.HttpClient.Default.LogicalHandler  
【日志内容】：Start processing HTTP request POST http://localhost:56568/connect/token 


【日志时间】：2020-07-20 00:18:05,790  【线程ID】：15    
【日志级别】：INFO   
【日志对象】：System.Net.Http.HttpClient.Default.ClientHandler  
【日志内容】：Sending HTTP request POST http://localhost:56568/connect/token 


【日志时间】：2020-07-20 00:18:06,345  【线程ID】：7    
【日志级别】：INFO   
【日志对象】：System.Net.Http.HttpClient.Default.ClientHandler  
【日志内容】：Received HTTP response after 2011.2974ms - OK 


【日志时间】：2020-07-20 00:18:06,345  【线程ID】：5    
【日志级别】：INFO   
【日志对象】：System.Net.Http.HttpClient.Default.ClientHandler  
【日志内容】：Received HTTP response after 550.5265ms - OK 


【日志时间】：2020-07-20 00:18:06,348  【线程ID】：5    
【日志级别】：INFO   
【日志对象】：System.Net.Http.HttpClient.Default.LogicalHandler  
【日志内容】：End processing HTTP request after 561.4232ms - OK 


【日志时间】：2020-07-20 00:18:06,348  【线程ID】：7    
【日志级别】：INFO   
【日志对象】：System.Net.Http.HttpClient.Default.LogicalHandler  
【日志内容】：End processing HTTP request after 2024.1709ms - OK 


【日志时间】：2020-07-20 00:18:42,697  【线程ID】：15    
【日志级别】：ERROR  
【日志对象】：IdentityServer4.AccessTokenValidation.IdentityServerAuthenticationHandler  
【日志内容】：You must either set Authority or IntrospectionEndpoint 
System.InvalidOperationException: You must either set Authority or IntrospectionEndpoint
   at IdentityModel.AspNetCore.OAuth2Introspection.OAuth2IntrospectionOptions.Validate()
   at IdentityModel.AspNetCore.OAuth2Introspection.PostConfigureOAuth2IntrospectionOptions.PostConfigure(String name, OAuth2IntrospectionOptions options)
   at Microsoft.Extensions.Options.OptionsFactory`1.Create(String name)
   at Microsoft.Extensions.Options.OptionsMonitor`1.<>c__DisplayClass11_0.<Get>b__0()
   at System.Lazy`1.ViaFactory(LazyThreadSafetyMode mode)
--- End of stack trace from previous location where exception was thrown ---
   at System.Lazy`1.CreateValue()
   at Microsoft.Extensions.Options.OptionsMonitor`1.Get(String name)
   at Microsoft.AspNetCore.Authentication.AuthenticationHandler`1.InitializeAsync(AuthenticationScheme scheme, HttpContext context)
   at Microsoft.AspNetCore.Authentication.AuthenticationHandlerProvider.GetHandlerAsync(HttpContext context, String authenticationScheme)
   at Microsoft.AspNetCore.Authentication.AuthenticationService.AuthenticateAsync(HttpContext context, String scheme)
   at IdentityServer4.AccessTokenValidation.IdentityServerAuthenticationHandler.HandleAuthenticateAsync()


【日志时间】：2020-07-20 00:18:42,705  【线程ID】：15    
【日志级别】：INFO   
【日志对象】：IdentityServer4.AccessTokenValidation.IdentityServerAuthenticationHandler  
【日志内容】：Bearer was not authenticated. Failure message: You must either set Authority or IntrospectionEndpoint 


【日志时间】：2020-07-20 00:18:42,728  【线程ID】：15    
【日志级别】：ERROR  
【日志对象】：Microsoft.AspNetCore.Diagnostics.DeveloperExceptionPageMiddleware  
【日志内容】：An unhandled exception has occurred while executing the request. 
System.InvalidOperationException: You must either set Authority or IntrospectionEndpoint
   at IdentityModel.AspNetCore.OAuth2Introspection.OAuth2IntrospectionOptions.Validate()
   at IdentityModel.AspNetCore.OAuth2Introspection.PostConfigureOAuth2IntrospectionOptions.PostConfigure(String name, OAuth2IntrospectionOptions options)
   at Microsoft.Extensions.Options.OptionsFactory`1.Create(String name)
   at Microsoft.Extensions.Options.OptionsMonitor`1.<>c__DisplayClass11_0.<Get>b__0()
   at System.Lazy`1.ViaFactory(LazyThreadSafetyMode mode)
--- End of stack trace from previous location where exception was thrown ---
   at System.Lazy`1.CreateValue()
   at Microsoft.Extensions.Options.OptionsMonitor`1.Get(String name)
   at Microsoft.AspNetCore.Authentication.AuthenticationHandler`1.InitializeAsync(AuthenticationScheme scheme, HttpContext context)
   at Microsoft.AspNetCore.Authentication.AuthenticationHandlerProvider.GetHandlerAsync(HttpContext context, String authenticationScheme)
   at Microsoft.AspNetCore.Authentication.AuthenticationService.ChallengeAsync(HttpContext context, String scheme, AuthenticationProperties properties)
   at IdentityServer4.AccessTokenValidation.IdentityServerAuthenticationHandler.HandleChallengeAsync(AuthenticationProperties properties)
   at Microsoft.AspNetCore.Authentication.AuthenticationHandler`1.ChallengeAsync(AuthenticationProperties properties)
   at Microsoft.AspNetCore.Authentication.AuthenticationService.ChallengeAsync(HttpContext context, String scheme, AuthenticationProperties properties)
   at Microsoft.AspNetCore.Authorization.AuthorizationMiddleware.Invoke(HttpContext context)
   at Microsoft.AspNetCore.Authentication.AuthenticationMiddleware.Invoke(HttpContext context)
   at Microsoft.AspNetCore.Session.SessionMiddleware.Invoke(HttpContext context)
   at Microsoft.AspNetCore.Session.SessionMiddleware.Invoke(HttpContext context)
   at Swashbuckle.AspNetCore.SwaggerUI.SwaggerUIMiddleware.Invoke(HttpContext httpContext)
   at Swashbuckle.AspNetCore.Swagger.SwaggerMiddleware.Invoke(HttpContext httpContext, ISwaggerProvider swaggerProvider)
   at Microsoft.AspNetCore.Diagnostics.DeveloperExceptionPageMiddleware.Invoke(HttpContext context)


【日志时间】：2020-07-20 00:21:26,088  【线程ID】：13    
【日志级别】：WARN   
【日志对象】：Microsoft.AspNetCore.HttpsPolicy.HttpsRedirectionMiddleware  
【日志内容】：Failed to determine the https port for redirect. 


【日志时间】：2020-07-20 00:21:28,424  【线程ID】：14    
【日志级别】：ERROR  
【日志对象】：IdentityServer4.AccessTokenValidation.IdentityServerAuthenticationHandler  
【日志内容】：You must either set Authority or IntrospectionEndpoint 
System.InvalidOperationException: You must either set Authority or IntrospectionEndpoint
   at IdentityModel.AspNetCore.OAuth2Introspection.OAuth2IntrospectionOptions.Validate()
   at IdentityModel.AspNetCore.OAuth2Introspection.PostConfigureOAuth2IntrospectionOptions.PostConfigure(String name, OAuth2IntrospectionOptions options)
   at Microsoft.Extensions.Options.OptionsFactory`1.Create(String name)
   at Microsoft.Extensions.Options.OptionsMonitor`1.<>c__DisplayClass11_0.<Get>b__0()
   at System.Lazy`1.ViaFactory(LazyThreadSafetyMode mode)
   at System.Lazy`1.ExecutionAndPublication(LazyHelper executionAndPublication, Boolean useDefaultConstructor)
   at System.Lazy`1.CreateValue()
   at System.Lazy`1.get_Value()
   at Microsoft.Extensions.Options.OptionsCache`1.GetOrAdd(String name, Func`1 createOptions)
   at Microsoft.Extensions.Options.OptionsMonitor`1.Get(String name)
   at Microsoft.AspNetCore.Authentication.AuthenticationHandler`1.InitializeAsync(AuthenticationScheme scheme, HttpContext context)
   at Microsoft.AspNetCore.Authentication.AuthenticationHandlerProvider.GetHandlerAsync(HttpContext context, String authenticationScheme)
   at Microsoft.AspNetCore.Authentication.AuthenticationService.AuthenticateAsync(HttpContext context, String scheme)
   at IdentityServer4.AccessTokenValidation.IdentityServerAuthenticationHandler.HandleAuthenticateAsync()


【日志时间】：2020-07-20 00:21:28,443  【线程ID】：14    
【日志级别】：INFO   
【日志对象】：IdentityServer4.AccessTokenValidation.IdentityServerAuthenticationHandler  
【日志内容】：Bearer was not authenticated. Failure message: You must either set Authority or IntrospectionEndpoint 


【日志时间】：2020-07-20 00:21:28,841  【线程ID】：14    
【日志级别】：INFO   
【日志对象】：System.Net.Http.HttpClient.Default.LogicalHandler  
【日志内容】：Start processing HTTP request POST http://localhost:56568/connect/token 


【日志时间】：2020-07-20 00:21:28,845  【线程ID】：14    
【日志级别】：INFO   
【日志对象】：System.Net.Http.HttpClient.Default.ClientHandler  
【日志内容】：Sending HTTP request POST http://localhost:56568/connect/token 


【日志时间】：2020-07-20 00:21:30,580  【线程ID】：6    
【日志级别】：INFO   
【日志对象】：System.Net.Http.HttpClient.Default.ClientHandler  
【日志内容】：Received HTTP response after 1731.7269ms - OK 


【日志时间】：2020-07-20 00:21:30,584  【线程ID】：6    
【日志级别】：INFO   
【日志对象】：System.Net.Http.HttpClient.Default.LogicalHandler  
【日志内容】：End processing HTTP request after 1745.2362ms - OK 


【日志时间】：2020-07-20 00:21:41,703  【线程ID】：13    
【日志级别】：ERROR  
【日志对象】：IdentityServer4.AccessTokenValidation.IdentityServerAuthenticationHandler  
【日志内容】：You must either set Authority or IntrospectionEndpoint 
System.InvalidOperationException: You must either set Authority or IntrospectionEndpoint
   at IdentityModel.AspNetCore.OAuth2Introspection.OAuth2IntrospectionOptions.Validate()
   at IdentityModel.AspNetCore.OAuth2Introspection.PostConfigureOAuth2IntrospectionOptions.PostConfigure(String name, OAuth2IntrospectionOptions options)
   at Microsoft.Extensions.Options.OptionsFactory`1.Create(String name)
   at Microsoft.Extensions.Options.OptionsMonitor`1.<>c__DisplayClass11_0.<Get>b__0()
   at System.Lazy`1.ViaFactory(LazyThreadSafetyMode mode)
--- End of stack trace from previous location where exception was thrown ---
   at System.Lazy`1.CreateValue()
   at System.Lazy`1.get_Value()
   at Microsoft.Extensions.Options.OptionsCache`1.GetOrAdd(String name, Func`1 createOptions)
   at Microsoft.Extensions.Options.OptionsMonitor`1.Get(String name)
   at Microsoft.AspNetCore.Authentication.AuthenticationHandler`1.InitializeAsync(AuthenticationScheme scheme, HttpContext context)
   at Microsoft.AspNetCore.Authentication.AuthenticationHandlerProvider.GetHandlerAsync(HttpContext context, String authenticationScheme)
   at Microsoft.AspNetCore.Authentication.AuthenticationService.AuthenticateAsync(HttpContext context, String scheme)
   at IdentityServer4.AccessTokenValidation.IdentityServerAuthenticationHandler.HandleAuthenticateAsync()


【日志时间】：2020-07-20 00:21:41,710  【线程ID】：13    
【日志级别】：INFO   
【日志对象】：IdentityServer4.AccessTokenValidation.IdentityServerAuthenticationHandler  
【日志内容】：Bearer was not authenticated. Failure message: You must either set Authority or IntrospectionEndpoint 


【日志时间】：2020-07-20 00:21:41,733  【线程ID】：13    
【日志级别】：ERROR  
【日志对象】：Microsoft.AspNetCore.Diagnostics.DeveloperExceptionPageMiddleware  
【日志内容】：An unhandled exception has occurred while executing the request. 
System.InvalidOperationException: You must either set Authority or IntrospectionEndpoint
   at IdentityModel.AspNetCore.OAuth2Introspection.OAuth2IntrospectionOptions.Validate()
   at IdentityModel.AspNetCore.OAuth2Introspection.PostConfigureOAuth2IntrospectionOptions.PostConfigure(String name, OAuth2IntrospectionOptions options)
   at Microsoft.Extensions.Options.OptionsFactory`1.Create(String name)
   at Microsoft.Extensions.Options.OptionsMonitor`1.<>c__DisplayClass11_0.<Get>b__0()
   at System.Lazy`1.ViaFactory(LazyThreadSafetyMode mode)
--- End of stack trace from previous location where exception was thrown ---
   at System.Lazy`1.CreateValue()
   at System.Lazy`1.get_Value()
   at Microsoft.Extensions.Options.OptionsCache`1.GetOrAdd(String name, Func`1 createOptions)
   at Microsoft.Extensions.Options.OptionsMonitor`1.Get(String name)
   at Microsoft.AspNetCore.Authentication.AuthenticationHandler`1.InitializeAsync(AuthenticationScheme scheme, HttpContext context)
   at Microsoft.AspNetCore.Authentication.AuthenticationHandlerProvider.GetHandlerAsync(HttpContext context, String authenticationScheme)
   at Microsoft.AspNetCore.Authentication.AuthenticationService.ChallengeAsync(HttpContext context, String scheme, AuthenticationProperties properties)
   at IdentityServer4.AccessTokenValidation.IdentityServerAuthenticationHandler.HandleChallengeAsync(AuthenticationProperties properties)
   at Microsoft.AspNetCore.Authentication.AuthenticationHandler`1.ChallengeAsync(AuthenticationProperties properties)
   at Microsoft.AspNetCore.Authentication.AuthenticationService.ChallengeAsync(HttpContext context, String scheme, AuthenticationProperties properties)
   at Microsoft.AspNetCore.Authorization.AuthorizationMiddleware.Invoke(HttpContext context)
   at Microsoft.AspNetCore.Authentication.AuthenticationMiddleware.Invoke(HttpContext context)
   at Microsoft.AspNetCore.Session.SessionMiddleware.Invoke(HttpContext context)
   at Microsoft.AspNetCore.Session.SessionMiddleware.Invoke(HttpContext context)
   at Swashbuckle.AspNetCore.SwaggerUI.SwaggerUIMiddleware.Invoke(HttpContext httpContext)
   at Swashbuckle.AspNetCore.Swagger.SwaggerMiddleware.Invoke(HttpContext httpContext, ISwaggerProvider swaggerProvider)
   at Microsoft.AspNetCore.Diagnostics.DeveloperExceptionPageMiddleware.Invoke(HttpContext context)


【日志时间】：2020-07-20 00:22:10,767  【线程ID】：4    
【日志级别】：WARN   
【日志对象】：Microsoft.AspNetCore.HttpsPolicy.HttpsRedirectionMiddleware  
【日志内容】：Failed to determine the https port for redirect. 


【日志时间】：2020-07-20 00:22:18,388  【线程ID】：8    
【日志级别】：ERROR  
【日志对象】：IdentityServer4.AccessTokenValidation.IdentityServerAuthenticationHandler  
【日志内容】：You must either set Authority or IntrospectionEndpoint 
System.InvalidOperationException: You must either set Authority or IntrospectionEndpoint
   at IdentityModel.AspNetCore.OAuth2Introspection.OAuth2IntrospectionOptions.Validate()
   at IdentityModel.AspNetCore.OAuth2Introspection.PostConfigureOAuth2IntrospectionOptions.PostConfigure(String name, OAuth2IntrospectionOptions options)
   at Microsoft.Extensions.Options.OptionsFactory`1.Create(String name)
   at Microsoft.Extensions.Options.OptionsMonitor`1.<>c__DisplayClass11_0.<Get>b__0()
   at System.Lazy`1.ViaFactory(LazyThreadSafetyMode mode)
   at System.Lazy`1.ExecutionAndPublication(LazyHelper executionAndPublication, Boolean useDefaultConstructor)
   at System.Lazy`1.CreateValue()
   at System.Lazy`1.get_Value()
   at Microsoft.Extensions.Options.OptionsCache`1.GetOrAdd(String name, Func`1 createOptions)
   at Microsoft.Extensions.Options.OptionsMonitor`1.Get(String name)
   at Microsoft.AspNetCore.Authentication.AuthenticationHandler`1.InitializeAsync(AuthenticationScheme scheme, HttpContext context)
   at Microsoft.AspNetCore.Authentication.AuthenticationHandlerProvider.GetHandlerAsync(HttpContext context, String authenticationScheme)
   at Microsoft.AspNetCore.Authentication.AuthenticationService.AuthenticateAsync(HttpContext context, String scheme)
   at IdentityServer4.AccessTokenValidation.IdentityServerAuthenticationHandler.HandleAuthenticateAsync()


【日志时间】：2020-07-20 00:22:18,397  【线程ID】：8    
【日志级别】：INFO   
【日志对象】：IdentityServer4.AccessTokenValidation.IdentityServerAuthenticationHandler  
【日志内容】：Bearer was not authenticated. Failure message: You must either set Authority or IntrospectionEndpoint 


【日志时间】：2020-07-20 00:22:18,424  【线程ID】：8    
【日志级别】：ERROR  
【日志对象】：Microsoft.AspNetCore.Diagnostics.DeveloperExceptionPageMiddleware  
【日志内容】：An unhandled exception has occurred while executing the request. 
System.InvalidOperationException: You must either set Authority or IntrospectionEndpoint
   at IdentityModel.AspNetCore.OAuth2Introspection.OAuth2IntrospectionOptions.Validate()
   at IdentityModel.AspNetCore.OAuth2Introspection.PostConfigureOAuth2IntrospectionOptions.PostConfigure(String name, OAuth2IntrospectionOptions options)
   at Microsoft.Extensions.Options.OptionsFactory`1.Create(String name)
   at Microsoft.Extensions.Options.OptionsMonitor`1.<>c__DisplayClass11_0.<Get>b__0()
   at System.Lazy`1.ViaFactory(LazyThreadSafetyMode mode)
--- End of stack trace from previous location where exception was thrown ---
   at System.Lazy`1.CreateValue()
   at System.Lazy`1.get_Value()
   at Microsoft.Extensions.Options.OptionsCache`1.GetOrAdd(String name, Func`1 createOptions)
   at Microsoft.Extensions.Options.OptionsMonitor`1.Get(String name)
   at Microsoft.AspNetCore.Authentication.AuthenticationHandler`1.InitializeAsync(AuthenticationScheme scheme, HttpContext context)
   at Microsoft.AspNetCore.Authentication.AuthenticationHandlerProvider.GetHandlerAsync(HttpContext context, String authenticationScheme)
   at Microsoft.AspNetCore.Authentication.AuthenticationService.ChallengeAsync(HttpContext context, String scheme, AuthenticationProperties properties)
   at IdentityServer4.AccessTokenValidation.IdentityServerAuthenticationHandler.HandleChallengeAsync(AuthenticationProperties properties)
   at Microsoft.AspNetCore.Authentication.AuthenticationHandler`1.ChallengeAsync(AuthenticationProperties properties)
   at Microsoft.AspNetCore.Authentication.AuthenticationService.ChallengeAsync(HttpContext context, String scheme, AuthenticationProperties properties)
   at Microsoft.AspNetCore.Authorization.AuthorizationMiddleware.Invoke(HttpContext context)
   at Microsoft.AspNetCore.Authentication.AuthenticationMiddleware.Invoke(HttpContext context)
   at Microsoft.AspNetCore.Session.SessionMiddleware.Invoke(HttpContext context)
   at Microsoft.AspNetCore.Session.SessionMiddleware.Invoke(HttpContext context)
   at Swashbuckle.AspNetCore.SwaggerUI.SwaggerUIMiddleware.Invoke(HttpContext httpContext)
   at Swashbuckle.AspNetCore.Swagger.SwaggerMiddleware.Invoke(HttpContext httpContext, ISwaggerProvider swaggerProvider)
   at Microsoft.AspNetCore.Diagnostics.DeveloperExceptionPageMiddleware.Invoke(HttpContext context)


【日志时间】：2020-07-20 00:22:23,180  【线程ID】：13    
【日志级别】：ERROR  
【日志对象】：IdentityServer4.AccessTokenValidation.IdentityServerAuthenticationHandler  
【日志内容】：You must either set Authority or IntrospectionEndpoint 
System.InvalidOperationException: You must either set Authority or IntrospectionEndpoint
   at IdentityModel.AspNetCore.OAuth2Introspection.OAuth2IntrospectionOptions.Validate()
   at IdentityModel.AspNetCore.OAuth2Introspection.PostConfigureOAuth2IntrospectionOptions.PostConfigure(String name, OAuth2IntrospectionOptions options)
   at Microsoft.Extensions.Options.OptionsFactory`1.Create(String name)
   at Microsoft.Extensions.Options.OptionsMonitor`1.<>c__DisplayClass11_0.<Get>b__0()
   at System.Lazy`1.ViaFactory(LazyThreadSafetyMode mode)
--- End of stack trace from previous location where exception was thrown ---
   at System.Lazy`1.CreateValue()
   at System.Lazy`1.get_Value()
   at Microsoft.Extensions.Options.OptionsCache`1.GetOrAdd(String name, Func`1 createOptions)
   at Microsoft.Extensions.Options.OptionsMonitor`1.Get(String name)
   at Microsoft.AspNetCore.Authentication.AuthenticationHandler`1.InitializeAsync(AuthenticationScheme scheme, HttpContext context)
   at Microsoft.AspNetCore.Authentication.AuthenticationHandlerProvider.GetHandlerAsync(HttpContext context, String authenticationScheme)
   at Microsoft.AspNetCore.Authentication.AuthenticationService.AuthenticateAsync(HttpContext context, String scheme)
   at IdentityServer4.AccessTokenValidation.IdentityServerAuthenticationHandler.HandleAuthenticateAsync()


【日志时间】：2020-07-20 00:22:23,194  【线程ID】：13    
【日志级别】：INFO   
【日志对象】：IdentityServer4.AccessTokenValidation.IdentityServerAuthenticationHandler  
【日志内容】：Bearer was not authenticated. Failure message: You must either set Authority or IntrospectionEndpoint 


【日志时间】：2020-07-20 00:22:23,200  【线程ID】：13    
【日志级别】：ERROR  
【日志对象】：Microsoft.AspNetCore.Diagnostics.DeveloperExceptionPageMiddleware  
【日志内容】：An unhandled exception has occurred while executing the request. 
System.InvalidOperationException: You must either set Authority or IntrospectionEndpoint
   at IdentityModel.AspNetCore.OAuth2Introspection.OAuth2IntrospectionOptions.Validate()
   at IdentityModel.AspNetCore.OAuth2Introspection.PostConfigureOAuth2IntrospectionOptions.PostConfigure(String name, OAuth2IntrospectionOptions options)
   at Microsoft.Extensions.Options.OptionsFactory`1.Create(String name)
   at Microsoft.Extensions.Options.OptionsMonitor`1.<>c__DisplayClass11_0.<Get>b__0()
   at System.Lazy`1.ViaFactory(LazyThreadSafetyMode mode)
--- End of stack trace from previous location where exception was thrown ---
   at System.Lazy`1.CreateValue()
   at System.Lazy`1.get_Value()
   at Microsoft.Extensions.Options.OptionsCache`1.GetOrAdd(String name, Func`1 createOptions)
   at Microsoft.Extensions.Options.OptionsMonitor`1.Get(String name)
   at Microsoft.AspNetCore.Authentication.AuthenticationHandler`1.InitializeAsync(AuthenticationScheme scheme, HttpContext context)
   at Microsoft.AspNetCore.Authentication.AuthenticationHandlerProvider.GetHandlerAsync(HttpContext context, String authenticationScheme)
   at Microsoft.AspNetCore.Authentication.AuthenticationService.ChallengeAsync(HttpContext context, String scheme, AuthenticationProperties properties)
   at IdentityServer4.AccessTokenValidation.IdentityServerAuthenticationHandler.HandleChallengeAsync(AuthenticationProperties properties)
   at Microsoft.AspNetCore.Authentication.AuthenticationHandler`1.ChallengeAsync(AuthenticationProperties properties)
   at Microsoft.AspNetCore.Authentication.AuthenticationService.ChallengeAsync(HttpContext context, String scheme, AuthenticationProperties properties)
   at Microsoft.AspNetCore.Authorization.AuthorizationMiddleware.Invoke(HttpContext context)
   at Microsoft.AspNetCore.Authentication.AuthenticationMiddleware.Invoke(HttpContext context)
   at Microsoft.AspNetCore.Session.SessionMiddleware.Invoke(HttpContext context)
   at Microsoft.AspNetCore.Session.SessionMiddleware.Invoke(HttpContext context)
   at Swashbuckle.AspNetCore.SwaggerUI.SwaggerUIMiddleware.Invoke(HttpContext httpContext)
   at Swashbuckle.AspNetCore.Swagger.SwaggerMiddleware.Invoke(HttpContext httpContext, ISwaggerProvider swaggerProvider)
   at Microsoft.AspNetCore.Diagnostics.DeveloperExceptionPageMiddleware.Invoke(HttpContext context)


【日志时间】：2020-07-20 00:23:00,537  【线程ID】：9    
【日志级别】：WARN   
【日志对象】：Microsoft.AspNetCore.HttpsPolicy.HttpsRedirectionMiddleware  
【日志内容】：Failed to determine the https port for redirect. 


【日志时间】：2020-07-20 00:23:06,114  【线程ID】：12    
【日志级别】：ERROR  
【日志对象】：IdentityServer4.AccessTokenValidation.IdentityServerAuthenticationHandler  
【日志内容】：You must either set Authority or IntrospectionEndpoint 
System.InvalidOperationException: You must either set Authority or IntrospectionEndpoint
   at IdentityModel.AspNetCore.OAuth2Introspection.OAuth2IntrospectionOptions.Validate()
   at IdentityModel.AspNetCore.OAuth2Introspection.PostConfigureOAuth2IntrospectionOptions.PostConfigure(String name, OAuth2IntrospectionOptions options)
   at Microsoft.Extensions.Options.OptionsFactory`1.Create(String name)
   at Microsoft.Extensions.Options.OptionsMonitor`1.<>c__DisplayClass11_0.<Get>b__0()
   at System.Lazy`1.ViaFactory(LazyThreadSafetyMode mode)
   at System.Lazy`1.ExecutionAndPublication(LazyHelper executionAndPublication, Boolean useDefaultConstructor)
   at System.Lazy`1.CreateValue()
   at System.Lazy`1.get_Value()
   at Microsoft.Extensions.Options.OptionsCache`1.GetOrAdd(String name, Func`1 createOptions)
   at Microsoft.Extensions.Options.OptionsMonitor`1.Get(String name)
   at Microsoft.AspNetCore.Authentication.AuthenticationHandler`1.InitializeAsync(AuthenticationScheme scheme, HttpContext context)
   at Microsoft.AspNetCore.Authentication.AuthenticationHandlerProvider.GetHandlerAsync(HttpContext context, String authenticationScheme)
   at Microsoft.AspNetCore.Authentication.AuthenticationService.AuthenticateAsync(HttpContext context, String scheme)
   at IdentityServer4.AccessTokenValidation.IdentityServerAuthenticationHandler.HandleAuthenticateAsync()


【日志时间】：2020-07-20 00:23:06,147  【线程ID】：12    
【日志级别】：INFO   
【日志对象】：IdentityServer4.AccessTokenValidation.IdentityServerAuthenticationHandler  
【日志内容】：Bearer was not authenticated. Failure message: You must either set Authority or IntrospectionEndpoint 


【日志时间】：2020-07-20 00:23:06,254  【线程ID】：12    
【日志级别】：ERROR  
【日志对象】：Microsoft.AspNetCore.Diagnostics.DeveloperExceptionPageMiddleware  
【日志内容】：An unhandled exception has occurred while executing the request. 
System.InvalidOperationException: You must either set Authority or IntrospectionEndpoint
   at IdentityModel.AspNetCore.OAuth2Introspection.OAuth2IntrospectionOptions.Validate()
   at IdentityModel.AspNetCore.OAuth2Introspection.PostConfigureOAuth2IntrospectionOptions.PostConfigure(String name, OAuth2IntrospectionOptions options)
   at Microsoft.Extensions.Options.OptionsFactory`1.Create(String name)
   at Microsoft.Extensions.Options.OptionsMonitor`1.<>c__DisplayClass11_0.<Get>b__0()
   at System.Lazy`1.ViaFactory(LazyThreadSafetyMode mode)
--- End of stack trace from previous location where exception was thrown ---
   at System.Lazy`1.CreateValue()
   at System.Lazy`1.get_Value()
   at Microsoft.Extensions.Options.OptionsCache`1.GetOrAdd(String name, Func`1 createOptions)
   at Microsoft.Extensions.Options.OptionsMonitor`1.Get(String name)
   at Microsoft.AspNetCore.Authentication.AuthenticationHandler`1.InitializeAsync(AuthenticationScheme scheme, HttpContext context)
   at Microsoft.AspNetCore.Authentication.AuthenticationHandlerProvider.GetHandlerAsync(HttpContext context, String authenticationScheme)
   at Microsoft.AspNetCore.Authentication.AuthenticationService.ChallengeAsync(HttpContext context, String scheme, AuthenticationProperties properties)
   at IdentityServer4.AccessTokenValidation.IdentityServerAuthenticationHandler.HandleChallengeAsync(AuthenticationProperties properties)
   at Microsoft.AspNetCore.Authentication.AuthenticationHandler`1.ChallengeAsync(AuthenticationProperties properties)
   at Microsoft.AspNetCore.Authentication.AuthenticationService.ChallengeAsync(HttpContext context, String scheme, AuthenticationProperties properties)
   at Microsoft.AspNetCore.Authorization.AuthorizationMiddleware.Invoke(HttpContext context)
   at Microsoft.AspNetCore.Authentication.AuthenticationMiddleware.Invoke(HttpContext context)
   at Microsoft.AspNetCore.Session.SessionMiddleware.Invoke(HttpContext context)
   at Microsoft.AspNetCore.Session.SessionMiddleware.Invoke(HttpContext context)
   at Swashbuckle.AspNetCore.SwaggerUI.SwaggerUIMiddleware.Invoke(HttpContext httpContext)
   at Swashbuckle.AspNetCore.Swagger.SwaggerMiddleware.Invoke(HttpContext httpContext, ISwaggerProvider swaggerProvider)
   at Microsoft.AspNetCore.Diagnostics.DeveloperExceptionPageMiddleware.Invoke(HttpContext context)


【日志时间】：2020-07-20 00:23:15,186  【线程ID】：4    
【日志级别】：ERROR  
【日志对象】：IdentityServer4.AccessTokenValidation.IdentityServerAuthenticationHandler  
【日志内容】：You must either set Authority or IntrospectionEndpoint 
System.InvalidOperationException: You must either set Authority or IntrospectionEndpoint
   at IdentityModel.AspNetCore.OAuth2Introspection.OAuth2IntrospectionOptions.Validate()
   at IdentityModel.AspNetCore.OAuth2Introspection.PostConfigureOAuth2IntrospectionOptions.PostConfigure(String name, OAuth2IntrospectionOptions options)
   at Microsoft.Extensions.Options.OptionsFactory`1.Create(String name)
   at Microsoft.Extensions.Options.OptionsMonitor`1.<>c__DisplayClass11_0.<Get>b__0()
   at System.Lazy`1.ViaFactory(LazyThreadSafetyMode mode)
--- End of stack trace from previous location where exception was thrown ---
   at System.Lazy`1.CreateValue()
   at System.Lazy`1.get_Value()
   at Microsoft.Extensions.Options.OptionsCache`1.GetOrAdd(String name, Func`1 createOptions)
   at Microsoft.Extensions.Options.OptionsMonitor`1.Get(String name)
   at Microsoft.AspNetCore.Authentication.AuthenticationHandler`1.InitializeAsync(AuthenticationScheme scheme, HttpContext context)
   at Microsoft.AspNetCore.Authentication.AuthenticationHandlerProvider.GetHandlerAsync(HttpContext context, String authenticationScheme)
   at Microsoft.AspNetCore.Authentication.AuthenticationService.AuthenticateAsync(HttpContext context, String scheme)
   at IdentityServer4.AccessTokenValidation.IdentityServerAuthenticationHandler.HandleAuthenticateAsync()


【日志时间】：2020-07-20 00:23:15,195  【线程ID】：4    
【日志级别】：INFO   
【日志对象】：IdentityServer4.AccessTokenValidation.IdentityServerAuthenticationHandler  
【日志内容】：Bearer was not authenticated. Failure message: You must either set Authority or IntrospectionEndpoint 


【日志时间】：2020-07-20 00:23:15,207  【线程ID】：4    
【日志级别】：ERROR  
【日志对象】：Microsoft.AspNetCore.Diagnostics.DeveloperExceptionPageMiddleware  
【日志内容】：An unhandled exception has occurred while executing the request. 
System.InvalidOperationException: You must either set Authority or IntrospectionEndpoint
   at IdentityModel.AspNetCore.OAuth2Introspection.OAuth2IntrospectionOptions.Validate()
   at IdentityModel.AspNetCore.OAuth2Introspection.PostConfigureOAuth2IntrospectionOptions.PostConfigure(String name, OAuth2IntrospectionOptions options)
   at Microsoft.Extensions.Options.OptionsFactory`1.Create(String name)
   at Microsoft.Extensions.Options.OptionsMonitor`1.<>c__DisplayClass11_0.<Get>b__0()
   at System.Lazy`1.ViaFactory(LazyThreadSafetyMode mode)
--- End of stack trace from previous location where exception was thrown ---
   at System.Lazy`1.CreateValue()
   at System.Lazy`1.get_Value()
   at Microsoft.Extensions.Options.OptionsCache`1.GetOrAdd(String name, Func`1 createOptions)
   at Microsoft.Extensions.Options.OptionsMonitor`1.Get(String name)
   at Microsoft.AspNetCore.Authentication.AuthenticationHandler`1.InitializeAsync(AuthenticationScheme scheme, HttpContext context)
   at Microsoft.AspNetCore.Authentication.AuthenticationHandlerProvider.GetHandlerAsync(HttpContext context, String authenticationScheme)
   at Microsoft.AspNetCore.Authentication.AuthenticationService.ChallengeAsync(HttpContext context, String scheme, AuthenticationProperties properties)
   at IdentityServer4.AccessTokenValidation.IdentityServerAuthenticationHandler.HandleChallengeAsync(AuthenticationProperties properties)
   at Microsoft.AspNetCore.Authentication.AuthenticationHandler`1.ChallengeAsync(AuthenticationProperties properties)
   at Microsoft.AspNetCore.Authentication.AuthenticationService.ChallengeAsync(HttpContext context, String scheme, AuthenticationProperties properties)
   at Microsoft.AspNetCore.Authorization.AuthorizationMiddleware.Invoke(HttpContext context)
   at Microsoft.AspNetCore.Authentication.AuthenticationMiddleware.Invoke(HttpContext context)
   at Microsoft.AspNetCore.Session.SessionMiddleware.Invoke(HttpContext context)
   at Microsoft.AspNetCore.Session.SessionMiddleware.Invoke(HttpContext context)
   at Swashbuckle.AspNetCore.SwaggerUI.SwaggerUIMiddleware.Invoke(HttpContext httpContext)
   at Swashbuckle.AspNetCore.Swagger.SwaggerMiddleware.Invoke(HttpContext httpContext, ISwaggerProvider swaggerProvider)
   at Microsoft.AspNetCore.Diagnostics.DeveloperExceptionPageMiddleware.Invoke(HttpContext context)


【日志时间】：2020-07-20 00:23:16,564  【线程ID】：9    
【日志级别】：ERROR  
【日志对象】：IdentityServer4.AccessTokenValidation.IdentityServerAuthenticationHandler  
【日志内容】：You must either set Authority or IntrospectionEndpoint 
System.InvalidOperationException: You must either set Authority or IntrospectionEndpoint
   at IdentityModel.AspNetCore.OAuth2Introspection.OAuth2IntrospectionOptions.Validate()
   at IdentityModel.AspNetCore.OAuth2Introspection.PostConfigureOAuth2IntrospectionOptions.PostConfigure(String name, OAuth2IntrospectionOptions options)
   at Microsoft.Extensions.Options.OptionsFactory`1.Create(String name)
   at Microsoft.Extensions.Options.OptionsMonitor`1.<>c__DisplayClass11_0.<Get>b__0()
   at System.Lazy`1.ViaFactory(LazyThreadSafetyMode mode)
--- End of stack trace from previous location where exception was thrown ---
   at System.Lazy`1.CreateValue()
   at System.Lazy`1.get_Value()
   at Microsoft.Extensions.Options.OptionsCache`1.GetOrAdd(String name, Func`1 createOptions)
   at Microsoft.Extensions.Options.OptionsMonitor`1.Get(String name)
   at Microsoft.AspNetCore.Authentication.AuthenticationHandler`1.InitializeAsync(AuthenticationScheme scheme, HttpContext context)
   at Microsoft.AspNetCore.Authentication.AuthenticationHandlerProvider.GetHandlerAsync(HttpContext context, String authenticationScheme)
   at Microsoft.AspNetCore.Authentication.AuthenticationService.AuthenticateAsync(HttpContext context, String scheme)
   at IdentityServer4.AccessTokenValidation.IdentityServerAuthenticationHandler.HandleAuthenticateAsync()


【日志时间】：2020-07-20 00:23:16,573  【线程ID】：9    
【日志级别】：INFO   
【日志对象】：IdentityServer4.AccessTokenValidation.IdentityServerAuthenticationHandler  
【日志内容】：Bearer was not authenticated. Failure message: You must either set Authority or IntrospectionEndpoint 


【日志时间】：2020-07-20 00:23:16,587  【线程ID】：9    
【日志级别】：ERROR  
【日志对象】：Microsoft.AspNetCore.Diagnostics.DeveloperExceptionPageMiddleware  
【日志内容】：An unhandled exception has occurred while executing the request. 
System.InvalidOperationException: You must either set Authority or IntrospectionEndpoint
   at IdentityModel.AspNetCore.OAuth2Introspection.OAuth2IntrospectionOptions.Validate()
   at IdentityModel.AspNetCore.OAuth2Introspection.PostConfigureOAuth2IntrospectionOptions.PostConfigure(String name, OAuth2IntrospectionOptions options)
   at Microsoft.Extensions.Options.OptionsFactory`1.Create(String name)
   at Microsoft.Extensions.Options.OptionsMonitor`1.<>c__DisplayClass11_0.<Get>b__0()
   at System.Lazy`1.ViaFactory(LazyThreadSafetyMode mode)
--- End of stack trace from previous location where exception was thrown ---
   at System.Lazy`1.CreateValue()
   at System.Lazy`1.get_Value()
   at Microsoft.Extensions.Options.OptionsCache`1.GetOrAdd(String name, Func`1 createOptions)
   at Microsoft.Extensions.Options.OptionsMonitor`1.Get(String name)
   at Microsoft.AspNetCore.Authentication.AuthenticationHandler`1.InitializeAsync(AuthenticationScheme scheme, HttpContext context)
   at Microsoft.AspNetCore.Authentication.AuthenticationHandlerProvider.GetHandlerAsync(HttpContext context, String authenticationScheme)
   at Microsoft.AspNetCore.Authentication.AuthenticationService.ChallengeAsync(HttpContext context, String scheme, AuthenticationProperties properties)
   at IdentityServer4.AccessTokenValidation.IdentityServerAuthenticationHandler.HandleChallengeAsync(AuthenticationProperties properties)
   at Microsoft.AspNetCore.Authentication.AuthenticationHandler`1.ChallengeAsync(AuthenticationProperties properties)
   at Microsoft.AspNetCore.Authentication.AuthenticationService.ChallengeAsync(HttpContext context, String scheme, AuthenticationProperties properties)
   at Microsoft.AspNetCore.Authorization.AuthorizationMiddleware.Invoke(HttpContext context)
   at Microsoft.AspNetCore.Authentication.AuthenticationMiddleware.Invoke(HttpContext context)
   at Microsoft.AspNetCore.Session.SessionMiddleware.Invoke(HttpContext context)
   at Microsoft.AspNetCore.Session.SessionMiddleware.Invoke(HttpContext context)
   at Swashbuckle.AspNetCore.SwaggerUI.SwaggerUIMiddleware.Invoke(HttpContext httpContext)
   at Swashbuckle.AspNetCore.Swagger.SwaggerMiddleware.Invoke(HttpContext httpContext, ISwaggerProvider swaggerProvider)
   at Microsoft.AspNetCore.Diagnostics.DeveloperExceptionPageMiddleware.Invoke(HttpContext context)


【日志时间】：2020-07-20 00:23:17,225  【线程ID】：12    
【日志级别】：ERROR  
【日志对象】：IdentityServer4.AccessTokenValidation.IdentityServerAuthenticationHandler  
【日志内容】：You must either set Authority or IntrospectionEndpoint 
System.InvalidOperationException: You must either set Authority or IntrospectionEndpoint
   at IdentityModel.AspNetCore.OAuth2Introspection.OAuth2IntrospectionOptions.Validate()
   at IdentityModel.AspNetCore.OAuth2Introspection.PostConfigureOAuth2IntrospectionOptions.PostConfigure(String name, OAuth2IntrospectionOptions options)
   at Microsoft.Extensions.Options.OptionsFactory`1.Create(String name)
   at Microsoft.Extensions.Options.OptionsMonitor`1.<>c__DisplayClass11_0.<Get>b__0()
   at System.Lazy`1.ViaFactory(LazyThreadSafetyMode mode)
--- End of stack trace from previous location where exception was thrown ---
   at System.Lazy`1.CreateValue()
   at System.Lazy`1.get_Value()
   at Microsoft.Extensions.Options.OptionsCache`1.GetOrAdd(String name, Func`1 createOptions)
   at Microsoft.Extensions.Options.OptionsMonitor`1.Get(String name)
   at Microsoft.AspNetCore.Authentication.AuthenticationHandler`1.InitializeAsync(AuthenticationScheme scheme, HttpContext context)
   at Microsoft.AspNetCore.Authentication.AuthenticationHandlerProvider.GetHandlerAsync(HttpContext context, String authenticationScheme)
   at Microsoft.AspNetCore.Authentication.AuthenticationService.AuthenticateAsync(HttpContext context, String scheme)
   at IdentityServer4.AccessTokenValidation.IdentityServerAuthenticationHandler.HandleAuthenticateAsync()


【日志时间】：2020-07-20 00:23:17,232  【线程ID】：12    
【日志级别】：INFO   
【日志对象】：IdentityServer4.AccessTokenValidation.IdentityServerAuthenticationHandler  
【日志内容】：Bearer was not authenticated. Failure message: You must either set Authority or IntrospectionEndpoint 


【日志时间】：2020-07-20 00:23:17,243  【线程ID】：12    
【日志级别】：ERROR  
【日志对象】：Microsoft.AspNetCore.Diagnostics.DeveloperExceptionPageMiddleware  
【日志内容】：An unhandled exception has occurred while executing the request. 
System.InvalidOperationException: You must either set Authority or IntrospectionEndpoint
   at IdentityModel.AspNetCore.OAuth2Introspection.OAuth2IntrospectionOptions.Validate()
   at IdentityModel.AspNetCore.OAuth2Introspection.PostConfigureOAuth2IntrospectionOptions.PostConfigure(String name, OAuth2IntrospectionOptions options)
   at Microsoft.Extensions.Options.OptionsFactory`1.Create(String name)
   at Microsoft.Extensions.Options.OptionsMonitor`1.<>c__DisplayClass11_0.<Get>b__0()
   at System.Lazy`1.ViaFactory(LazyThreadSafetyMode mode)
--- End of stack trace from previous location where exception was thrown ---
   at System.Lazy`1.CreateValue()
   at System.Lazy`1.get_Value()
   at Microsoft.Extensions.Options.OptionsCache`1.GetOrAdd(String name, Func`1 createOptions)
   at Microsoft.Extensions.Options.OptionsMonitor`1.Get(String name)
   at Microsoft.AspNetCore.Authentication.AuthenticationHandler`1.InitializeAsync(AuthenticationScheme scheme, HttpContext context)
   at Microsoft.AspNetCore.Authentication.AuthenticationHandlerProvider.GetHandlerAsync(HttpContext context, String authenticationScheme)
   at Microsoft.AspNetCore.Authentication.AuthenticationService.ChallengeAsync(HttpContext context, String scheme, AuthenticationProperties properties)
   at IdentityServer4.AccessTokenValidation.IdentityServerAuthenticationHandler.HandleChallengeAsync(AuthenticationProperties properties)
   at Microsoft.AspNetCore.Authentication.AuthenticationHandler`1.ChallengeAsync(AuthenticationProperties properties)
   at Microsoft.AspNetCore.Authentication.AuthenticationService.ChallengeAsync(HttpContext context, String scheme, AuthenticationProperties properties)
   at Microsoft.AspNetCore.Authorization.AuthorizationMiddleware.Invoke(HttpContext context)
   at Microsoft.AspNetCore.Authentication.AuthenticationMiddleware.Invoke(HttpContext context)
   at Microsoft.AspNetCore.Session.SessionMiddleware.Invoke(HttpContext context)
   at Microsoft.AspNetCore.Session.SessionMiddleware.Invoke(HttpContext context)
   at Swashbuckle.AspNetCore.SwaggerUI.SwaggerUIMiddleware.Invoke(HttpContext httpContext)
   at Swashbuckle.AspNetCore.Swagger.SwaggerMiddleware.Invoke(HttpContext httpContext, ISwaggerProvider swaggerProvider)
   at Microsoft.AspNetCore.Diagnostics.DeveloperExceptionPageMiddleware.Invoke(HttpContext context)


【日志时间】：2020-07-20 00:23:17,711  【线程ID】：11    
【日志级别】：ERROR  
【日志对象】：IdentityServer4.AccessTokenValidation.IdentityServerAuthenticationHandler  
【日志内容】：You must either set Authority or IntrospectionEndpoint 
System.InvalidOperationException: You must either set Authority or IntrospectionEndpoint
   at IdentityModel.AspNetCore.OAuth2Introspection.OAuth2IntrospectionOptions.Validate()
   at IdentityModel.AspNetCore.OAuth2Introspection.PostConfigureOAuth2IntrospectionOptions.PostConfigure(String name, OAuth2IntrospectionOptions options)
   at Microsoft.Extensions.Options.OptionsFactory`1.Create(String name)
   at Microsoft.Extensions.Options.OptionsMonitor`1.<>c__DisplayClass11_0.<Get>b__0()
   at System.Lazy`1.ViaFactory(LazyThreadSafetyMode mode)
--- End of stack trace from previous location where exception was thrown ---
   at System.Lazy`1.CreateValue()
   at Microsoft.Extensions.Options.OptionsMonitor`1.Get(String name)
   at Microsoft.AspNetCore.Authentication.AuthenticationHandler`1.InitializeAsync(AuthenticationScheme scheme, HttpContext context)
   at Microsoft.AspNetCore.Authentication.AuthenticationHandlerProvider.GetHandlerAsync(HttpContext context, String authenticationScheme)
   at Microsoft.AspNetCore.Authentication.AuthenticationService.AuthenticateAsync(HttpContext context, String scheme)
   at IdentityServer4.AccessTokenValidation.IdentityServerAuthenticationHandler.HandleAuthenticateAsync()


【日志时间】：2020-07-20 00:23:17,721  【线程ID】：11    
【日志级别】：INFO   
【日志对象】：IdentityServer4.AccessTokenValidation.IdentityServerAuthenticationHandler  
【日志内容】：Bearer was not authenticated. Failure message: You must either set Authority or IntrospectionEndpoint 


【日志时间】：2020-07-20 00:23:17,735  【线程ID】：11    
【日志级别】：ERROR  
【日志对象】：Microsoft.AspNetCore.Diagnostics.DeveloperExceptionPageMiddleware  
【日志内容】：An unhandled exception has occurred while executing the request. 
System.InvalidOperationException: You must either set Authority or IntrospectionEndpoint
   at IdentityModel.AspNetCore.OAuth2Introspection.OAuth2IntrospectionOptions.Validate()
   at IdentityModel.AspNetCore.OAuth2Introspection.PostConfigureOAuth2IntrospectionOptions.PostConfigure(String name, OAuth2IntrospectionOptions options)
   at Microsoft.Extensions.Options.OptionsFactory`1.Create(String name)
   at Microsoft.Extensions.Options.OptionsMonitor`1.<>c__DisplayClass11_0.<Get>b__0()
   at System.Lazy`1.ViaFactory(LazyThreadSafetyMode mode)
--- End of stack trace from previous location where exception was thrown ---
   at System.Lazy`1.CreateValue()
   at Microsoft.Extensions.Options.OptionsMonitor`1.Get(String name)
   at Microsoft.AspNetCore.Authentication.AuthenticationHandler`1.InitializeAsync(AuthenticationScheme scheme, HttpContext context)
   at Microsoft.AspNetCore.Authentication.AuthenticationHandlerProvider.GetHandlerAsync(HttpContext context, String authenticationScheme)
   at Microsoft.AspNetCore.Authentication.AuthenticationService.ChallengeAsync(HttpContext context, String scheme, AuthenticationProperties properties)
   at IdentityServer4.AccessTokenValidation.IdentityServerAuthenticationHandler.HandleChallengeAsync(AuthenticationProperties properties)
   at Microsoft.AspNetCore.Authentication.AuthenticationHandler`1.ChallengeAsync(AuthenticationProperties properties)
   at Microsoft.AspNetCore.Authentication.AuthenticationService.ChallengeAsync(HttpContext context, String scheme, AuthenticationProperties properties)
   at Microsoft.AspNetCore.Authorization.AuthorizationMiddleware.Invoke(HttpContext context)
   at Microsoft.AspNetCore.Authentication.AuthenticationMiddleware.Invoke(HttpContext context)
   at Microsoft.AspNetCore.Session.SessionMiddleware.Invoke(HttpContext context)
   at Microsoft.AspNetCore.Session.SessionMiddleware.Invoke(HttpContext context)
   at Swashbuckle.AspNetCore.SwaggerUI.SwaggerUIMiddleware.Invoke(HttpContext httpContext)
   at Swashbuckle.AspNetCore.Swagger.SwaggerMiddleware.Invoke(HttpContext httpContext, ISwaggerProvider swaggerProvider)
   at Microsoft.AspNetCore.Diagnostics.DeveloperExceptionPageMiddleware.Invoke(HttpContext context)


【日志时间】：2020-07-20 00:23:18,121  【线程ID】：7    
【日志级别】：ERROR  
【日志对象】：IdentityServer4.AccessTokenValidation.IdentityServerAuthenticationHandler  
【日志内容】：You must either set Authority or IntrospectionEndpoint 
System.InvalidOperationException: You must either set Authority or IntrospectionEndpoint
   at IdentityModel.AspNetCore.OAuth2Introspection.OAuth2IntrospectionOptions.Validate()
   at IdentityModel.AspNetCore.OAuth2Introspection.PostConfigureOAuth2IntrospectionOptions.PostConfigure(String name, OAuth2IntrospectionOptions options)
   at Microsoft.Extensions.Options.OptionsFactory`1.Create(String name)
   at Microsoft.Extensions.Options.OptionsMonitor`1.<>c__DisplayClass11_0.<Get>b__0()
   at System.Lazy`1.ViaFactory(LazyThreadSafetyMode mode)
--- End of stack trace from previous location where exception was thrown ---
   at System.Lazy`1.CreateValue()
   at Microsoft.Extensions.Options.OptionsMonitor`1.Get(String name)
   at Microsoft.AspNetCore.Authentication.AuthenticationHandler`1.InitializeAsync(AuthenticationScheme scheme, HttpContext context)
   at Microsoft.AspNetCore.Authentication.AuthenticationHandlerProvider.GetHandlerAsync(HttpContext context, String authenticationScheme)
   at Microsoft.AspNetCore.Authentication.AuthenticationService.AuthenticateAsync(HttpContext context, String scheme)
   at IdentityServer4.AccessTokenValidation.IdentityServerAuthenticationHandler.HandleAuthenticateAsync()


【日志时间】：2020-07-20 00:23:18,129  【线程ID】：7    
【日志级别】：INFO   
【日志对象】：IdentityServer4.AccessTokenValidation.IdentityServerAuthenticationHandler  
【日志内容】：Bearer was not authenticated. Failure message: You must either set Authority or IntrospectionEndpoint 


【日志时间】：2020-07-20 00:23:18,138  【线程ID】：7    
【日志级别】：ERROR  
【日志对象】：Microsoft.AspNetCore.Diagnostics.DeveloperExceptionPageMiddleware  
【日志内容】：An unhandled exception has occurred while executing the request. 
System.InvalidOperationException: You must either set Authority or IntrospectionEndpoint
   at IdentityModel.AspNetCore.OAuth2Introspection.OAuth2IntrospectionOptions.Validate()
   at IdentityModel.AspNetCore.OAuth2Introspection.PostConfigureOAuth2IntrospectionOptions.PostConfigure(String name, OAuth2IntrospectionOptions options)
   at Microsoft.Extensions.Options.OptionsFactory`1.Create(String name)
   at Microsoft.Extensions.Options.OptionsMonitor`1.<>c__DisplayClass11_0.<Get>b__0()
   at System.Lazy`1.ViaFactory(LazyThreadSafetyMode mode)
--- End of stack trace from previous location where exception was thrown ---
   at System.Lazy`1.CreateValue()
   at Microsoft.Extensions.Options.OptionsMonitor`1.Get(String name)
   at Microsoft.AspNetCore.Authentication.AuthenticationHandler`1.InitializeAsync(AuthenticationScheme scheme, HttpContext context)
   at Microsoft.AspNetCore.Authentication.AuthenticationHandlerProvider.GetHandlerAsync(HttpContext context, String authenticationScheme)
   at Microsoft.AspNetCore.Authentication.AuthenticationService.ChallengeAsync(HttpContext context, String scheme, AuthenticationProperties properties)
   at IdentityServer4.AccessTokenValidation.IdentityServerAuthenticationHandler.HandleChallengeAsync(AuthenticationProperties properties)
   at Microsoft.AspNetCore.Authentication.AuthenticationHandler`1.ChallengeAsync(AuthenticationProperties properties)
   at Microsoft.AspNetCore.Authentication.AuthenticationService.ChallengeAsync(HttpContext context, String scheme, AuthenticationProperties properties)
   at Microsoft.AspNetCore.Authorization.AuthorizationMiddleware.Invoke(HttpContext context)
   at Microsoft.AspNetCore.Authentication.AuthenticationMiddleware.Invoke(HttpContext context)
   at Microsoft.AspNetCore.Session.SessionMiddleware.Invoke(HttpContext context)
   at Microsoft.AspNetCore.Session.SessionMiddleware.Invoke(HttpContext context)
   at Swashbuckle.AspNetCore.SwaggerUI.SwaggerUIMiddleware.Invoke(HttpContext httpContext)
   at Swashbuckle.AspNetCore.Swagger.SwaggerMiddleware.Invoke(HttpContext httpContext, ISwaggerProvider swaggerProvider)
   at Microsoft.AspNetCore.Diagnostics.DeveloperExceptionPageMiddleware.Invoke(HttpContext context)


【日志时间】：2020-07-20 00:23:18,275  【线程ID】：7    
【日志级别】：ERROR  
【日志对象】：IdentityServer4.AccessTokenValidation.IdentityServerAuthenticationHandler  
【日志内容】：You must either set Authority or IntrospectionEndpoint 
System.InvalidOperationException: You must either set Authority or IntrospectionEndpoint
   at IdentityModel.AspNetCore.OAuth2Introspection.OAuth2IntrospectionOptions.Validate()
   at IdentityModel.AspNetCore.OAuth2Introspection.PostConfigureOAuth2IntrospectionOptions.PostConfigure(String name, OAuth2IntrospectionOptions options)
   at Microsoft.Extensions.Options.OptionsFactory`1.Create(String name)
   at Microsoft.Extensions.Options.OptionsMonitor`1.<>c__DisplayClass11_0.<Get>b__0()
   at System.Lazy`1.ViaFactory(LazyThreadSafetyMode mode)
--- End of stack trace from previous location where exception was thrown ---
   at System.Lazy`1.CreateValue()
   at Microsoft.Extensions.Options.OptionsMonitor`1.Get(String name)
   at Microsoft.AspNetCore.Authentication.AuthenticationHandler`1.InitializeAsync(AuthenticationScheme scheme, HttpContext context)
   at Microsoft.AspNetCore.Authentication.AuthenticationHandlerProvider.GetHandlerAsync(HttpContext context, String authenticationScheme)
   at Microsoft.AspNetCore.Authentication.AuthenticationService.AuthenticateAsync(HttpContext context, String scheme)
   at IdentityServer4.AccessTokenValidation.IdentityServerAuthenticationHandler.HandleAuthenticateAsync()


【日志时间】：2020-07-20 00:23:18,283  【线程ID】：7    
【日志级别】：INFO   
【日志对象】：IdentityServer4.AccessTokenValidation.IdentityServerAuthenticationHandler  
【日志内容】：Bearer was not authenticated. Failure message: You must either set Authority or IntrospectionEndpoint 


【日志时间】：2020-07-20 00:23:18,292  【线程ID】：7    
【日志级别】：ERROR  
【日志对象】：Microsoft.AspNetCore.Diagnostics.DeveloperExceptionPageMiddleware  
【日志内容】：An unhandled exception has occurred while executing the request. 
System.InvalidOperationException: You must either set Authority or IntrospectionEndpoint
   at IdentityModel.AspNetCore.OAuth2Introspection.OAuth2IntrospectionOptions.Validate()
   at IdentityModel.AspNetCore.OAuth2Introspection.PostConfigureOAuth2IntrospectionOptions.PostConfigure(String name, OAuth2IntrospectionOptions options)
   at Microsoft.Extensions.Options.OptionsFactory`1.Create(String name)
   at Microsoft.Extensions.Options.OptionsMonitor`1.<>c__DisplayClass11_0.<Get>b__0()
   at System.Lazy`1.ViaFactory(LazyThreadSafetyMode mode)
--- End of stack trace from previous location where exception was thrown ---
   at System.Lazy`1.CreateValue()
   at Microsoft.Extensions.Options.OptionsMonitor`1.Get(String name)
   at Microsoft.AspNetCore.Authentication.AuthenticationHandler`1.InitializeAsync(AuthenticationScheme scheme, HttpContext context)
   at Microsoft.AspNetCore.Authentication.AuthenticationHandlerProvider.GetHandlerAsync(HttpContext context, String authenticationScheme)
   at Microsoft.AspNetCore.Authentication.AuthenticationService.ChallengeAsync(HttpContext context, String scheme, AuthenticationProperties properties)
   at IdentityServer4.AccessTokenValidation.IdentityServerAuthenticationHandler.HandleChallengeAsync(AuthenticationProperties properties)
   at Microsoft.AspNetCore.Authentication.AuthenticationHandler`1.ChallengeAsync(AuthenticationProperties properties)
   at Microsoft.AspNetCore.Authentication.AuthenticationService.ChallengeAsync(HttpContext context, String scheme, AuthenticationProperties properties)
   at Microsoft.AspNetCore.Authorization.AuthorizationMiddleware.Invoke(HttpContext context)
   at Microsoft.AspNetCore.Authentication.AuthenticationMiddleware.Invoke(HttpContext context)
   at Microsoft.AspNetCore.Session.SessionMiddleware.Invoke(HttpContext context)
   at Microsoft.AspNetCore.Session.SessionMiddleware.Invoke(HttpContext context)
   at Swashbuckle.AspNetCore.SwaggerUI.SwaggerUIMiddleware.Invoke(HttpContext httpContext)
   at Swashbuckle.AspNetCore.Swagger.SwaggerMiddleware.Invoke(HttpContext httpContext, ISwaggerProvider swaggerProvider)
   at Microsoft.AspNetCore.Diagnostics.DeveloperExceptionPageMiddleware.Invoke(HttpContext context)


【日志时间】：2020-07-20 00:23:18,477  【线程ID】：4    
【日志级别】：ERROR  
【日志对象】：IdentityServer4.AccessTokenValidation.IdentityServerAuthenticationHandler  
【日志内容】：You must either set Authority or IntrospectionEndpoint 
System.InvalidOperationException: You must either set Authority or IntrospectionEndpoint
   at IdentityModel.AspNetCore.OAuth2Introspection.OAuth2IntrospectionOptions.Validate()
   at IdentityModel.AspNetCore.OAuth2Introspection.PostConfigureOAuth2IntrospectionOptions.PostConfigure(String name, OAuth2IntrospectionOptions options)
   at Microsoft.Extensions.Options.OptionsFactory`1.Create(String name)
   at Microsoft.Extensions.Options.OptionsMonitor`1.<>c__DisplayClass11_0.<Get>b__0()
   at System.Lazy`1.ViaFactory(LazyThreadSafetyMode mode)
--- End of stack trace from previous location where exception was thrown ---
   at System.Lazy`1.CreateValue()
   at Microsoft.Extensions.Options.OptionsMonitor`1.Get(String name)
   at Microsoft.AspNetCore.Authentication.AuthenticationHandler`1.InitializeAsync(AuthenticationScheme scheme, HttpContext context)
   at Microsoft.AspNetCore.Authentication.AuthenticationHandlerProvider.GetHandlerAsync(HttpContext context, String authenticationScheme)
   at Microsoft.AspNetCore.Authentication.AuthenticationService.AuthenticateAsync(HttpContext context, String scheme)
   at IdentityServer4.AccessTokenValidation.IdentityServerAuthenticationHandler.HandleAuthenticateAsync()


【日志时间】：2020-07-20 00:23:18,487  【线程ID】：4    
【日志级别】：INFO   
【日志对象】：IdentityServer4.AccessTokenValidation.IdentityServerAuthenticationHandler  
【日志内容】：Bearer was not authenticated. Failure message: You must either set Authority or IntrospectionEndpoint 


【日志时间】：2020-07-20 00:23:18,499  【线程ID】：4    
【日志级别】：ERROR  
【日志对象】：Microsoft.AspNetCore.Diagnostics.DeveloperExceptionPageMiddleware  
【日志内容】：An unhandled exception has occurred while executing the request. 
System.InvalidOperationException: You must either set Authority or IntrospectionEndpoint
   at IdentityModel.AspNetCore.OAuth2Introspection.OAuth2IntrospectionOptions.Validate()
   at IdentityModel.AspNetCore.OAuth2Introspection.PostConfigureOAuth2IntrospectionOptions.PostConfigure(String name, OAuth2IntrospectionOptions options)
   at Microsoft.Extensions.Options.OptionsFactory`1.Create(String name)
   at Microsoft.Extensions.Options.OptionsMonitor`1.<>c__DisplayClass11_0.<Get>b__0()
   at System.Lazy`1.ViaFactory(LazyThreadSafetyMode mode)
--- End of stack trace from previous location where exception was thrown ---
   at System.Lazy`1.CreateValue()
   at Microsoft.Extensions.Options.OptionsMonitor`1.Get(String name)
   at Microsoft.AspNetCore.Authentication.AuthenticationHandler`1.InitializeAsync(AuthenticationScheme scheme, HttpContext context)
   at Microsoft.AspNetCore.Authentication.AuthenticationHandlerProvider.GetHandlerAsync(HttpContext context, String authenticationScheme)
   at Microsoft.AspNetCore.Authentication.AuthenticationService.ChallengeAsync(HttpContext context, String scheme, AuthenticationProperties properties)
   at IdentityServer4.AccessTokenValidation.IdentityServerAuthenticationHandler.HandleChallengeAsync(AuthenticationProperties properties)
   at Microsoft.AspNetCore.Authentication.AuthenticationHandler`1.ChallengeAsync(AuthenticationProperties properties)
   at Microsoft.AspNetCore.Authentication.AuthenticationService.ChallengeAsync(HttpContext context, String scheme, AuthenticationProperties properties)
   at Microsoft.AspNetCore.Authorization.AuthorizationMiddleware.Invoke(HttpContext context)
   at Microsoft.AspNetCore.Authentication.AuthenticationMiddleware.Invoke(HttpContext context)
   at Microsoft.AspNetCore.Session.SessionMiddleware.Invoke(HttpContext context)
   at Microsoft.AspNetCore.Session.SessionMiddleware.Invoke(HttpContext context)
   at Swashbuckle.AspNetCore.SwaggerUI.SwaggerUIMiddleware.Invoke(HttpContext httpContext)
   at Swashbuckle.AspNetCore.Swagger.SwaggerMiddleware.Invoke(HttpContext httpContext, ISwaggerProvider swaggerProvider)
   at Microsoft.AspNetCore.Diagnostics.DeveloperExceptionPageMiddleware.Invoke(HttpContext context)


【日志时间】：2020-07-20 00:23:18,852  【线程ID】：9    
【日志级别】：ERROR  
【日志对象】：IdentityServer4.AccessTokenValidation.IdentityServerAuthenticationHandler  
【日志内容】：You must either set Authority or IntrospectionEndpoint 
System.InvalidOperationException: You must either set Authority or IntrospectionEndpoint
   at IdentityModel.AspNetCore.OAuth2Introspection.OAuth2IntrospectionOptions.Validate()
   at IdentityModel.AspNetCore.OAuth2Introspection.PostConfigureOAuth2IntrospectionOptions.PostConfigure(String name, OAuth2IntrospectionOptions options)
   at Microsoft.Extensions.Options.OptionsFactory`1.Create(String name)
   at Microsoft.Extensions.Options.OptionsMonitor`1.<>c__DisplayClass11_0.<Get>b__0()
   at System.Lazy`1.ViaFactory(LazyThreadSafetyMode mode)
--- End of stack trace from previous location where exception was thrown ---
   at System.Lazy`1.CreateValue()
   at Microsoft.Extensions.Options.OptionsMonitor`1.Get(String name)
   at Microsoft.AspNetCore.Authentication.AuthenticationHandler`1.InitializeAsync(AuthenticationScheme scheme, HttpContext context)
   at Microsoft.AspNetCore.Authentication.AuthenticationHandlerProvider.GetHandlerAsync(HttpContext context, String authenticationScheme)
   at Microsoft.AspNetCore.Authentication.AuthenticationService.AuthenticateAsync(HttpContext context, String scheme)
   at IdentityServer4.AccessTokenValidation.IdentityServerAuthenticationHandler.HandleAuthenticateAsync()


【日志时间】：2020-07-20 00:23:18,866  【线程ID】：9    
【日志级别】：INFO   
【日志对象】：IdentityServer4.AccessTokenValidation.IdentityServerAuthenticationHandler  
【日志内容】：Bearer was not authenticated. Failure message: You must either set Authority or IntrospectionEndpoint 


【日志时间】：2020-07-20 00:23:18,877  【线程ID】：9    
【日志级别】：ERROR  
【日志对象】：Microsoft.AspNetCore.Diagnostics.DeveloperExceptionPageMiddleware  
【日志内容】：An unhandled exception has occurred while executing the request. 
System.InvalidOperationException: You must either set Authority or IntrospectionEndpoint
   at IdentityModel.AspNetCore.OAuth2Introspection.OAuth2IntrospectionOptions.Validate()
   at IdentityModel.AspNetCore.OAuth2Introspection.PostConfigureOAuth2IntrospectionOptions.PostConfigure(String name, OAuth2IntrospectionOptions options)
   at Microsoft.Extensions.Options.OptionsFactory`1.Create(String name)
   at Microsoft.Extensions.Options.OptionsMonitor`1.<>c__DisplayClass11_0.<Get>b__0()
   at System.Lazy`1.ViaFactory(LazyThreadSafetyMode mode)
--- End of stack trace from previous location where exception was thrown ---
   at System.Lazy`1.CreateValue()
   at Microsoft.Extensions.Options.OptionsMonitor`1.Get(String name)
   at Microsoft.AspNetCore.Authentication.AuthenticationHandler`1.InitializeAsync(AuthenticationScheme scheme, HttpContext context)
   at Microsoft.AspNetCore.Authentication.AuthenticationHandlerProvider.GetHandlerAsync(HttpContext context, String authenticationScheme)
   at Microsoft.AspNetCore.Authentication.AuthenticationService.ChallengeAsync(HttpContext context, String scheme, AuthenticationProperties properties)
   at IdentityServer4.AccessTokenValidation.IdentityServerAuthenticationHandler.HandleChallengeAsync(AuthenticationProperties properties)
   at Microsoft.AspNetCore.Authentication.AuthenticationHandler`1.ChallengeAsync(AuthenticationProperties properties)
   at Microsoft.AspNetCore.Authentication.AuthenticationService.ChallengeAsync(HttpContext context, String scheme, AuthenticationProperties properties)
   at Microsoft.AspNetCore.Authorization.AuthorizationMiddleware.Invoke(HttpContext context)
   at Microsoft.AspNetCore.Authentication.AuthenticationMiddleware.Invoke(HttpContext context)
   at Microsoft.AspNetCore.Session.SessionMiddleware.Invoke(HttpContext context)
   at Microsoft.AspNetCore.Session.SessionMiddleware.Invoke(HttpContext context)
   at Swashbuckle.AspNetCore.SwaggerUI.SwaggerUIMiddleware.Invoke(HttpContext httpContext)
   at Swashbuckle.AspNetCore.Swagger.SwaggerMiddleware.Invoke(HttpContext httpContext, ISwaggerProvider swaggerProvider)
   at Microsoft.AspNetCore.Diagnostics.DeveloperExceptionPageMiddleware.Invoke(HttpContext context)


【日志时间】：2020-07-20 00:23:19,291  【线程ID】：15    
【日志级别】：ERROR  
【日志对象】：IdentityServer4.AccessTokenValidation.IdentityServerAuthenticationHandler  
【日志内容】：You must either set Authority or IntrospectionEndpoint 
System.InvalidOperationException: You must either set Authority or IntrospectionEndpoint
   at IdentityModel.AspNetCore.OAuth2Introspection.OAuth2IntrospectionOptions.Validate()
   at IdentityModel.AspNetCore.OAuth2Introspection.PostConfigureOAuth2IntrospectionOptions.PostConfigure(String name, OAuth2IntrospectionOptions options)
   at Microsoft.Extensions.Options.OptionsFactory`1.Create(String name)
   at Microsoft.Extensions.Options.OptionsMonitor`1.<>c__DisplayClass11_0.<Get>b__0()
   at System.Lazy`1.ViaFactory(LazyThreadSafetyMode mode)
--- End of stack trace from previous location where exception was thrown ---
   at System.Lazy`1.CreateValue()
   at Microsoft.Extensions.Options.OptionsMonitor`1.Get(String name)
   at Microsoft.AspNetCore.Authentication.AuthenticationHandler`1.InitializeAsync(AuthenticationScheme scheme, HttpContext context)
   at Microsoft.AspNetCore.Authentication.AuthenticationHandlerProvider.GetHandlerAsync(HttpContext context, String authenticationScheme)
   at Microsoft.AspNetCore.Authentication.AuthenticationService.AuthenticateAsync(HttpContext context, String scheme)
   at IdentityServer4.AccessTokenValidation.IdentityServerAuthenticationHandler.HandleAuthenticateAsync()


【日志时间】：2020-07-20 00:23:19,302  【线程ID】：15    
【日志级别】：INFO   
【日志对象】：IdentityServer4.AccessTokenValidation.IdentityServerAuthenticationHandler  
【日志内容】：Bearer was not authenticated. Failure message: You must either set Authority or IntrospectionEndpoint 


【日志时间】：2020-07-20 00:23:19,314  【线程ID】：15    
【日志级别】：ERROR  
【日志对象】：Microsoft.AspNetCore.Diagnostics.DeveloperExceptionPageMiddleware  
【日志内容】：An unhandled exception has occurred while executing the request. 
System.InvalidOperationException: You must either set Authority or IntrospectionEndpoint
   at IdentityModel.AspNetCore.OAuth2Introspection.OAuth2IntrospectionOptions.Validate()
   at IdentityModel.AspNetCore.OAuth2Introspection.PostConfigureOAuth2IntrospectionOptions.PostConfigure(String name, OAuth2IntrospectionOptions options)
   at Microsoft.Extensions.Options.OptionsFactory`1.Create(String name)
   at Microsoft.Extensions.Options.OptionsMonitor`1.<>c__DisplayClass11_0.<Get>b__0()
   at System.Lazy`1.ViaFactory(LazyThreadSafetyMode mode)
--- End of stack trace from previous location where exception was thrown ---
   at System.Lazy`1.CreateValue()
   at Microsoft.Extensions.Options.OptionsMonitor`1.Get(String name)
   at Microsoft.AspNetCore.Authentication.AuthenticationHandler`1.InitializeAsync(AuthenticationScheme scheme, HttpContext context)
   at Microsoft.AspNetCore.Authentication.AuthenticationHandlerProvider.GetHandlerAsync(HttpContext context, String authenticationScheme)
   at Microsoft.AspNetCore.Authentication.AuthenticationService.ChallengeAsync(HttpContext context, String scheme, AuthenticationProperties properties)
   at IdentityServer4.AccessTokenValidation.IdentityServerAuthenticationHandler.HandleChallengeAsync(AuthenticationProperties properties)
   at Microsoft.AspNetCore.Authentication.AuthenticationHandler`1.ChallengeAsync(AuthenticationProperties properties)
   at Microsoft.AspNetCore.Authentication.AuthenticationService.ChallengeAsync(HttpContext context, String scheme, AuthenticationProperties properties)
   at Microsoft.AspNetCore.Authorization.AuthorizationMiddleware.Invoke(HttpContext context)
   at Microsoft.AspNetCore.Authentication.AuthenticationMiddleware.Invoke(HttpContext context)
   at Microsoft.AspNetCore.Session.SessionMiddleware.Invoke(HttpContext context)
   at Microsoft.AspNetCore.Session.SessionMiddleware.Invoke(HttpContext context)
   at Swashbuckle.AspNetCore.SwaggerUI.SwaggerUIMiddleware.Invoke(HttpContext httpContext)
   at Swashbuckle.AspNetCore.Swagger.SwaggerMiddleware.Invoke(HttpContext httpContext, ISwaggerProvider swaggerProvider)
   at Microsoft.AspNetCore.Diagnostics.DeveloperExceptionPageMiddleware.Invoke(HttpContext context)


【日志时间】：2020-07-20 00:24:13,144  【线程ID】：4    
【日志级别】：WARN   
【日志对象】：Microsoft.AspNetCore.HttpsPolicy.HttpsRedirectionMiddleware  
【日志内容】：Failed to determine the https port for redirect. 


【日志时间】：2020-07-20 00:26:16,155  【线程ID】：13    
【日志级别】：WARN   
【日志对象】：Microsoft.AspNetCore.HttpsPolicy.HttpsRedirectionMiddleware  
【日志内容】：Failed to determine the https port for redirect. 


【日志时间】：2020-07-20 00:26:25,279  【线程ID】：15    
【日志级别】：ERROR  
【日志对象】：IdentityServer4.AccessTokenValidation.IdentityServerAuthenticationHandler  
【日志内容】：You must either set Authority or IntrospectionEndpoint 
System.InvalidOperationException: You must either set Authority or IntrospectionEndpoint
   at IdentityModel.AspNetCore.OAuth2Introspection.OAuth2IntrospectionOptions.Validate()
   at IdentityModel.AspNetCore.OAuth2Introspection.PostConfigureOAuth2IntrospectionOptions.PostConfigure(String name, OAuth2IntrospectionOptions options)
   at Microsoft.Extensions.Options.OptionsFactory`1.Create(String name)
   at Microsoft.Extensions.Options.OptionsMonitor`1.<>c__DisplayClass11_0.<Get>b__0()
   at System.Lazy`1.ViaFactory(LazyThreadSafetyMode mode)
   at System.Lazy`1.ExecutionAndPublication(LazyHelper executionAndPublication, Boolean useDefaultConstructor)
   at System.Lazy`1.CreateValue()
   at System.Lazy`1.get_Value()
   at Microsoft.Extensions.Options.OptionsCache`1.GetOrAdd(String name, Func`1 createOptions)
   at Microsoft.Extensions.Options.OptionsMonitor`1.Get(String name)
   at Microsoft.AspNetCore.Authentication.AuthenticationHandler`1.InitializeAsync(AuthenticationScheme scheme, HttpContext context)
   at Microsoft.AspNetCore.Authentication.AuthenticationHandlerProvider.GetHandlerAsync(HttpContext context, String authenticationScheme)
   at Microsoft.AspNetCore.Authentication.AuthenticationService.AuthenticateAsync(HttpContext context, String scheme)
   at IdentityServer4.AccessTokenValidation.IdentityServerAuthenticationHandler.HandleAuthenticateAsync()


【日志时间】：2020-07-20 00:26:25,288  【线程ID】：15    
【日志级别】：INFO   
【日志对象】：IdentityServer4.AccessTokenValidation.IdentityServerAuthenticationHandler  
【日志内容】：Bearer was not authenticated. Failure message: You must either set Authority or IntrospectionEndpoint 


【日志时间】：2020-07-20 00:26:25,310  【线程ID】：15    
【日志级别】：ERROR  
【日志对象】：Microsoft.AspNetCore.Diagnostics.DeveloperExceptionPageMiddleware  
【日志内容】：An unhandled exception has occurred while executing the request. 
System.InvalidOperationException: You must either set Authority or IntrospectionEndpoint
   at IdentityModel.AspNetCore.OAuth2Introspection.OAuth2IntrospectionOptions.Validate()
   at IdentityModel.AspNetCore.OAuth2Introspection.PostConfigureOAuth2IntrospectionOptions.PostConfigure(String name, OAuth2IntrospectionOptions options)
   at Microsoft.Extensions.Options.OptionsFactory`1.Create(String name)
   at Microsoft.Extensions.Options.OptionsMonitor`1.<>c__DisplayClass11_0.<Get>b__0()
   at System.Lazy`1.ViaFactory(LazyThreadSafetyMode mode)
--- End of stack trace from previous location where exception was thrown ---
   at System.Lazy`1.CreateValue()
   at System.Lazy`1.get_Value()
   at Microsoft.Extensions.Options.OptionsCache`1.GetOrAdd(String name, Func`1 createOptions)
   at Microsoft.Extensions.Options.OptionsMonitor`1.Get(String name)
   at Microsoft.AspNetCore.Authentication.AuthenticationHandler`1.InitializeAsync(AuthenticationScheme scheme, HttpContext context)
   at Microsoft.AspNetCore.Authentication.AuthenticationHandlerProvider.GetHandlerAsync(HttpContext context, String authenticationScheme)
   at Microsoft.AspNetCore.Authentication.AuthenticationService.ChallengeAsync(HttpContext context, String scheme, AuthenticationProperties properties)
   at IdentityServer4.AccessTokenValidation.IdentityServerAuthenticationHandler.HandleChallengeAsync(AuthenticationProperties properties)
   at Microsoft.AspNetCore.Authentication.AuthenticationHandler`1.ChallengeAsync(AuthenticationProperties properties)
   at Microsoft.AspNetCore.Authentication.AuthenticationService.ChallengeAsync(HttpContext context, String scheme, AuthenticationProperties properties)
   at Microsoft.AspNetCore.Authorization.AuthorizationMiddleware.Invoke(HttpContext context)
   at Microsoft.AspNetCore.Authentication.AuthenticationMiddleware.Invoke(HttpContext context)
   at Microsoft.AspNetCore.Session.SessionMiddleware.Invoke(HttpContext context)
   at Microsoft.AspNetCore.Session.SessionMiddleware.Invoke(HttpContext context)
   at Swashbuckle.AspNetCore.SwaggerUI.SwaggerUIMiddleware.Invoke(HttpContext httpContext)
   at Swashbuckle.AspNetCore.Swagger.SwaggerMiddleware.Invoke(HttpContext httpContext, ISwaggerProvider swaggerProvider)
   at Microsoft.AspNetCore.Diagnostics.DeveloperExceptionPageMiddleware.Invoke(HttpContext context)


【日志时间】：2020-07-20 00:26:50,715  【线程ID】：4    
【日志级别】：WARN   
【日志对象】：Microsoft.AspNetCore.HttpsPolicy.HttpsRedirectionMiddleware  
【日志内容】：Failed to determine the https port for redirect. 


【日志时间】：2020-07-20 00:26:54,394  【线程ID】：9    
【日志级别】：ERROR  
【日志对象】：IdentityServer4.AccessTokenValidation.IdentityServerAuthenticationHandler  
【日志内容】：You must either set Authority or IntrospectionEndpoint 
System.InvalidOperationException: You must either set Authority or IntrospectionEndpoint
   at IdentityModel.AspNetCore.OAuth2Introspection.OAuth2IntrospectionOptions.Validate()
   at IdentityModel.AspNetCore.OAuth2Introspection.PostConfigureOAuth2IntrospectionOptions.PostConfigure(String name, OAuth2IntrospectionOptions options)
   at Microsoft.Extensions.Options.OptionsFactory`1.Create(String name)
   at Microsoft.Extensions.Options.OptionsMonitor`1.<>c__DisplayClass11_0.<Get>b__0()
   at System.Lazy`1.ViaFactory(LazyThreadSafetyMode mode)
   at System.Lazy`1.ExecutionAndPublication(LazyHelper executionAndPublication, Boolean useDefaultConstructor)
   at System.Lazy`1.CreateValue()
   at System.Lazy`1.get_Value()
   at Microsoft.Extensions.Options.OptionsCache`1.GetOrAdd(String name, Func`1 createOptions)
   at Microsoft.Extensions.Options.OptionsMonitor`1.Get(String name)
   at Microsoft.AspNetCore.Authentication.AuthenticationHandler`1.InitializeAsync(AuthenticationScheme scheme, HttpContext context)
   at Microsoft.AspNetCore.Authentication.AuthenticationHandlerProvider.GetHandlerAsync(HttpContext context, String authenticationScheme)
   at Microsoft.AspNetCore.Authentication.AuthenticationService.AuthenticateAsync(HttpContext context, String scheme)
   at IdentityServer4.AccessTokenValidation.IdentityServerAuthenticationHandler.HandleAuthenticateAsync()


【日志时间】：2020-07-20 00:26:54,429  【线程ID】：9    
【日志级别】：INFO   
【日志对象】：IdentityServer4.AccessTokenValidation.IdentityServerAuthenticationHandler  
【日志内容】：Bearer was not authenticated. Failure message: You must either set Authority or IntrospectionEndpoint 


【日志时间】：2020-07-20 00:26:54,467  【线程ID】：9    
【日志级别】：ERROR  
【日志对象】：Microsoft.AspNetCore.Diagnostics.DeveloperExceptionPageMiddleware  
【日志内容】：An unhandled exception has occurred while executing the request. 
System.InvalidOperationException: You must either set Authority or IntrospectionEndpoint
   at IdentityModel.AspNetCore.OAuth2Introspection.OAuth2IntrospectionOptions.Validate()
   at IdentityModel.AspNetCore.OAuth2Introspection.PostConfigureOAuth2IntrospectionOptions.PostConfigure(String name, OAuth2IntrospectionOptions options)
   at Microsoft.Extensions.Options.OptionsFactory`1.Create(String name)
   at Microsoft.Extensions.Options.OptionsMonitor`1.<>c__DisplayClass11_0.<Get>b__0()
   at System.Lazy`1.ViaFactory(LazyThreadSafetyMode mode)
--- End of stack trace from previous location where exception was thrown ---
   at System.Lazy`1.CreateValue()
   at System.Lazy`1.get_Value()
   at Microsoft.Extensions.Options.OptionsCache`1.GetOrAdd(String name, Func`1 createOptions)
   at Microsoft.Extensions.Options.OptionsMonitor`1.Get(String name)
   at Microsoft.AspNetCore.Authentication.AuthenticationHandler`1.InitializeAsync(AuthenticationScheme scheme, HttpContext context)
   at Microsoft.AspNetCore.Authentication.AuthenticationHandlerProvider.GetHandlerAsync(HttpContext context, String authenticationScheme)
   at Microsoft.AspNetCore.Authentication.AuthenticationService.ChallengeAsync(HttpContext context, String scheme, AuthenticationProperties properties)
   at IdentityServer4.AccessTokenValidation.IdentityServerAuthenticationHandler.HandleChallengeAsync(AuthenticationProperties properties)
   at Microsoft.AspNetCore.Authentication.AuthenticationHandler`1.ChallengeAsync(AuthenticationProperties properties)
   at Microsoft.AspNetCore.Authentication.AuthenticationService.ChallengeAsync(HttpContext context, String scheme, AuthenticationProperties properties)
   at Microsoft.AspNetCore.Authorization.AuthorizationMiddleware.Invoke(HttpContext context)
   at Microsoft.AspNetCore.Authentication.AuthenticationMiddleware.Invoke(HttpContext context)
   at Microsoft.AspNetCore.Session.SessionMiddleware.Invoke(HttpContext context)
   at Microsoft.AspNetCore.Session.SessionMiddleware.Invoke(HttpContext context)
   at Swashbuckle.AspNetCore.SwaggerUI.SwaggerUIMiddleware.Invoke(HttpContext httpContext)
   at Swashbuckle.AspNetCore.Swagger.SwaggerMiddleware.Invoke(HttpContext httpContext, ISwaggerProvider swaggerProvider)
   at Microsoft.AspNetCore.Diagnostics.DeveloperExceptionPageMiddleware.Invoke(HttpContext context)


【日志时间】：2020-07-20 00:26:55,867  【线程ID】：10    
【日志级别】：ERROR  
【日志对象】：IdentityServer4.AccessTokenValidation.IdentityServerAuthenticationHandler  
【日志内容】：You must either set Authority or IntrospectionEndpoint 
System.InvalidOperationException: You must either set Authority or IntrospectionEndpoint
   at IdentityModel.AspNetCore.OAuth2Introspection.OAuth2IntrospectionOptions.Validate()
   at IdentityModel.AspNetCore.OAuth2Introspection.PostConfigureOAuth2IntrospectionOptions.PostConfigure(String name, OAuth2IntrospectionOptions options)
   at Microsoft.Extensions.Options.OptionsFactory`1.Create(String name)
   at Microsoft.Extensions.Options.OptionsMonitor`1.<>c__DisplayClass11_0.<Get>b__0()
   at System.Lazy`1.ViaFactory(LazyThreadSafetyMode mode)
--- End of stack trace from previous location where exception was thrown ---
   at System.Lazy`1.CreateValue()
   at System.Lazy`1.get_Value()
   at Microsoft.Extensions.Options.OptionsCache`1.GetOrAdd(String name, Func`1 createOptions)
   at Microsoft.Extensions.Options.OptionsMonitor`1.Get(String name)
   at Microsoft.AspNetCore.Authentication.AuthenticationHandler`1.InitializeAsync(AuthenticationScheme scheme, HttpContext context)
   at Microsoft.AspNetCore.Authentication.AuthenticationHandlerProvider.GetHandlerAsync(HttpContext context, String authenticationScheme)
   at Microsoft.AspNetCore.Authentication.AuthenticationService.AuthenticateAsync(HttpContext context, String scheme)
   at IdentityServer4.AccessTokenValidation.IdentityServerAuthenticationHandler.HandleAuthenticateAsync()


【日志时间】：2020-07-20 00:26:55,884  【线程ID】：10    
【日志级别】：INFO   
【日志对象】：IdentityServer4.AccessTokenValidation.IdentityServerAuthenticationHandler  
【日志内容】：Bearer was not authenticated. Failure message: You must either set Authority or IntrospectionEndpoint 


【日志时间】：2020-07-20 00:26:55,897  【线程ID】：10    
【日志级别】：ERROR  
【日志对象】：Microsoft.AspNetCore.Diagnostics.DeveloperExceptionPageMiddleware  
【日志内容】：An unhandled exception has occurred while executing the request. 
System.InvalidOperationException: You must either set Authority or IntrospectionEndpoint
   at IdentityModel.AspNetCore.OAuth2Introspection.OAuth2IntrospectionOptions.Validate()
   at IdentityModel.AspNetCore.OAuth2Introspection.PostConfigureOAuth2IntrospectionOptions.PostConfigure(String name, OAuth2IntrospectionOptions options)
   at Microsoft.Extensions.Options.OptionsFactory`1.Create(String name)
   at Microsoft.Extensions.Options.OptionsMonitor`1.<>c__DisplayClass11_0.<Get>b__0()
   at System.Lazy`1.ViaFactory(LazyThreadSafetyMode mode)
--- End of stack trace from previous location where exception was thrown ---
   at System.Lazy`1.CreateValue()
   at System.Lazy`1.get_Value()
   at Microsoft.Extensions.Options.OptionsCache`1.GetOrAdd(String name, Func`1 createOptions)
   at Microsoft.Extensions.Options.OptionsMonitor`1.Get(String name)
   at Microsoft.AspNetCore.Authentication.AuthenticationHandler`1.InitializeAsync(AuthenticationScheme scheme, HttpContext context)
   at Microsoft.AspNetCore.Authentication.AuthenticationHandlerProvider.GetHandlerAsync(HttpContext context, String authenticationScheme)
   at Microsoft.AspNetCore.Authentication.AuthenticationService.ChallengeAsync(HttpContext context, String scheme, AuthenticationProperties properties)
   at IdentityServer4.AccessTokenValidation.IdentityServerAuthenticationHandler.HandleChallengeAsync(AuthenticationProperties properties)
   at Microsoft.AspNetCore.Authentication.AuthenticationHandler`1.ChallengeAsync(AuthenticationProperties properties)
   at Microsoft.AspNetCore.Authentication.AuthenticationService.ChallengeAsync(HttpContext context, String scheme, AuthenticationProperties properties)
   at Microsoft.AspNetCore.Authorization.AuthorizationMiddleware.Invoke(HttpContext context)
   at Microsoft.AspNetCore.Authentication.AuthenticationMiddleware.Invoke(HttpContext context)
   at Microsoft.AspNetCore.Session.SessionMiddleware.Invoke(HttpContext context)
   at Microsoft.AspNetCore.Session.SessionMiddleware.Invoke(HttpContext context)
   at Swashbuckle.AspNetCore.SwaggerUI.SwaggerUIMiddleware.Invoke(HttpContext httpContext)
   at Swashbuckle.AspNetCore.Swagger.SwaggerMiddleware.Invoke(HttpContext httpContext, ISwaggerProvider swaggerProvider)
   at Microsoft.AspNetCore.Diagnostics.DeveloperExceptionPageMiddleware.Invoke(HttpContext context)


【日志时间】：2020-07-20 00:26:56,477  【线程ID】：16    
【日志级别】：ERROR  
【日志对象】：IdentityServer4.AccessTokenValidation.IdentityServerAuthenticationHandler  
【日志内容】：You must either set Authority or IntrospectionEndpoint 
System.InvalidOperationException: You must either set Authority or IntrospectionEndpoint
   at IdentityModel.AspNetCore.OAuth2Introspection.OAuth2IntrospectionOptions.Validate()
   at IdentityModel.AspNetCore.OAuth2Introspection.PostConfigureOAuth2IntrospectionOptions.PostConfigure(String name, OAuth2IntrospectionOptions options)
   at Microsoft.Extensions.Options.OptionsFactory`1.Create(String name)
   at Microsoft.Extensions.Options.OptionsMonitor`1.<>c__DisplayClass11_0.<Get>b__0()
   at System.Lazy`1.ViaFactory(LazyThreadSafetyMode mode)
--- End of stack trace from previous location where exception was thrown ---
   at System.Lazy`1.CreateValue()
   at System.Lazy`1.get_Value()
   at Microsoft.Extensions.Options.OptionsCache`1.GetOrAdd(String name, Func`1 createOptions)
   at Microsoft.Extensions.Options.OptionsMonitor`1.Get(String name)
   at Microsoft.AspNetCore.Authentication.AuthenticationHandler`1.InitializeAsync(AuthenticationScheme scheme, HttpContext context)
   at Microsoft.AspNetCore.Authentication.AuthenticationHandlerProvider.GetHandlerAsync(HttpContext context, String authenticationScheme)
   at Microsoft.AspNetCore.Authentication.AuthenticationService.AuthenticateAsync(HttpContext context, String scheme)
   at IdentityServer4.AccessTokenValidation.IdentityServerAuthenticationHandler.HandleAuthenticateAsync()


【日志时间】：2020-07-20 00:26:56,491  【线程ID】：16    
【日志级别】：INFO   
【日志对象】：IdentityServer4.AccessTokenValidation.IdentityServerAuthenticationHandler  
【日志内容】：Bearer was not authenticated. Failure message: You must either set Authority or IntrospectionEndpoint 


【日志时间】：2020-07-20 00:26:56,507  【线程ID】：16    
【日志级别】：ERROR  
【日志对象】：Microsoft.AspNetCore.Diagnostics.DeveloperExceptionPageMiddleware  
【日志内容】：An unhandled exception has occurred while executing the request. 
System.InvalidOperationException: You must either set Authority or IntrospectionEndpoint
   at IdentityModel.AspNetCore.OAuth2Introspection.OAuth2IntrospectionOptions.Validate()
   at IdentityModel.AspNetCore.OAuth2Introspection.PostConfigureOAuth2IntrospectionOptions.PostConfigure(String name, OAuth2IntrospectionOptions options)
   at Microsoft.Extensions.Options.OptionsFactory`1.Create(String name)
   at Microsoft.Extensions.Options.OptionsMonitor`1.<>c__DisplayClass11_0.<Get>b__0()
   at System.Lazy`1.ViaFactory(LazyThreadSafetyMode mode)
--- End of stack trace from previous location where exception was thrown ---
   at System.Lazy`1.CreateValue()
   at System.Lazy`1.get_Value()
   at Microsoft.Extensions.Options.OptionsCache`1.GetOrAdd(String name, Func`1 createOptions)
   at Microsoft.Extensions.Options.OptionsMonitor`1.Get(String name)
   at Microsoft.AspNetCore.Authentication.AuthenticationHandler`1.InitializeAsync(AuthenticationScheme scheme, HttpContext context)
   at Microsoft.AspNetCore.Authentication.AuthenticationHandlerProvider.GetHandlerAsync(HttpContext context, String authenticationScheme)
   at Microsoft.AspNetCore.Authentication.AuthenticationService.ChallengeAsync(HttpContext context, String scheme, AuthenticationProperties properties)
   at IdentityServer4.AccessTokenValidation.IdentityServerAuthenticationHandler.HandleChallengeAsync(AuthenticationProperties properties)
   at Microsoft.AspNetCore.Authentication.AuthenticationHandler`1.ChallengeAsync(AuthenticationProperties properties)
   at Microsoft.AspNetCore.Authentication.AuthenticationService.ChallengeAsync(HttpContext context, String scheme, AuthenticationProperties properties)
   at Microsoft.AspNetCore.Authorization.AuthorizationMiddleware.Invoke(HttpContext context)
   at Microsoft.AspNetCore.Authentication.AuthenticationMiddleware.Invoke(HttpContext context)
   at Microsoft.AspNetCore.Session.SessionMiddleware.Invoke(HttpContext context)
   at Microsoft.AspNetCore.Session.SessionMiddleware.Invoke(HttpContext context)
   at Swashbuckle.AspNetCore.SwaggerUI.SwaggerUIMiddleware.Invoke(HttpContext httpContext)
   at Swashbuckle.AspNetCore.Swagger.SwaggerMiddleware.Invoke(HttpContext httpContext, ISwaggerProvider swaggerProvider)
   at Microsoft.AspNetCore.Diagnostics.DeveloperExceptionPageMiddleware.Invoke(HttpContext context)


【日志时间】：2020-07-20 00:29:09,421  【线程ID】：4    
【日志级别】：WARN   
【日志对象】：Microsoft.AspNetCore.HttpsPolicy.HttpsRedirectionMiddleware  
【日志内容】：Failed to determine the https port for redirect. 


【日志时间】：2020-07-20 00:29:20,435  【线程ID】：17    
【日志级别】：INFO   
【日志对象】：IdentityServer4.AccessTokenValidation.IdentityServerAuthenticationHandler  
【日志内容】：AuthenticationScheme: Bearer was challenged. 


【日志时间】：2020-07-20 00:31:35,277  【线程ID】：1    
【日志级别】：FATAL  
【日志对象】：Microsoft.AspNetCore.Hosting.Diagnostics  
【日志内容】：Application startup exception 
Autofac.Core.DependencyResolutionException: An exception was thrown while activating Microsoft.AspNetCore.Session.DistributedSessionStore.
 ---> Autofac.Core.DependencyResolutionException: None of the constructors found with 'Autofac.Core.Activators.Reflection.DefaultConstructorFinder' on type 'Microsoft.AspNetCore.Session.DistributedSessionStore' can be invoked with the available services and parameters:
Cannot resolve parameter 'Microsoft.Extensions.Caching.Distributed.IDistributedCache cache' of constructor 'Void .ctor(Microsoft.Extensions.Caching.Distributed.IDistributedCache, Microsoft.Extensions.Logging.ILoggerFactory)'.
   at Autofac.Core.Activators.Reflection.ReflectionActivator.GetValidConstructorBindings(ConstructorInfo[] availableConstructors, IComponentContext context, IEnumerable`1 parameters)
   at Autofac.Core.Activators.Reflection.ReflectionActivator.ActivateInstance(IComponentContext context, IEnumerable`1 parameters)
   at Autofac.Core.Resolving.InstanceLookup.CreateInstance(IEnumerable`1 parameters)
   --- End of inner exception stack trace ---
   at Autofac.Core.Resolving.InstanceLookup.CreateInstance(IEnumerable`1 parameters)
   at Autofac.Core.Resolving.InstanceLookup.Execute()
   at Autofac.Core.Resolving.ResolveOperation.GetOrCreateInstance(ISharingLifetimeScope currentOperationScope, ResolveRequest request)
   at Autofac.Core.Resolving.ResolveOperation.ResolveComponent(ResolveRequest request)
   at Autofac.Core.Resolving.ResolveOperation.Execute(ResolveRequest request)
   at Autofac.Core.Lifetime.LifetimeScope.ResolveComponent(ResolveRequest request)
   at Autofac.ResolutionExtensions.TryResolveService(IComponentContext context, Service service, IEnumerable`1 parameters, Object& instance)
   at Autofac.ResolutionExtensions.ResolveOptionalService(IComponentContext context, Service service, IEnumerable`1 parameters)
   at Autofac.ResolutionExtensions.ResolveOptional(IComponentContext context, Type serviceType, IEnumerable`1 parameters)
   at Autofac.ResolutionExtensions.ResolveOptional(IComponentContext context, Type serviceType)
   at Autofac.Extensions.DependencyInjection.AutofacServiceProvider.GetService(Type serviceType)
   at Microsoft.Extensions.Internal.ActivatorUtilities.ConstructorMatcher.CreateInstance(IServiceProvider provider)
   at Microsoft.Extensions.Internal.ActivatorUtilities.CreateInstance(IServiceProvider provider, Type instanceType, Object[] parameters)
   at Microsoft.AspNetCore.Builder.UseMiddlewareExtensions.<>c__DisplayClass4_0.<UseMiddleware>b__0(RequestDelegate next)
   at Microsoft.AspNetCore.Builder.ApplicationBuilder.Build()
   at Microsoft.AspNetCore.Hosting.GenericWebHostService.StartAsync(CancellationToken cancellationToken)


【日志时间】：2020-07-20 00:32:08,998  【线程ID】：8    
【日志级别】：WARN   
【日志对象】：Microsoft.AspNetCore.HttpsPolicy.HttpsRedirectionMiddleware  
【日志内容】：Failed to determine the https port for redirect. 


【日志时间】：2020-07-20 00:34:52,118  【线程ID】：7    
【日志级别】：WARN   
【日志对象】：Microsoft.AspNetCore.HttpsPolicy.HttpsRedirectionMiddleware  
【日志内容】：Failed to determine the https port for redirect. 


【日志时间】：2020-07-20 00:34:59,974  【线程ID】：11    
【日志级别】：INFO   
【日志对象】：IdentityServer4.AccessTokenValidation.IdentityServerAuthenticationHandler  
【日志内容】：AuthenticationScheme: Bearer was challenged. 


【日志时间】：2020-07-20 00:35:25,125  【线程ID】：15    
【日志级别】：INFO   
【日志对象】：IdentityServer4.AccessTokenValidation.IdentityServerAuthenticationHandler  
【日志内容】：AuthenticationScheme: Bearer was challenged. 


【日志时间】：2020-07-20 00:37:00,263  【线程ID】：4    
【日志级别】：WARN   
【日志对象】：Microsoft.AspNetCore.HttpsPolicy.HttpsRedirectionMiddleware  
【日志内容】：Failed to determine the https port for redirect. 


【日志时间】：2020-07-20 22:09:04,421  【线程ID】：8    
【日志级别】：WARN   
【日志对象】：Microsoft.AspNetCore.HttpsPolicy.HttpsRedirectionMiddleware  
【日志内容】：Failed to determine the https port for redirect. 


【日志时间】：2020-07-20 22:09:23,131  【线程ID】：11    
【日志级别】：INFO   
【日志对象】：IdentityServer4.AccessTokenValidation.IdentityServerAuthenticationHandler  
【日志内容】：AuthenticationScheme: Bearer was challenged. 


【日志时间】：2020-07-20 22:10:29,193  【线程ID】：13    
【日志级别】：INFO   
【日志对象】：IdentityServer4.AccessTokenValidation.IdentityServerAuthenticationHandler  
【日志内容】：AuthenticationScheme: Bearer was challenged. 


【日志时间】：2020-07-20 22:18:42,558  【线程ID】：1    
【日志级别】：FATAL  
【日志对象】：Microsoft.AspNetCore.Server.Kestrel  
【日志内容】：Unable to start Kestrel. 
System.IO.IOException: Failed to bind to address http://127.0.0.1:56567: address already in use.
 ---> Microsoft.AspNetCore.Connections.AddressInUseException: 通常每个套接字地址(协议/网络地址/端口)只允许使用一次。
 ---> System.Net.Sockets.SocketException (10048): 通常每个套接字地址(协议/网络地址/端口)只允许使用一次。
   at System.Net.Sockets.Socket.UpdateStatusAfterSocketErrorAndThrowException(SocketError error, String callerName)
   at System.Net.Sockets.Socket.DoBind(EndPoint endPointSnapshot, SocketAddress socketAddress)
   at System.Net.Sockets.Socket.Bind(EndPoint localEP)
   at Microsoft.AspNetCore.Server.Kestrel.Transport.Sockets.SocketConnectionListener.Bind()
   --- End of inner exception stack trace ---
   at Microsoft.AspNetCore.Server.Kestrel.Transport.Sockets.SocketConnectionListener.Bind()
   at Microsoft.AspNetCore.Server.Kestrel.Transport.Sockets.SocketTransportFactory.BindAsync(EndPoint endpoint, CancellationToken cancellationToken)
   at Microsoft.AspNetCore.Server.Kestrel.Core.KestrelServer.<>c__DisplayClass21_0`1.<<StartAsync>g__OnBind|0>d.MoveNext()
--- End of stack trace from previous location where exception was thrown ---
   at Microsoft.AspNetCore.Server.Kestrel.Core.Internal.AddressBinder.BindEndpointAsync(ListenOptions endpoint, AddressBindContext context)
   --- End of inner exception stack trace ---
   at Microsoft.AspNetCore.Server.Kestrel.Core.Internal.AddressBinder.BindEndpointAsync(ListenOptions endpoint, AddressBindContext context)
   at Microsoft.AspNetCore.Server.Kestrel.Core.LocalhostListenOptions.BindAsync(AddressBindContext context)
   at Microsoft.AspNetCore.Server.Kestrel.Core.Internal.AddressBinder.AddressesStrategy.BindAsync(AddressBindContext context)
   at Microsoft.AspNetCore.Server.Kestrel.Core.Internal.AddressBinder.BindAsync(IServerAddressesFeature addresses, KestrelServerOptions serverOptions, ILogger logger, Func`2 createBinding)
   at Microsoft.AspNetCore.Server.Kestrel.Core.KestrelServer.StartAsync[TContext](IHttpApplication`1 application, CancellationToken cancellationToken)


【日志时间】：2020-07-20 22:26:04,048  【线程ID】：1    
【日志级别】：FATAL  
【日志对象】：Microsoft.AspNetCore.Server.Kestrel  
【日志内容】：Unable to start Kestrel. 
System.IO.IOException: Failed to bind to address http://127.0.0.1:56567: address already in use.
 ---> Microsoft.AspNetCore.Connections.AddressInUseException: 通常每个套接字地址(协议/网络地址/端口)只允许使用一次。
 ---> System.Net.Sockets.SocketException (10048): 通常每个套接字地址(协议/网络地址/端口)只允许使用一次。
   at System.Net.Sockets.Socket.UpdateStatusAfterSocketErrorAndThrowException(SocketError error, String callerName)
   at System.Net.Sockets.Socket.DoBind(EndPoint endPointSnapshot, SocketAddress socketAddress)
   at System.Net.Sockets.Socket.Bind(EndPoint localEP)
   at Microsoft.AspNetCore.Server.Kestrel.Transport.Sockets.SocketConnectionListener.Bind()
   --- End of inner exception stack trace ---
   at Microsoft.AspNetCore.Server.Kestrel.Transport.Sockets.SocketConnectionListener.Bind()
   at Microsoft.AspNetCore.Server.Kestrel.Transport.Sockets.SocketTransportFactory.BindAsync(EndPoint endpoint, CancellationToken cancellationToken)
   at Microsoft.AspNetCore.Server.Kestrel.Core.KestrelServer.<>c__DisplayClass21_0`1.<<StartAsync>g__OnBind|0>d.MoveNext()
--- End of stack trace from previous location where exception was thrown ---
   at Microsoft.AspNetCore.Server.Kestrel.Core.Internal.AddressBinder.BindEndpointAsync(ListenOptions endpoint, AddressBindContext context)
   --- End of inner exception stack trace ---
   at Microsoft.AspNetCore.Server.Kestrel.Core.Internal.AddressBinder.BindEndpointAsync(ListenOptions endpoint, AddressBindContext context)
   at Microsoft.AspNetCore.Server.Kestrel.Core.LocalhostListenOptions.BindAsync(AddressBindContext context)
   at Microsoft.AspNetCore.Server.Kestrel.Core.Internal.AddressBinder.AddressesStrategy.BindAsync(AddressBindContext context)
   at Microsoft.AspNetCore.Server.Kestrel.Core.Internal.AddressBinder.BindAsync(IServerAddressesFeature addresses, KestrelServerOptions serverOptions, ILogger logger, Func`2 createBinding)
   at Microsoft.AspNetCore.Server.Kestrel.Core.KestrelServer.StartAsync[TContext](IHttpApplication`1 application, CancellationToken cancellationToken)


【日志时间】：2020-07-20 23:37:37,743  【线程ID】：9    
【日志级别】：WARN   
【日志对象】：Microsoft.AspNetCore.HttpsPolicy.HttpsRedirectionMiddleware  
【日志内容】：Failed to determine the https port for redirect. 


【日志时间】：2020-07-20 23:39:30,380  【线程ID】：12    
【日志级别】：INFO   
【日志对象】：System.Net.Http.HttpClient.Default.LogicalHandler  
【日志内容】：Start processing HTTP request POST http://localhost:56568/connect/token 


【日志时间】：2020-07-20 23:39:30,382  【线程ID】：12    
【日志级别】：INFO   
【日志对象】：System.Net.Http.HttpClient.Default.ClientHandler  
【日志内容】：Sending HTTP request POST http://localhost:56568/connect/token 


【日志时间】：2020-07-20 23:39:31,934  【线程ID】：11    
【日志级别】：INFO   
【日志对象】：System.Net.Http.HttpClient.Default.ClientHandler  
【日志内容】：Received HTTP response after 1549.6063ms - BadRequest 


【日志时间】：2020-07-20 23:39:31,936  【线程ID】：11    
【日志级别】：INFO   
【日志对象】：System.Net.Http.HttpClient.Default.LogicalHandler  
【日志内容】：End processing HTTP request after 1561.2943ms - BadRequest 
