

【日志时间】：2020-07-21 14:43:33,075  【线程ID】：10    
【日志级别】：WARN   
【日志对象】：Microsoft.AspNetCore.HttpsPolicy.HttpsRedirectionMiddleware  
【日志内容】：Failed to determine the https port for redirect. 


【日志时间】：2020-07-21 15:57:49,203  【线程ID】：10    
【日志级别】：WARN   
【日志对象】：Microsoft.AspNetCore.HttpsPolicy.HttpsRedirectionMiddleware  
【日志内容】：Failed to determine the https port for redirect. 


【日志时间】：2020-07-21 18:49:47,215  【线程ID】：10    
【日志级别】：WARN   
【日志对象】：Microsoft.AspNetCore.HttpsPolicy.HttpsRedirectionMiddleware  
【日志内容】：Failed to determine the https port for redirect. 


【日志时间】：2020-07-21 18:54:56,307  【线程ID】：12    
【日志级别】：ERROR  
【日志对象】：IdentityServer4.AccessTokenValidation.IdentityServerAuthenticationHandler  
【日志内容】：You must either set Authority or IntrospectionEndpoint 
System.InvalidOperationException: You must either set Authority or IntrospectionEndpoint
   at IdentityModel.AspNetCore.OAuth2Introspection.OAuth2IntrospectionOptions.Validate()
   at IdentityModel.AspNetCore.OAuth2Introspection.PostConfigureOAuth2IntrospectionOptions.PostConfigure(String name, OAuth2IntrospectionOptions options)
   at Microsoft.Extensions.Options.OptionsFactory`1.Create(String name)
   at Microsoft.Extensions.Options.OptionsMonitor`1.<>c__DisplayClass11_0.<Get>b__0()
   at System.Lazy`1.ViaFactory(LazyThreadSafetyMode mode)
   at System.Lazy`1.ExecutionAndPublication(LazyHelper executionAndPublication, Boolean useDefaultConstructor)
   at System.Lazy`1.CreateValue()
   at System.Lazy`1.get_Value()
   at Microsoft.Extensions.Options.OptionsCache`1.GetOrAdd(String name, Func`1 createOptions)
   at Microsoft.Extensions.Options.OptionsMonitor`1.Get(String name)
   at Microsoft.AspNetCore.Authentication.AuthenticationHandler`1.InitializeAsync(AuthenticationScheme scheme, HttpContext context)
   at Microsoft.AspNetCore.Authentication.AuthenticationHandlerProvider.GetHandlerAsync(HttpContext context, String authenticationScheme)
   at Microsoft.AspNetCore.Authentication.AuthenticationService.AuthenticateAsync(HttpContext context, String scheme)
   at IdentityServer4.AccessTokenValidation.IdentityServerAuthenticationHandler.HandleAuthenticateAsync()


【日志时间】：2020-07-21 18:54:56,322  【线程ID】：12    
【日志级别】：INFO   
【日志对象】：IdentityServer4.AccessTokenValidation.IdentityServerAuthenticationHandler  
【日志内容】：Bearer was not authenticated. Failure message: You must either set Authority or IntrospectionEndpoint 


【日志时间】：2020-07-21 18:54:57,740  【线程ID】：12    
【日志级别】：INFO   
【日志对象】：System.Net.Http.HttpClient.Default.LogicalHandler  
【日志内容】：Start processing HTTP request POST http://localhost:56568/connect/token 


【日志时间】：2020-07-21 18:54:57,743  【线程ID】：12    
【日志级别】：INFO   
【日志对象】：System.Net.Http.HttpClient.Default.ClientHandler  
【日志内容】：Sending HTTP request POST http://localhost:56568/connect/token 


【日志时间】：2020-07-21 18:54:58,213  【线程ID】：20    
【日志级别】：ERROR  
【日志对象】：IdentityServer4.AccessTokenValidation.IdentityServerAuthenticationHandler  
【日志内容】：You must either set Authority or IntrospectionEndpoint 
System.InvalidOperationException: You must either set Authority or IntrospectionEndpoint
   at IdentityModel.AspNetCore.OAuth2Introspection.OAuth2IntrospectionOptions.Validate()
   at IdentityModel.AspNetCore.OAuth2Introspection.PostConfigureOAuth2IntrospectionOptions.PostConfigure(String name, OAuth2IntrospectionOptions options)
   at Microsoft.Extensions.Options.OptionsFactory`1.Create(String name)
   at Microsoft.Extensions.Options.OptionsMonitor`1.<>c__DisplayClass11_0.<Get>b__0()
   at System.Lazy`1.ViaFactory(LazyThreadSafetyMode mode)
--- End of stack trace from previous location where exception was thrown ---
   at System.Lazy`1.CreateValue()
   at System.Lazy`1.get_Value()
   at Microsoft.Extensions.Options.OptionsCache`1.GetOrAdd(String name, Func`1 createOptions)
   at Microsoft.Extensions.Options.OptionsMonitor`1.Get(String name)
   at Microsoft.AspNetCore.Authentication.AuthenticationHandler`1.InitializeAsync(AuthenticationScheme scheme, HttpContext context)
   at Microsoft.AspNetCore.Authentication.AuthenticationHandlerProvider.GetHandlerAsync(HttpContext context, String authenticationScheme)
   at Microsoft.AspNetCore.Authentication.AuthenticationService.AuthenticateAsync(HttpContext context, String scheme)
   at IdentityServer4.AccessTokenValidation.IdentityServerAuthenticationHandler.HandleAuthenticateAsync()


【日志时间】：2020-07-21 18:54:58,216  【线程ID】：20    
【日志级别】：INFO   
【日志对象】：IdentityServer4.AccessTokenValidation.IdentityServerAuthenticationHandler  
【日志内容】：Bearer was not authenticated. Failure message: You must either set Authority or IntrospectionEndpoint 


【日志时间】：2020-07-21 18:54:58,222  【线程ID】：20    
【日志级别】：INFO   
【日志对象】：System.Net.Http.HttpClient.Default.LogicalHandler  
【日志内容】：Start processing HTTP request POST http://localhost:56568/connect/token 


【日志时间】：2020-07-21 18:54:58,224  【线程ID】：20    
【日志级别】：INFO   
【日志对象】：System.Net.Http.HttpClient.Default.ClientHandler  
【日志内容】：Sending HTTP request POST http://localhost:56568/connect/token 


【日志时间】：2020-07-21 18:54:58,638  【线程ID】：4    
【日志级别】：ERROR  
【日志对象】：IdentityServer4.AccessTokenValidation.IdentityServerAuthenticationHandler  
【日志内容】：You must either set Authority or IntrospectionEndpoint 
System.InvalidOperationException: You must either set Authority or IntrospectionEndpoint
   at IdentityModel.AspNetCore.OAuth2Introspection.OAuth2IntrospectionOptions.Validate()
   at IdentityModel.AspNetCore.OAuth2Introspection.PostConfigureOAuth2IntrospectionOptions.PostConfigure(String name, OAuth2IntrospectionOptions options)
   at Microsoft.Extensions.Options.OptionsFactory`1.Create(String name)
   at Microsoft.Extensions.Options.OptionsMonitor`1.<>c__DisplayClass11_0.<Get>b__0()
   at System.Lazy`1.ViaFactory(LazyThreadSafetyMode mode)
--- End of stack trace from previous location where exception was thrown ---
   at System.Lazy`1.CreateValue()
   at System.Lazy`1.get_Value()
   at Microsoft.Extensions.Options.OptionsCache`1.GetOrAdd(String name, Func`1 createOptions)
   at Microsoft.Extensions.Options.OptionsMonitor`1.Get(String name)
   at Microsoft.AspNetCore.Authentication.AuthenticationHandler`1.InitializeAsync(AuthenticationScheme scheme, HttpContext context)
   at Microsoft.AspNetCore.Authentication.AuthenticationHandlerProvider.GetHandlerAsync(HttpContext context, String authenticationScheme)
   at Microsoft.AspNetCore.Authentication.AuthenticationService.AuthenticateAsync(HttpContext context, String scheme)
   at IdentityServer4.AccessTokenValidation.IdentityServerAuthenticationHandler.HandleAuthenticateAsync()


【日志时间】：2020-07-21 18:54:58,641  【线程ID】：4    
【日志级别】：INFO   
【日志对象】：IdentityServer4.AccessTokenValidation.IdentityServerAuthenticationHandler  
【日志内容】：Bearer was not authenticated. Failure message: You must either set Authority or IntrospectionEndpoint 


【日志时间】：2020-07-21 18:54:58,644  【线程ID】：4    
【日志级别】：INFO   
【日志对象】：System.Net.Http.HttpClient.Default.LogicalHandler  
【日志内容】：Start processing HTTP request POST http://localhost:56568/connect/token 


【日志时间】：2020-07-21 18:54:58,646  【线程ID】：4    
【日志级别】：INFO   
【日志对象】：System.Net.Http.HttpClient.Default.ClientHandler  
【日志内容】：Sending HTTP request POST http://localhost:56568/connect/token 


【日志时间】：2020-07-21 18:54:58,821  【线程ID】：4    
【日志级别】：ERROR  
【日志对象】：IdentityServer4.AccessTokenValidation.IdentityServerAuthenticationHandler  
【日志内容】：You must either set Authority or IntrospectionEndpoint 
System.InvalidOperationException: You must either set Authority or IntrospectionEndpoint
   at IdentityModel.AspNetCore.OAuth2Introspection.OAuth2IntrospectionOptions.Validate()
   at IdentityModel.AspNetCore.OAuth2Introspection.PostConfigureOAuth2IntrospectionOptions.PostConfigure(String name, OAuth2IntrospectionOptions options)
   at Microsoft.Extensions.Options.OptionsFactory`1.Create(String name)
   at Microsoft.Extensions.Options.OptionsMonitor`1.<>c__DisplayClass11_0.<Get>b__0()
   at System.Lazy`1.ViaFactory(LazyThreadSafetyMode mode)
--- End of stack trace from previous location where exception was thrown ---
   at System.Lazy`1.CreateValue()
   at System.Lazy`1.get_Value()
   at Microsoft.Extensions.Options.OptionsCache`1.GetOrAdd(String name, Func`1 createOptions)
   at Microsoft.Extensions.Options.OptionsMonitor`1.Get(String name)
   at Microsoft.AspNetCore.Authentication.AuthenticationHandler`1.InitializeAsync(AuthenticationScheme scheme, HttpContext context)
   at Microsoft.AspNetCore.Authentication.AuthenticationHandlerProvider.GetHandlerAsync(HttpContext context, String authenticationScheme)
   at Microsoft.AspNetCore.Authentication.AuthenticationService.AuthenticateAsync(HttpContext context, String scheme)
   at IdentityServer4.AccessTokenValidation.IdentityServerAuthenticationHandler.HandleAuthenticateAsync()


【日志时间】：2020-07-21 18:54:58,825  【线程ID】：4    
【日志级别】：INFO   
【日志对象】：IdentityServer4.AccessTokenValidation.IdentityServerAuthenticationHandler  
【日志内容】：Bearer was not authenticated. Failure message: You must either set Authority or IntrospectionEndpoint 


【日志时间】：2020-07-21 18:54:58,828  【线程ID】：4    
【日志级别】：INFO   
【日志对象】：System.Net.Http.HttpClient.Default.LogicalHandler  
【日志内容】：Start processing HTTP request POST http://localhost:56568/connect/token 


【日志时间】：2020-07-21 18:54:58,831  【线程ID】：4    
【日志级别】：INFO   
【日志对象】：System.Net.Http.HttpClient.Default.ClientHandler  
【日志内容】：Sending HTTP request POST http://localhost:56568/connect/token 


【日志时间】：2020-07-21 18:54:58,995  【线程ID】：4    
【日志级别】：ERROR  
【日志对象】：IdentityServer4.AccessTokenValidation.IdentityServerAuthenticationHandler  
【日志内容】：You must either set Authority or IntrospectionEndpoint 
System.InvalidOperationException: You must either set Authority or IntrospectionEndpoint
   at IdentityModel.AspNetCore.OAuth2Introspection.OAuth2IntrospectionOptions.Validate()
   at IdentityModel.AspNetCore.OAuth2Introspection.PostConfigureOAuth2IntrospectionOptions.PostConfigure(String name, OAuth2IntrospectionOptions options)
   at Microsoft.Extensions.Options.OptionsFactory`1.Create(String name)
   at Microsoft.Extensions.Options.OptionsMonitor`1.<>c__DisplayClass11_0.<Get>b__0()
   at System.Lazy`1.ViaFactory(LazyThreadSafetyMode mode)
--- End of stack trace from previous location where exception was thrown ---
   at System.Lazy`1.CreateValue()
   at System.Lazy`1.get_Value()
   at Microsoft.Extensions.Options.OptionsCache`1.GetOrAdd(String name, Func`1 createOptions)
   at Microsoft.Extensions.Options.OptionsMonitor`1.Get(String name)
   at Microsoft.AspNetCore.Authentication.AuthenticationHandler`1.InitializeAsync(AuthenticationScheme scheme, HttpContext context)
   at Microsoft.AspNetCore.Authentication.AuthenticationHandlerProvider.GetHandlerAsync(HttpContext context, String authenticationScheme)
   at Microsoft.AspNetCore.Authentication.AuthenticationService.AuthenticateAsync(HttpContext context, String scheme)
   at IdentityServer4.AccessTokenValidation.IdentityServerAuthenticationHandler.HandleAuthenticateAsync()


【日志时间】：2020-07-21 18:54:58,998  【线程ID】：4    
【日志级别】：INFO   
【日志对象】：IdentityServer4.AccessTokenValidation.IdentityServerAuthenticationHandler  
【日志内容】：Bearer was not authenticated. Failure message: You must either set Authority or IntrospectionEndpoint 


【日志时间】：2020-07-21 18:54:59,002  【线程ID】：4    
【日志级别】：INFO   
【日志对象】：System.Net.Http.HttpClient.Default.LogicalHandler  
【日志内容】：Start processing HTTP request POST http://localhost:56568/connect/token 


【日志时间】：2020-07-21 18:54:59,003  【线程ID】：4    
【日志级别】：INFO   
【日志对象】：System.Net.Http.HttpClient.Default.ClientHandler  
【日志内容】：Sending HTTP request POST http://localhost:56568/connect/token 


【日志时间】：2020-07-21 18:54:59,211  【线程ID】：20    
【日志级别】：ERROR  
【日志对象】：IdentityServer4.AccessTokenValidation.IdentityServerAuthenticationHandler  
【日志内容】：You must either set Authority or IntrospectionEndpoint 
System.InvalidOperationException: You must either set Authority or IntrospectionEndpoint
   at IdentityModel.AspNetCore.OAuth2Introspection.OAuth2IntrospectionOptions.Validate()
   at IdentityModel.AspNetCore.OAuth2Introspection.PostConfigureOAuth2IntrospectionOptions.PostConfigure(String name, OAuth2IntrospectionOptions options)
   at Microsoft.Extensions.Options.OptionsFactory`1.Create(String name)
   at Microsoft.Extensions.Options.OptionsMonitor`1.<>c__DisplayClass11_0.<Get>b__0()
   at System.Lazy`1.ViaFactory(LazyThreadSafetyMode mode)
--- End of stack trace from previous location where exception was thrown ---
   at System.Lazy`1.CreateValue()
   at System.Lazy`1.get_Value()
   at Microsoft.Extensions.Options.OptionsCache`1.GetOrAdd(String name, Func`1 createOptions)
   at Microsoft.Extensions.Options.OptionsMonitor`1.Get(String name)
   at Microsoft.AspNetCore.Authentication.AuthenticationHandler`1.InitializeAsync(AuthenticationScheme scheme, HttpContext context)
   at Microsoft.AspNetCore.Authentication.AuthenticationHandlerProvider.GetHandlerAsync(HttpContext context, String authenticationScheme)
   at Microsoft.AspNetCore.Authentication.AuthenticationService.AuthenticateAsync(HttpContext context, String scheme)
   at IdentityServer4.AccessTokenValidation.IdentityServerAuthenticationHandler.HandleAuthenticateAsync()


【日志时间】：2020-07-21 18:54:59,216  【线程ID】：20    
【日志级别】：INFO   
【日志对象】：IdentityServer4.AccessTokenValidation.IdentityServerAuthenticationHandler  
【日志内容】：Bearer was not authenticated. Failure message: You must either set Authority or IntrospectionEndpoint 


【日志时间】：2020-07-21 18:54:59,220  【线程ID】：20    
【日志级别】：INFO   
【日志对象】：System.Net.Http.HttpClient.Default.LogicalHandler  
【日志内容】：Start processing HTTP request POST http://localhost:56568/connect/token 


【日志时间】：2020-07-21 18:54:59,222  【线程ID】：20    
【日志级别】：INFO   
【日志对象】：System.Net.Http.HttpClient.Default.ClientHandler  
【日志内容】：Sending HTTP request POST http://localhost:56568/connect/token 


【日志时间】：2020-07-21 18:55:02,295  【线程ID】：26    
【日志级别】：INFO   
【日志对象】：System.Net.Http.HttpClient.Default.ClientHandler  
【日志内容】：Received HTTP response after 3283.9178ms - BadRequest 


【日志时间】：2020-07-21 18:55:02,295  【线程ID】：24    
【日志级别】：INFO   
【日志对象】：System.Net.Http.HttpClient.Default.ClientHandler  
【日志内容】：Received HTTP response after 3064.9263ms - BadRequest 


【日志时间】：2020-07-21 18:55:02,295  【线程ID】：11    
【日志级别】：INFO   
【日志对象】：System.Net.Http.HttpClient.Default.ClientHandler  
【日志内容】：Received HTTP response after 4063.3058ms - BadRequest 


【日志时间】：2020-07-21 18:55:02,295  【线程ID】：13    
【日志级别】：INFO   
【日志对象】：System.Net.Http.HttpClient.Default.ClientHandler  
【日志内容】：Received HTTP response after 4544.6912ms - BadRequest 


【日志时间】：2020-07-21 18:55:02,295  【线程ID】：25    
【日志级别】：INFO   
【日志对象】：System.Net.Http.HttpClient.Default.ClientHandler  
【日志内容】：Received HTTP response after 3641.2568ms - BadRequest 


【日志时间】：2020-07-21 18:55:02,303  【线程ID】：26    
【日志级别】：INFO   
【日志对象】：System.Net.Http.HttpClient.Default.LogicalHandler  
【日志内容】：End processing HTTP request after 3301.007ms - BadRequest 


【日志时间】：2020-07-21 18:55:02,304  【线程ID】：11    
【日志级别】：INFO   
【日志对象】：System.Net.Http.HttpClient.Default.LogicalHandler  
【日志内容】：End processing HTTP request after 4082.3556ms - BadRequest 


【日志时间】：2020-07-21 18:55:02,306  【线程ID】：13    
【日志级别】：INFO   
【日志对象】：System.Net.Http.HttpClient.Default.LogicalHandler  
【日志内容】：End processing HTTP request after 4568.2158ms - BadRequest 


【日志时间】：2020-07-21 18:55:02,305  【线程ID】：24    
【日志级别】：INFO   
【日志对象】：System.Net.Http.HttpClient.Default.LogicalHandler  
【日志内容】：End processing HTTP request after 3082.7146ms - BadRequest 


【日志时间】：2020-07-21 18:55:02,295  【线程ID】：27    
【日志级别】：INFO   
【日志对象】：System.Net.Http.HttpClient.Default.ClientHandler  
【日志内容】：Received HTTP response after 3457.135ms - BadRequest 


【日志时间】：2020-07-21 18:55:02,307  【线程ID】：25    
【日志级别】：INFO   
【日志对象】：System.Net.Http.HttpClient.Default.LogicalHandler  
【日志内容】：End processing HTTP request after 3661.9149ms - BadRequest 


【日志时间】：2020-07-21 18:55:02,310  【线程ID】：27    
【日志级别】：INFO   
【日志对象】：System.Net.Http.HttpClient.Default.LogicalHandler  
【日志内容】：End processing HTTP request after 3482.2229ms - BadRequest 


【日志时间】：2020-07-21 18:55:17,427  【线程ID】：7    
【日志级别】：ERROR  
【日志对象】：IdentityServer4.AccessTokenValidation.IdentityServerAuthenticationHandler  
【日志内容】：You must either set Authority or IntrospectionEndpoint 
System.InvalidOperationException: You must either set Authority or IntrospectionEndpoint
   at IdentityModel.AspNetCore.OAuth2Introspection.OAuth2IntrospectionOptions.Validate()
   at IdentityModel.AspNetCore.OAuth2Introspection.PostConfigureOAuth2IntrospectionOptions.PostConfigure(String name, OAuth2IntrospectionOptions options)
   at Microsoft.Extensions.Options.OptionsFactory`1.Create(String name)
   at Microsoft.Extensions.Options.OptionsMonitor`1.<>c__DisplayClass11_0.<Get>b__0()
   at System.Lazy`1.ViaFactory(LazyThreadSafetyMode mode)
--- End of stack trace from previous location where exception was thrown ---
   at System.Lazy`1.CreateValue()
   at System.Lazy`1.get_Value()
   at Microsoft.Extensions.Options.OptionsCache`1.GetOrAdd(String name, Func`1 createOptions)
   at Microsoft.Extensions.Options.OptionsMonitor`1.Get(String name)
   at Microsoft.AspNetCore.Authentication.AuthenticationHandler`1.InitializeAsync(AuthenticationScheme scheme, HttpContext context)
   at Microsoft.AspNetCore.Authentication.AuthenticationHandlerProvider.GetHandlerAsync(HttpContext context, String authenticationScheme)
   at Microsoft.AspNetCore.Authentication.AuthenticationService.AuthenticateAsync(HttpContext context, String scheme)
   at IdentityServer4.AccessTokenValidation.IdentityServerAuthenticationHandler.HandleAuthenticateAsync()


【日志时间】：2020-07-21 18:55:17,430  【线程ID】：7    
【日志级别】：INFO   
【日志对象】：IdentityServer4.AccessTokenValidation.IdentityServerAuthenticationHandler  
【日志内容】：Bearer was not authenticated. Failure message: You must either set Authority or IntrospectionEndpoint 


【日志时间】：2020-07-21 18:55:17,435  【线程ID】：7    
【日志级别】：INFO   
【日志对象】：System.Net.Http.HttpClient.Default.LogicalHandler  
【日志内容】：Start processing HTTP request POST http://localhost:56568/connect/token 


【日志时间】：2020-07-21 18:55:17,438  【线程ID】：7    
【日志级别】：INFO   
【日志对象】：System.Net.Http.HttpClient.Default.ClientHandler  
【日志内容】：Sending HTTP request POST http://localhost:56568/connect/token 


【日志时间】：2020-07-21 18:55:17,491  【线程ID】：25    
【日志级别】：INFO   
【日志对象】：System.Net.Http.HttpClient.Default.ClientHandler  
【日志内容】：Received HTTP response after 52.5453ms - BadRequest 


【日志时间】：2020-07-21 18:55:17,493  【线程ID】：25    
【日志级别】：INFO   
【日志对象】：System.Net.Http.HttpClient.Default.LogicalHandler  
【日志内容】：End processing HTTP request after 58.6547ms - BadRequest 


【日志时间】：2020-07-21 18:55:38,397  【线程ID】：7    
【日志级别】：ERROR  
【日志对象】：IdentityServer4.AccessTokenValidation.IdentityServerAuthenticationHandler  
【日志内容】：You must either set Authority or IntrospectionEndpoint 
System.InvalidOperationException: You must either set Authority or IntrospectionEndpoint
   at IdentityModel.AspNetCore.OAuth2Introspection.OAuth2IntrospectionOptions.Validate()
   at IdentityModel.AspNetCore.OAuth2Introspection.PostConfigureOAuth2IntrospectionOptions.PostConfigure(String name, OAuth2IntrospectionOptions options)
   at Microsoft.Extensions.Options.OptionsFactory`1.Create(String name)
   at Microsoft.Extensions.Options.OptionsMonitor`1.<>c__DisplayClass11_0.<Get>b__0()
   at System.Lazy`1.ViaFactory(LazyThreadSafetyMode mode)
--- End of stack trace from previous location where exception was thrown ---
   at System.Lazy`1.CreateValue()
   at Microsoft.Extensions.Options.OptionsMonitor`1.Get(String name)
   at Microsoft.AspNetCore.Authentication.AuthenticationHandler`1.InitializeAsync(AuthenticationScheme scheme, HttpContext context)
   at Microsoft.AspNetCore.Authentication.AuthenticationHandlerProvider.GetHandlerAsync(HttpContext context, String authenticationScheme)
   at Microsoft.AspNetCore.Authentication.AuthenticationService.AuthenticateAsync(HttpContext context, String scheme)
   at IdentityServer4.AccessTokenValidation.IdentityServerAuthenticationHandler.HandleAuthenticateAsync()


【日志时间】：2020-07-21 18:55:38,402  【线程ID】：7    
【日志级别】：INFO   
【日志对象】：IdentityServer4.AccessTokenValidation.IdentityServerAuthenticationHandler  
【日志内容】：Bearer was not authenticated. Failure message: You must either set Authority or IntrospectionEndpoint 


【日志时间】：2020-07-21 18:55:38,405  【线程ID】：7    
【日志级别】：INFO   
【日志对象】：System.Net.Http.HttpClient.Default.LogicalHandler  
【日志内容】：Start processing HTTP request POST http://localhost:56568/connect/token 


【日志时间】：2020-07-21 18:55:38,408  【线程ID】：7    
【日志级别】：INFO   
【日志对象】：System.Net.Http.HttpClient.Default.ClientHandler  
【日志内容】：Sending HTTP request POST http://localhost:56568/connect/token 


【日志时间】：2020-07-21 18:55:38,421  【线程ID】：25    
【日志级别】：INFO   
【日志对象】：System.Net.Http.HttpClient.Default.ClientHandler  
【日志内容】：Received HTTP response after 13.366ms - BadRequest 


【日志时间】：2020-07-21 18:55:38,423  【线程ID】：25    
【日志级别】：INFO   
【日志对象】：System.Net.Http.HttpClient.Default.LogicalHandler  
【日志内容】：End processing HTTP request after 17.9773ms - BadRequest 


【日志时间】：2020-07-21 18:55:53,277  【线程ID】：4    
【日志级别】：ERROR  
【日志对象】：IdentityServer4.AccessTokenValidation.IdentityServerAuthenticationHandler  
【日志内容】：You must either set Authority or IntrospectionEndpoint 
System.InvalidOperationException: You must either set Authority or IntrospectionEndpoint
   at IdentityModel.AspNetCore.OAuth2Introspection.OAuth2IntrospectionOptions.Validate()
   at IdentityModel.AspNetCore.OAuth2Introspection.PostConfigureOAuth2IntrospectionOptions.PostConfigure(String name, OAuth2IntrospectionOptions options)
   at Microsoft.Extensions.Options.OptionsFactory`1.Create(String name)
   at Microsoft.Extensions.Options.OptionsMonitor`1.<>c__DisplayClass11_0.<Get>b__0()
   at System.Lazy`1.ViaFactory(LazyThreadSafetyMode mode)
--- End of stack trace from previous location where exception was thrown ---
   at System.Lazy`1.CreateValue()
   at Microsoft.Extensions.Options.OptionsMonitor`1.Get(String name)
   at Microsoft.AspNetCore.Authentication.AuthenticationHandler`1.InitializeAsync(AuthenticationScheme scheme, HttpContext context)
   at Microsoft.AspNetCore.Authentication.AuthenticationHandlerProvider.GetHandlerAsync(HttpContext context, String authenticationScheme)
   at Microsoft.AspNetCore.Authentication.AuthenticationService.AuthenticateAsync(HttpContext context, String scheme)
   at IdentityServer4.AccessTokenValidation.IdentityServerAuthenticationHandler.HandleAuthenticateAsync()


【日志时间】：2020-07-21 18:55:53,282  【线程ID】：4    
【日志级别】：INFO   
【日志对象】：IdentityServer4.AccessTokenValidation.IdentityServerAuthenticationHandler  
【日志内容】：Bearer was not authenticated. Failure message: You must either set Authority or IntrospectionEndpoint 


【日志时间】：2020-07-21 18:55:53,288  【线程ID】：4    
【日志级别】：INFO   
【日志对象】：System.Net.Http.HttpClient.Default.LogicalHandler  
【日志内容】：Start processing HTTP request POST http://localhost:56568/connect/token 


【日志时间】：2020-07-21 18:55:53,290  【线程ID】：4    
【日志级别】：INFO   
【日志对象】：System.Net.Http.HttpClient.Default.ClientHandler  
【日志内容】：Sending HTTP request POST http://localhost:56568/connect/token 


【日志时间】：2020-07-21 18:55:53,315  【线程ID】：25    
【日志级别】：INFO   
【日志对象】：System.Net.Http.HttpClient.Default.ClientHandler  
【日志内容】：Received HTTP response after 24.2895ms - BadRequest 


【日志时间】：2020-07-21 18:55:53,318  【线程ID】：25    
【日志级别】：INFO   
【日志对象】：System.Net.Http.HttpClient.Default.LogicalHandler  
【日志内容】：End processing HTTP request after 30.4328ms - BadRequest 


【日志时间】：2020-07-21 18:56:29,278  【线程ID】：33    
【日志级别】：ERROR  
【日志对象】：IdentityServer4.AccessTokenValidation.IdentityServerAuthenticationHandler  
【日志内容】：You must either set Authority or IntrospectionEndpoint 
System.InvalidOperationException: You must either set Authority or IntrospectionEndpoint
   at IdentityModel.AspNetCore.OAuth2Introspection.OAuth2IntrospectionOptions.Validate()
   at IdentityModel.AspNetCore.OAuth2Introspection.PostConfigureOAuth2IntrospectionOptions.PostConfigure(String name, OAuth2IntrospectionOptions options)
   at Microsoft.Extensions.Options.OptionsFactory`1.Create(String name)
   at Microsoft.Extensions.Options.OptionsMonitor`1.<>c__DisplayClass11_0.<Get>b__0()
   at System.Lazy`1.ViaFactory(LazyThreadSafetyMode mode)
--- End of stack trace from previous location where exception was thrown ---
   at System.Lazy`1.CreateValue()
   at Microsoft.Extensions.Options.OptionsMonitor`1.Get(String name)
   at Microsoft.AspNetCore.Authentication.AuthenticationHandler`1.InitializeAsync(AuthenticationScheme scheme, HttpContext context)
   at Microsoft.AspNetCore.Authentication.AuthenticationHandlerProvider.GetHandlerAsync(HttpContext context, String authenticationScheme)
   at Microsoft.AspNetCore.Authentication.AuthenticationService.AuthenticateAsync(HttpContext context, String scheme)
   at IdentityServer4.AccessTokenValidation.IdentityServerAuthenticationHandler.HandleAuthenticateAsync()


【日志时间】：2020-07-21 18:56:29,281  【线程ID】：33    
【日志级别】：INFO   
【日志对象】：IdentityServer4.AccessTokenValidation.IdentityServerAuthenticationHandler  
【日志内容】：Bearer was not authenticated. Failure message: You must either set Authority or IntrospectionEndpoint 


【日志时间】：2020-07-21 18:56:29,286  【线程ID】：33    
【日志级别】：INFO   
【日志对象】：System.Net.Http.HttpClient.Default.LogicalHandler  
【日志内容】：Start processing HTTP request POST http://localhost:56568/connect/token 


【日志时间】：2020-07-21 18:56:29,288  【线程ID】：33    
【日志级别】：INFO   
【日志对象】：System.Net.Http.HttpClient.Default.ClientHandler  
【日志内容】：Sending HTTP request POST http://localhost:56568/connect/token 


【日志时间】：2020-07-21 18:56:29,303  【线程ID】：25    
【日志级别】：INFO   
【日志对象】：System.Net.Http.HttpClient.Default.ClientHandler  
【日志内容】：Received HTTP response after 14.1522ms - BadRequest 


【日志时间】：2020-07-21 18:56:29,306  【线程ID】：25    
【日志级别】：INFO   
【日志对象】：System.Net.Http.HttpClient.Default.LogicalHandler  
【日志内容】：End processing HTTP request after 20.2211ms - BadRequest 


【日志时间】：2020-07-21 18:59:36,286  【线程ID】：48    
【日志级别】：ERROR  
【日志对象】：IdentityServer4.AccessTokenValidation.IdentityServerAuthenticationHandler  
【日志内容】：You must either set Authority or IntrospectionEndpoint 
System.InvalidOperationException: You must either set Authority or IntrospectionEndpoint
   at IdentityModel.AspNetCore.OAuth2Introspection.OAuth2IntrospectionOptions.Validate()
   at IdentityModel.AspNetCore.OAuth2Introspection.PostConfigureOAuth2IntrospectionOptions.PostConfigure(String name, OAuth2IntrospectionOptions options)
   at Microsoft.Extensions.Options.OptionsFactory`1.Create(String name)
   at Microsoft.Extensions.Options.OptionsMonitor`1.<>c__DisplayClass11_0.<Get>b__0()
   at System.Lazy`1.ViaFactory(LazyThreadSafetyMode mode)
--- End of stack trace from previous location where exception was thrown ---
   at System.Lazy`1.CreateValue()
   at Microsoft.Extensions.Options.OptionsMonitor`1.Get(String name)
   at Microsoft.AspNetCore.Authentication.AuthenticationHandler`1.InitializeAsync(AuthenticationScheme scheme, HttpContext context)
   at Microsoft.AspNetCore.Authentication.AuthenticationHandlerProvider.GetHandlerAsync(HttpContext context, String authenticationScheme)
   at Microsoft.AspNetCore.Authentication.AuthenticationService.AuthenticateAsync(HttpContext context, String scheme)
   at IdentityServer4.AccessTokenValidation.IdentityServerAuthenticationHandler.HandleAuthenticateAsync()


【日志时间】：2020-07-21 18:59:36,289  【线程ID】：48    
【日志级别】：INFO   
【日志对象】：IdentityServer4.AccessTokenValidation.IdentityServerAuthenticationHandler  
【日志内容】：Bearer was not authenticated. Failure message: You must either set Authority or IntrospectionEndpoint 


【日志时间】：2020-07-21 18:59:36,309  【线程ID】：48    
【日志级别】：INFO   
【日志对象】：System.Net.Http.HttpClient.Default.LogicalHandler  
【日志内容】：Start processing HTTP request POST http://localhost:56568/connect/token 


【日志时间】：2020-07-21 18:59:36,311  【线程ID】：48    
【日志级别】：INFO   
【日志对象】：System.Net.Http.HttpClient.Default.ClientHandler  
【日志内容】：Sending HTTP request POST http://localhost:56568/connect/token 


【日志时间】：2020-07-21 18:59:36,554  【线程ID】：19    
【日志级别】：INFO   
【日志对象】：System.Net.Http.HttpClient.Default.ClientHandler  
【日志内容】：Received HTTP response after 242.2646ms - OK 


【日志时间】：2020-07-21 18:59:36,556  【线程ID】：19    
【日志级别】：INFO   
【日志对象】：System.Net.Http.HttpClient.Default.LogicalHandler  
【日志内容】：End processing HTTP request after 261.4334ms - OK 


【日志时间】：2020-07-21 19:03:12,677  【线程ID】：14    
【日志级别】：WARN   
【日志对象】：Microsoft.AspNetCore.HttpsPolicy.HttpsRedirectionMiddleware  
【日志内容】：Failed to determine the https port for redirect. 


【日志时间】：2020-07-21 19:03:13,034  【线程ID】：4    
【日志级别】：ERROR  
【日志对象】：Microsoft.AspNetCore.Diagnostics.DeveloperExceptionPageMiddleware  
【日志内容】：An unhandled exception has occurred while executing the request. 
System.NotSupportedException: Ambiguous HTTP method for action - LinXi_ERPApi.Controllers.ProductionManagementController.GetAC (LinXi_ERPApi). Actions require an explicit HttpMethod binding for Swagger/OpenAPI 3.0
   at Swashbuckle.AspNetCore.SwaggerGen.SwaggerGenerator.GenerateOperations(IEnumerable`1 apiDescriptions, SchemaRepository schemaRepository)
   at Swashbuckle.AspNetCore.SwaggerGen.SwaggerGenerator.GeneratePaths(IEnumerable`1 apiDescriptions, SchemaRepository schemaRepository)
   at Swashbuckle.AspNetCore.SwaggerGen.SwaggerGenerator.GetSwagger(String documentName, String host, String basePath)
   at Swashbuckle.AspNetCore.Swagger.SwaggerMiddleware.Invoke(HttpContext httpContext, ISwaggerProvider swaggerProvider)
   at Microsoft.AspNetCore.Diagnostics.DeveloperExceptionPageMiddleware.Invoke(HttpContext context)


【日志时间】：2020-07-21 19:03:37,229  【线程ID】：4    
【日志级别】：WARN   
【日志对象】：Microsoft.AspNetCore.HttpsPolicy.HttpsRedirectionMiddleware  
【日志内容】：Failed to determine the https port for redirect. 


【日志时间】：2020-07-21 19:04:18,744  【线程ID】：4    
【日志级别】：WARN   
【日志对象】：Microsoft.AspNetCore.HttpsPolicy.HttpsRedirectionMiddleware  
【日志内容】：Failed to determine the https port for redirect. 


【日志时间】：2020-07-21 19:04:19,089  【线程ID】：15    
【日志级别】：ERROR  
【日志对象】：Microsoft.AspNetCore.Diagnostics.DeveloperExceptionPageMiddleware  
【日志内容】：An unhandled exception has occurred while executing the request. 
System.NotSupportedException: Ambiguous HTTP method for action - LinXi_ERPApi.Controllers.ProductionManagementController.GetAC (LinXi_ERPApi). Actions require an explicit HttpMethod binding for Swagger/OpenAPI 3.0
   at Swashbuckle.AspNetCore.SwaggerGen.SwaggerGenerator.GenerateOperations(IEnumerable`1 apiDescriptions, SchemaRepository schemaRepository)
   at Swashbuckle.AspNetCore.SwaggerGen.SwaggerGenerator.GeneratePaths(IEnumerable`1 apiDescriptions, SchemaRepository schemaRepository)
   at Swashbuckle.AspNetCore.SwaggerGen.SwaggerGenerator.GetSwagger(String documentName, String host, String basePath)
   at Swashbuckle.AspNetCore.Swagger.SwaggerMiddleware.Invoke(HttpContext httpContext, ISwaggerProvider swaggerProvider)
   at Microsoft.AspNetCore.Diagnostics.DeveloperExceptionPageMiddleware.Invoke(HttpContext context)


【日志时间】：2020-07-21 19:05:41,376  【线程ID】：15    
【日志级别】：WARN   
【日志对象】：Microsoft.AspNetCore.HttpsPolicy.HttpsRedirectionMiddleware  
【日志内容】：Failed to determine the https port for redirect. 


【日志时间】：2020-07-21 19:05:41,735  【线程ID】：15    
【日志级别】：ERROR  
【日志对象】：Microsoft.AspNetCore.Diagnostics.DeveloperExceptionPageMiddleware  
【日志内容】：An unhandled exception has occurred while executing the request. 
System.NotSupportedException: Ambiguous HTTP method for action - LinXi_ERPApi.Controllers.ProductionManagementController.GetPPT (LinXi_ERPApi). Actions require an explicit HttpMethod binding for Swagger/OpenAPI 3.0
   at Swashbuckle.AspNetCore.SwaggerGen.SwaggerGenerator.GenerateOperations(IEnumerable`1 apiDescriptions, SchemaRepository schemaRepository)
   at Swashbuckle.AspNetCore.SwaggerGen.SwaggerGenerator.GeneratePaths(IEnumerable`1 apiDescriptions, SchemaRepository schemaRepository)
   at Swashbuckle.AspNetCore.SwaggerGen.SwaggerGenerator.GetSwagger(String documentName, String host, String basePath)
   at Swashbuckle.AspNetCore.Swagger.SwaggerMiddleware.Invoke(HttpContext httpContext, ISwaggerProvider swaggerProvider)
   at Microsoft.AspNetCore.Diagnostics.DeveloperExceptionPageMiddleware.Invoke(HttpContext context)


【日志时间】：2020-07-21 19:06:55,446  【线程ID】：5    
【日志级别】：WARN   
【日志对象】：Microsoft.AspNetCore.HttpsPolicy.HttpsRedirectionMiddleware  
【日志内容】：Failed to determine the https port for redirect. 


【日志时间】：2020-07-21 19:06:55,815  【线程ID】：4    
【日志级别】：ERROR  
【日志对象】：Microsoft.AspNetCore.Diagnostics.DeveloperExceptionPageMiddleware  
【日志内容】：An unhandled exception has occurred while executing the request. 
System.NotSupportedException: Ambiguous HTTP method for action - LinXi_ERPApi.Controllers.ProductionManagementController.GetPPT (LinXi_ERPApi). Actions require an explicit HttpMethod binding for Swagger/OpenAPI 3.0
   at Swashbuckle.AspNetCore.SwaggerGen.SwaggerGenerator.GenerateOperations(IEnumerable`1 apiDescriptions, SchemaRepository schemaRepository)
   at Swashbuckle.AspNetCore.SwaggerGen.SwaggerGenerator.GeneratePaths(IEnumerable`1 apiDescriptions, SchemaRepository schemaRepository)
   at Swashbuckle.AspNetCore.SwaggerGen.SwaggerGenerator.GetSwagger(String documentName, String host, String basePath)
   at Swashbuckle.AspNetCore.Swagger.SwaggerMiddleware.Invoke(HttpContext httpContext, ISwaggerProvider swaggerProvider)
   at Microsoft.AspNetCore.Diagnostics.DeveloperExceptionPageMiddleware.Invoke(HttpContext context)


【日志时间】：2020-07-21 19:08:07,679  【线程ID】：15    
【日志级别】：WARN   
【日志对象】：Microsoft.AspNetCore.HttpsPolicy.HttpsRedirectionMiddleware  
【日志内容】：Failed to determine the https port for redirect. 


【日志时间】：2020-07-21 19:08:32,524  【线程ID】：10    
【日志级别】：INFO   
【日志对象】：IdentityServer4.AccessTokenValidation.IdentityServerAuthenticationHandler  
【日志内容】：AuthenticationScheme: Bearer was challenged. 


【日志时间】：2020-07-21 19:14:48,027  【线程ID】：8    
【日志级别】：WARN   
【日志对象】：Microsoft.AspNetCore.HttpsPolicy.HttpsRedirectionMiddleware  
【日志内容】：Failed to determine the https port for redirect. 


【日志时间】：2020-07-21 19:18:48,314  【线程ID】：12    
【日志级别】：WARN   
【日志对象】：Microsoft.AspNetCore.HttpsPolicy.HttpsRedirectionMiddleware  
【日志内容】：Failed to determine the https port for redirect. 


【日志时间】：2020-07-21 19:21:30,884  【线程ID】：17    
【日志级别】：ERROR  
【日志对象】：Microsoft.AspNetCore.Diagnostics.DeveloperExceptionPageMiddleware  
【日志内容】：An unhandled exception has occurred while executing the request. 
Autofac.Core.DependencyResolutionException: An exception was thrown while activating LinXi_ERPApi.Controllers.ProductionManagementController.
 ---> Autofac.Core.DependencyResolutionException: None of the constructors found with 'Autofac.Core.Activators.Reflection.DefaultConstructorFinder' on type 'LinXi_ERPApi.Controllers.ProductionManagementController' can be invoked with the available services and parameters:
Cannot resolve parameter 'LinXi_IService.IPrProductTaskService IPrProductTaskService' of constructor 'Void .ctor(Microsoft.Extensions.Logging.ILogger`1[LinXi_ERPApi.Controllers.ProductionManagementController], LinXi_IService.IPrProductTaskService, System.IServiceProvider, AutoMapper.IMapper, Microsoft.AspNetCore.Http.IHttpContextAccessor)'.
   at Autofac.Core.Activators.Reflection.ReflectionActivator.GetValidConstructorBindings(ConstructorInfo[] availableConstructors, IComponentContext context, IEnumerable`1 parameters)
   at Autofac.Core.Activators.Reflection.ReflectionActivator.ActivateInstance(IComponentContext context, IEnumerable`1 parameters)
   at Autofac.Core.Resolving.InstanceLookup.CreateInstance(IEnumerable`1 parameters)
   --- End of inner exception stack trace ---
   at Autofac.Core.Resolving.InstanceLookup.CreateInstance(IEnumerable`1 parameters)
   at Autofac.Core.Resolving.InstanceLookup.Execute()
   at Autofac.Core.Resolving.ResolveOperation.GetOrCreateInstance(ISharingLifetimeScope currentOperationScope, ResolveRequest request)
   at Autofac.Core.Resolving.ResolveOperation.ResolveComponent(ResolveRequest request)
   at Autofac.Core.Resolving.ResolveOperation.Execute(ResolveRequest request)
   at Autofac.Core.Lifetime.LifetimeScope.ResolveComponent(ResolveRequest request)
   at Autofac.ResolutionExtensions.TryResolveService(IComponentContext context, Service service, IEnumerable`1 parameters, Object& instance)
   at Autofac.ResolutionExtensions.ResolveService(IComponentContext context, Service service, IEnumerable`1 parameters)
   at Autofac.ResolutionExtensions.Resolve(IComponentContext context, Type serviceType, IEnumerable`1 parameters)
   at Autofac.ResolutionExtensions.Resolve(IComponentContext context, Type serviceType)
   at Autofac.Extensions.DependencyInjection.AutofacServiceProvider.GetRequiredService(Type serviceType)
   at Microsoft.Extensions.DependencyInjection.ServiceProviderServiceExtensions.GetRequiredService(IServiceProvider provider, Type serviceType)
   at Microsoft.AspNetCore.Mvc.Controllers.ServiceBasedControllerActivator.Create(ControllerContext actionContext)
   at Microsoft.AspNetCore.Mvc.Controllers.ControllerFactoryProvider.<>c__DisplayClass5_0.<CreateControllerFactory>g__CreateController|0(ControllerContext controllerContext)
   at Microsoft.AspNetCore.Mvc.Infrastructure.ControllerActionInvoker.Next(State& next, Scope& scope, Object& state, Boolean& isCompleted)
   at Microsoft.AspNetCore.Mvc.Infrastructure.ControllerActionInvoker.InvokeInnerFilterAsync()
--- End of stack trace from previous location where exception was thrown ---
   at Microsoft.AspNetCore.Mvc.Infrastructure.ResourceInvoker.<InvokeNextResourceFilter>g__Awaited|24_0(ResourceInvoker invoker, Task lastTask, State next, Scope scope, Object state, Boolean isCompleted)
   at Microsoft.AspNetCore.Mvc.Infrastructure.ResourceInvoker.Rethrow(ResourceExecutedContextSealed context)
   at Microsoft.AspNetCore.Mvc.Infrastructure.ResourceInvoker.Next(State& next, Scope& scope, Object& state, Boolean& isCompleted)
   at Microsoft.AspNetCore.Mvc.Infrastructure.ResourceInvoker.InvokeFilterPipelineAsync()
--- End of stack trace from previous location where exception was thrown ---
   at Microsoft.AspNetCore.Mvc.Infrastructure.ResourceInvoker.<InvokeAsync>g__Awaited|17_0(ResourceInvoker invoker, Task task, IDisposable scope)
   at Microsoft.AspNetCore.Routing.EndpointMiddleware.<Invoke>g__AwaitRequestTask|6_0(Endpoint endpoint, Task requestTask, ILogger logger)
   at Microsoft.AspNetCore.Authorization.AuthorizationMiddleware.Invoke(HttpContext context)
   at Microsoft.AspNetCore.Authentication.AuthenticationMiddleware.Invoke(HttpContext context)
   at Microsoft.AspNetCore.Session.SessionMiddleware.Invoke(HttpContext context)
   at Microsoft.AspNetCore.Session.SessionMiddleware.Invoke(HttpContext context)
   at Swashbuckle.AspNetCore.SwaggerUI.SwaggerUIMiddleware.Invoke(HttpContext httpContext)
   at Swashbuckle.AspNetCore.Swagger.SwaggerMiddleware.Invoke(HttpContext httpContext, ISwaggerProvider swaggerProvider)
   at Microsoft.AspNetCore.Diagnostics.DeveloperExceptionPageMiddleware.Invoke(HttpContext context)
